2018-06-12 09:53:52.809 [main] INFO  log_log - 8003057196 ÉÏÒ»´ÎÊÇ·ñÔ½½ç:false_µ±Ç°ÊÇ·ñÔ½½ç:true
2018-06-12 09:53:52.810 [main] INFO  log_log - _ÊÇ·ñÍÆËÍ£ºtrue
2018-06-12 09:53:52.812 [main] INFO  log_log - 8003057196 ÉÏÒ»´ÎÊÇ·ñÔ½½ç:true_µ±Ç°ÊÇ·ñÔ½½ç:true
2018-06-12 09:53:52.812 [main] INFO  log_log - _ÊÇ·ñÍÆËÍ£ºfalse
2018-06-12 09:53:52.812 [main] INFO  log_log - 8003057196 ÉÏÒ»´ÎÊÇ·ñÔ½½ç:true_µ±Ç°ÊÇ·ñÔ½½ç:false
2018-06-12 09:53:52.812 [main] INFO  log_log - _ÊÇ·ñÍÆËÍ£ºtrue
2018-06-12 09:53:52.812 [main] INFO  log_log - 8003057196 ÉÏÒ»´ÎÊÇ·ñÔ½½ç:false_µ±Ç°ÊÇ·ñÔ½½ç:false
2018-06-12 09:53:52.812 [main] INFO  log_log - _ÊÇ·ñÍÆËÍ£ºfalse
2018-06-12 09:53:52.812 [main] INFO  log_log - 8003057196 ÉÏÒ»´ÎÊÇ·ñÔ½½ç:false_µ±Ç°ÊÇ·ñÔ½½ç:false
2018-06-12 09:53:52.812 [main] INFO  log_log - _ÊÇ·ñÍÆËÍ£ºfalse
2018-06-12 09:53:52.812 [main] INFO  log_log - 8003057196 ÉÏÒ»´ÎÊÇ·ñÔ½½ç:false_µ±Ç°ÊÇ·ñÔ½½ç:true
2018-06-12 09:53:52.812 [main] INFO  log_log - _ÊÇ·ñÍÆËÍ£ºtrue
2018-06-12 09:53:52.812 [main] INFO  log_log - 8003057196 ÉÏÒ»´ÎÊÇ·ñÔ½½ç:true_µ±Ç°ÊÇ·ñÔ½½ç:true
2018-06-12 09:53:52.812 [main] INFO  log_log - _ÊÇ·ñÍÆËÍ£ºfalse
2018-06-12 09:53:52.812 [main] INFO  log_log - 8003057196 ÉÏÒ»´ÎÊÇ·ñÔ½½ç:true_µ±Ç°ÊÇ·ñÔ½½ç:true
2018-06-12 09:53:52.812 [main] INFO  log_log - _ÊÇ·ñÍÆËÍ£ºfalse
2018-06-12 09:53:52.812 [main] INFO  log_log - 8003057196 ÉÏÒ»´ÎÊÇ·ñÔ½½ç:true_µ±Ç°ÊÇ·ñÔ½½ç:true
2018-06-12 09:53:52.812 [main] INFO  log_log - _ÊÇ·ñÍÆËÍ£ºfalse
2018-06-12 09:53:52.812 [main] INFO  log_log - 8003057196 ÉÏÒ»´ÎÊÇ·ñÔ½½ç:true_µ±Ç°ÊÇ·ñÔ½½ç:true
2018-06-12 09:53:52.812 [main] INFO  log_log - _ÊÇ·ñÍÆËÍ£ºfalse
2018-06-12 10:58:26.773 [main] INFO  log_log - 8003057196 ä¸Šä¸€æ¬¡æ˜¯å¦è¶Šç•Œ:false_å½“å‰æ˜¯å¦è¶Šç•Œ:true
2018-06-12 10:58:26.791 [main] INFO  log_log - _æ˜¯å¦æ¨é€ï¼štrue
2018-06-12 10:58:26.792 [main] INFO  log_log - 8003057196 ä¸Šä¸€æ¬¡æ˜¯å¦è¶Šç•Œ:true_å½“å‰æ˜¯å¦è¶Šç•Œ:true
2018-06-12 10:58:26.792 [main] INFO  log_log - _æ˜¯å¦æ¨é€ï¼šfalse
2018-06-12 10:58:26.792 [main] INFO  log_log - 8003057196 ä¸Šä¸€æ¬¡æ˜¯å¦è¶Šç•Œ:true_å½“å‰æ˜¯å¦è¶Šç•Œ:false
2018-06-12 10:58:26.793 [main] INFO  log_log - _æ˜¯å¦æ¨é€ï¼štrue
2018-06-12 10:58:26.793 [main] INFO  log_log - 8003057196 ä¸Šä¸€æ¬¡æ˜¯å¦è¶Šç•Œ:false_å½“å‰æ˜¯å¦è¶Šç•Œ:false
2018-06-12 10:58:26.793 [main] INFO  log_log - _æ˜¯å¦æ¨é€ï¼šfalse
2018-06-12 10:58:26.793 [main] INFO  log_log - 8003057196 ä¸Šä¸€æ¬¡æ˜¯å¦è¶Šç•Œ:false_å½“å‰æ˜¯å¦è¶Šç•Œ:false
2018-06-12 10:58:26.793 [main] INFO  log_log - _æ˜¯å¦æ¨é€ï¼šfalse
2018-06-12 10:58:26.793 [main] INFO  log_log - 8003057196 ä¸Šä¸€æ¬¡æ˜¯å¦è¶Šç•Œ:false_å½“å‰æ˜¯å¦è¶Šç•Œ:true
2018-06-12 10:58:26.793 [main] INFO  log_log - _æ˜¯å¦æ¨é€ï¼štrue
2018-06-12 10:58:26.793 [main] INFO  log_log - 8003057196 ä¸Šä¸€æ¬¡æ˜¯å¦è¶Šç•Œ:true_å½“å‰æ˜¯å¦è¶Šç•Œ:true
2018-06-12 10:58:26.793 [main] INFO  log_log - _æ˜¯å¦æ¨é€ï¼šfalse
2018-06-12 10:58:26.793 [main] INFO  log_log - 8003057196 ä¸Šä¸€æ¬¡æ˜¯å¦è¶Šç•Œ:true_å½“å‰æ˜¯å¦è¶Šç•Œ:true
2018-06-12 10:58:26.793 [main] INFO  log_log - _æ˜¯å¦æ¨é€ï¼šfalse
2018-06-12 10:58:26.793 [main] INFO  log_log - 8003057196 ä¸Šä¸€æ¬¡æ˜¯å¦è¶Šç•Œ:true_å½“å‰æ˜¯å¦è¶Šç•Œ:true
2018-06-12 10:58:26.793 [main] INFO  log_log - _æ˜¯å¦æ¨é€ï¼šfalse
2018-06-12 10:58:26.794 [main] INFO  log_log - 8003057196 ä¸Šä¸€æ¬¡æ˜¯å¦è¶Šç•Œ:true_å½“å‰æ˜¯å¦è¶Šç•Œ:true
2018-06-12 10:58:26.794 [main] INFO  log_log - _æ˜¯å¦æ¨é€ï¼šfalse
2018-06-12 11:06:24.796 [main] INFO  log_log - 8003057196 ä¸Šä¸€æ¬¡æ˜¯å¦è¶Šç•Œ:false_å½“å‰æ˜¯å¦è¶Šç•Œ:true
2018-06-12 11:06:24.796 [main] INFO  log_log - _æ˜¯å¦æ¨é€ï¼štrue
2018-06-12 11:06:24.797 [main] INFO  log_log - 8003057196 ä¸Šä¸€æ¬¡æ˜¯å¦è¶Šç•Œ:true_å½“å‰æ˜¯å¦è¶Šç•Œ:true
2018-06-12 11:06:24.797 [main] INFO  log_log - _æ˜¯å¦æ¨é€ï¼šfalse
2018-06-12 11:06:24.797 [main] INFO  log_log - 8003057196 ä¸Šä¸€æ¬¡æ˜¯å¦è¶Šç•Œ:true_å½“å‰æ˜¯å¦è¶Šç•Œ:false
2018-06-12 11:06:24.797 [main] INFO  log_log - _æ˜¯å¦æ¨é€ï¼štrue
2018-06-12 11:06:24.797 [main] INFO  log_log - 8003057196 ä¸Šä¸€æ¬¡æ˜¯å¦è¶Šç•Œ:false_å½“å‰æ˜¯å¦è¶Šç•Œ:false
2018-06-12 11:06:24.797 [main] INFO  log_log - _æ˜¯å¦æ¨é€ï¼šfalse
2018-06-12 11:06:24.797 [main] INFO  log_log - 8003057196 ä¸Šä¸€æ¬¡æ˜¯å¦è¶Šç•Œ:false_å½“å‰æ˜¯å¦è¶Šç•Œ:false
2018-06-12 11:06:24.797 [main] INFO  log_log - _æ˜¯å¦æ¨é€ï¼šfalse
2018-06-12 11:06:24.797 [main] INFO  log_log - 8003057196 ä¸Šä¸€æ¬¡æ˜¯å¦è¶Šç•Œ:false_å½“å‰æ˜¯å¦è¶Šç•Œ:true
2018-06-12 11:06:24.797 [main] INFO  log_log - _æ˜¯å¦æ¨é€ï¼štrue
2018-06-12 11:06:24.797 [main] INFO  log_log - 8003057196 ä¸Šä¸€æ¬¡æ˜¯å¦è¶Šç•Œ:true_å½“å‰æ˜¯å¦è¶Šç•Œ:true
2018-06-12 11:06:24.797 [main] INFO  log_log - _æ˜¯å¦æ¨é€ï¼šfalse
2018-06-12 11:06:24.797 [main] INFO  log_log - 8003057196 ä¸Šä¸€æ¬¡æ˜¯å¦è¶Šç•Œ:true_å½“å‰æ˜¯å¦è¶Šç•Œ:true
2018-06-12 11:06:24.797 [main] INFO  log_log - _æ˜¯å¦æ¨é€ï¼šfalse
2018-06-12 11:06:24.798 [main] INFO  log_log - 8003057196 ä¸Šä¸€æ¬¡æ˜¯å¦è¶Šç•Œ:true_å½“å‰æ˜¯å¦è¶Šç•Œ:true
2018-06-12 11:06:24.798 [main] INFO  log_log - _æ˜¯å¦æ¨é€ï¼šfalse
2018-06-12 11:06:24.798 [main] INFO  log_log - 8003057196 ä¸Šä¸€æ¬¡æ˜¯å¦è¶Šç•Œ:true_å½“å‰æ˜¯å¦è¶Šç•Œ:true
2018-06-12 11:06:24.798 [main] INFO  log_log - _æ˜¯å¦æ¨é€ï¼šfalse
2018-06-12 11:06:48.198 [main] INFO  log_log - 8003057196 ä¸Šä¸€æ¬¡æ˜¯å¦è¶Šç•Œ:false_å½“å‰æ˜¯å¦è¶Šç•Œ:true
2018-06-12 11:06:48.198 [main] INFO  log_log - _æ˜¯å¦æ¨é€ï¼štrue
2018-06-12 11:06:48.199 [main] INFO  log_log - 8003057196 ä¸Šä¸€æ¬¡æ˜¯å¦è¶Šç•Œ:true_å½“å‰æ˜¯å¦è¶Šç•Œ:true
2018-06-12 11:06:48.200 [main] INFO  log_log - _æ˜¯å¦æ¨é€ï¼šfalse
2018-06-12 11:06:48.200 [main] INFO  log_log - 8003057196 ä¸Šä¸€æ¬¡æ˜¯å¦è¶Šç•Œ:true_å½“å‰æ˜¯å¦è¶Šç•Œ:false
2018-06-12 11:06:48.200 [main] INFO  log_log - _æ˜¯å¦æ¨é€ï¼šfalse
2018-06-12 11:06:48.200 [main] INFO  log_log - 8003057196 ä¸Šä¸€æ¬¡æ˜¯å¦è¶Šç•Œ:false_å½“å‰æ˜¯å¦è¶Šç•Œ:false
2018-06-12 11:06:48.200 [main] INFO  log_log - _æ˜¯å¦æ¨é€ï¼šfalse
2018-06-12 11:06:48.200 [main] INFO  log_log - 8003057196 ä¸Šä¸€æ¬¡æ˜¯å¦è¶Šç•Œ:false_å½“å‰æ˜¯å¦è¶Šç•Œ:false
2018-06-12 11:06:48.200 [main] INFO  log_log - _æ˜¯å¦æ¨é€ï¼šfalse
2018-06-12 11:06:48.200 [main] INFO  log_log - 8003057196 ä¸Šä¸€æ¬¡æ˜¯å¦è¶Šç•Œ:false_å½“å‰æ˜¯å¦è¶Šç•Œ:true
2018-06-12 11:06:48.200 [main] INFO  log_log - _æ˜¯å¦æ¨é€ï¼štrue
2018-06-12 11:06:48.200 [main] INFO  log_log - 8003057196 ä¸Šä¸€æ¬¡æ˜¯å¦è¶Šç•Œ:true_å½“å‰æ˜¯å¦è¶Šç•Œ:true
2018-06-12 11:06:48.200 [main] INFO  log_log - _æ˜¯å¦æ¨é€ï¼šfalse
2018-06-12 11:06:48.200 [main] INFO  log_log - 8003057196 ä¸Šä¸€æ¬¡æ˜¯å¦è¶Šç•Œ:true_å½“å‰æ˜¯å¦è¶Šç•Œ:true
2018-06-12 11:06:48.200 [main] INFO  log_log - _æ˜¯å¦æ¨é€ï¼šfalse
2018-06-12 11:06:48.200 [main] INFO  log_log - 8003057196 ä¸Šä¸€æ¬¡æ˜¯å¦è¶Šç•Œ:true_å½“å‰æ˜¯å¦è¶Šç•Œ:true
2018-06-12 11:06:48.200 [main] INFO  log_log - _æ˜¯å¦æ¨é€ï¼šfalse
2018-06-12 11:06:48.200 [main] INFO  log_log - 8003057196 ä¸Šä¸€æ¬¡æ˜¯å¦è¶Šç•Œ:true_å½“å‰æ˜¯å¦è¶Šç•Œ:true
2018-06-12 11:06:48.200 [main] INFO  log_log - _æ˜¯å¦æ¨é€ï¼šfalse
