2018-07-03 10:59:07.612 [main] INFO  log_log - ----------ResourceApplication Main----------
2018-07-03 11:03:22.624 [main] INFO  log_log - ----------PushTest----------
2018-07-03 11:03:25.636 [main] INFO  log_log - 发送请求-----------------------------------------
2018-07-03 11:04:47.907 [main] INFO  log_log - ----------PushTest----------
2018-07-03 11:04:47.917 [main] INFO  log_log - 发送请求-----------------------------------------
2018-07-03 11:05:07.601 [main] INFO  log_log - ----------PushTest----------
2018-07-03 11:05:10.447 [main] INFO  log_log - 发送请求-----------------------------------------
2018-07-03 11:14:57.001 [main] INFO  log_log - ----------PushTest----------
2018-07-03 11:14:57.011 [main] INFO  log_log - 发送请求-----------------------------------------
2018-07-03 11:15:34.375 [main] INFO  log_log - ----------PushTest----------
2018-07-03 11:16:00.751 [main] INFO  log_log - ----------PushTest----------
2018-07-03 11:16:03.747 [main] INFO  log_log - 发送请求-----------------------------------------
2018-07-03 11:16:04.655 [main] INFO  log_log - Content-Type: text/plain;charset=ISO-8859-1
2018-07-03 11:16:04.656 [main] INFO  log_log - Content-Length: 198
2018-07-03 11:16:04.657 [main] INFO  log_log - Date: Tue, 03 Jul 2018 03:13:35 GMT
2018-07-03 11:16:04.657 [main] INFO  log_log - transferURL result: {"code":0,"data":[{"newfilepath":"/data/AndriodAPK/1525246425.apk","orgfilename":"1525246425.apk","url":"http://218.17.161.66:10230/image/AndriodAPK/1525246425.apk","urlThumbnail":null}],"msg":null}
2018-07-03 11:20:11.318 [main] INFO  log_log - ----------PushTest----------
2018-07-03 11:20:11.328 [main] INFO  log_log - 发送请求-----------------------------------------
2018-07-03 11:28:53.260 [main] INFO  log_log - ----------PushTest----------
2018-07-03 11:28:54.786 [main] INFO  log_log - 发送请求-----------------------------------------
2018-07-03 11:30:39.462 [main] INFO  log_log - ----------PushTest----------
2018-07-03 11:30:56.520 [main] INFO  log_log - 发送请求-----------------------------------------
2018-07-03 11:39:50.537 [main] INFO  log_log - ----------PushTest----------
2018-07-03 11:39:52.817 [main] INFO  log_log - 发送请求-----------------------------------------
2018-07-03 11:40:54.602 [main] INFO  log_log - ----------PushTest----------
2018-07-03 11:40:54.612 [main] INFO  log_log - 发送请求-----------------------------------------
2018-07-03 11:50:40.510 [main] INFO  log_log - ----------PushTest----------
2018-07-03 11:50:40.523 [main] INFO  log_log - 发送请求-----------------------------------------
2018-07-03 11:50:41.865 [main] INFO  log_log - Content-Type: text/plain;charset=ISO-8859-1
2018-07-03 11:50:41.869 [main] INFO  log_log - Content-Length: 198
2018-07-03 11:50:41.869 [main] INFO  log_log - Date: Tue, 03 Jul 2018 03:48:12 GMT
2018-07-03 11:50:41.869 [main] INFO  log_log - transferURL result: {"code":0,"data":[{"newfilepath":"/data/AndriodAPK/1525246425.apk","orgfilename":"1525246425.apk","url":"http://218.17.161.66:10230/image/AndriodAPK/1525246425.apk","urlThumbnail":null}],"msg":null}
2018-07-03 12:02:54.501 [main] INFO  log_log - ----------PushTest----------
2018-07-03 12:02:54.514 [main] INFO  log_log - 发送请求-----------------------------------------
2018-07-03 12:03:27.511 [main] INFO  log_log - ----------PushTest----------
2018-07-03 12:03:27.524 [main] INFO  log_log - 发送请求-----------------------------------------
2018-07-03 14:13:52.407 [main] INFO  log_log - ----------ResourceApplication Main----------
2018-07-03 14:19:49.013 [main] INFO  log_log - ----------PushTest----------
2018-07-03 14:20:03.256 [main] INFO  log_log - ----------PushTest----------
2018-07-03 14:20:03.266 [main] INFO  log_log - 发送请求-----------------------------------------
2018-07-03 14:20:13.422 [main] INFO  log_log - Content-Type: text/plain;charset=ISO-8859-1
2018-07-03 14:20:13.423 [main] INFO  log_log - Content-Length: 416
2018-07-03 14:20:13.423 [main] INFO  log_log - Date: Tue, 03 Jul 2018 06:20:13 GMT
2018-07-03 14:20:13.423 [main] INFO  log_log - transferURL result: {"code":1,"msg":"failed","exception":"[My Exception]\nhttp://172.18.11.168:7600/upload/\norg.springframework.web.multipart.MaxUploadSizeExceededException\nMaximum upload size exceeded; nested exception is java.lang.IllegalStateException: org.apache.tomcat.util.http.fileupload.FileUploadBase$SizeLimitExceededException: the request was rejected because its size (10486088) exceeds the configured maximum (10485760)"}
2018-07-03 14:20:53.927 [main] INFO  log_log - ----------ResourceApplication Main----------
2018-07-03 14:21:15.731 [main] INFO  log_log - ----------PushTest----------
2018-07-03 14:21:15.741 [main] INFO  log_log - 发送请求-----------------------------------------
2018-07-03 14:21:19.532 [main] INFO  log_log - Content-Type: text/plain;charset=ISO-8859-1
2018-07-03 14:21:19.533 [main] INFO  log_log - Content-Length: 416
2018-07-03 14:21:19.533 [main] INFO  log_log - Date: Tue, 03 Jul 2018 06:21:19 GMT
2018-07-03 14:21:19.533 [main] INFO  log_log - transferURL result: {"code":1,"msg":"failed","exception":"[My Exception]\nhttp://172.18.11.168:7600/upload/\norg.springframework.web.multipart.MaxUploadSizeExceededException\nMaximum upload size exceeded; nested exception is java.lang.IllegalStateException: org.apache.tomcat.util.http.fileupload.FileUploadBase$SizeLimitExceededException: the request was rejected because its size (10486078) exceeds the configured maximum (10485760)"}
2018-07-03 14:21:51.243 [main] INFO  log_log - ----------PushTest----------
2018-07-03 14:21:51.254 [main] INFO  log_log - 发送请求-----------------------------------------
2018-07-03 14:21:57.834 [main] INFO  log_log - Content-Type: text/plain;charset=ISO-8859-1
2018-07-03 14:21:57.835 [main] INFO  log_log - Content-Length: 416
2018-07-03 14:21:57.835 [main] INFO  log_log - Date: Tue, 03 Jul 2018 06:21:54 GMT
2018-07-03 14:21:57.835 [main] INFO  log_log - transferURL result: {"code":1,"msg":"failed","exception":"[My Exception]\nhttp://172.18.11.168:7600/upload/\norg.springframework.web.multipart.MaxUploadSizeExceededException\nMaximum upload size exceeded; nested exception is java.lang.IllegalStateException: org.apache.tomcat.util.http.fileupload.FileUploadBase$SizeLimitExceededException: the request was rejected because its size (10486078) exceeds the configured maximum (10485760)"}
2018-07-03 14:23:20.125 [main] INFO  log_log - ----------PushTest----------
2018-07-03 14:23:20.135 [main] INFO  log_log - 发送请求-----------------------------------------
2018-07-03 14:23:27.766 [main] INFO  log_log - Content-Type: text/plain;charset=ISO-8859-1
2018-07-03 14:23:27.768 [main] INFO  log_log - Content-Length: 416
2018-07-03 14:23:27.768 [main] INFO  log_log - Date: Tue, 03 Jul 2018 06:23:26 GMT
2018-07-03 14:23:27.768 [main] INFO  log_log - transferURL result: {"code":1,"msg":"failed","exception":"[My Exception]\nhttp://172.18.11.168:7600/upload/\norg.springframework.web.multipart.MaxUploadSizeExceededException\nMaximum upload size exceeded; nested exception is java.lang.IllegalStateException: org.apache.tomcat.util.http.fileupload.FileUploadBase$SizeLimitExceededException: the request was rejected because its size (10486080) exceeds the configured maximum (10485760)"}
2018-07-03 14:31:16.094 [main] INFO  log_log - ----------ResourceApplication Main----------
2018-07-03 14:31:40.253 [main] INFO  log_log - ----------PushTest----------
2018-07-03 14:31:40.263 [main] INFO  log_log - 发送请求-----------------------------------------
2018-07-03 14:35:01.425 [main] INFO  log_log - ----------PushTest----------
2018-07-03 14:35:01.435 [main] INFO  log_log - 发送请求-----------------------------------------
2018-07-03 14:35:02.483 [main] INFO  log_log - Content-Type: text/plain;charset=ISO-8859-1
2018-07-03 14:35:02.484 [main] INFO  log_log - Content-Length: 401
2018-07-03 14:35:02.484 [main] INFO  log_log - Date: Tue, 03 Jul 2018 06:35:02 GMT
2018-07-03 14:35:02.484 [main] INFO  log_log - transferURL result: {"code":1,"msg":"failed","exception":"[My Exception]\nhttp://172.18.11.168:7600/upload/\norg.springframework.web.multipart.MaxUploadSizeExceededException\nMaximum upload size exceeded; nested exception is java.lang.IllegalStateException: org.apache.tomcat.util.http.fileupload.FileUploadBase$FileSizeLimitExceededException: The field WebApi2d.apk exceeds its maximum permitted size of 1048576 bytes."}
2018-07-03 14:37:32.114 [main] INFO  log_log - ----------ResourceApplication Main----------
2018-07-03 14:37:49.697 [main] INFO  log_log - ----------PushTest----------
2018-07-03 14:37:53.060 [main] INFO  log_log - 发送请求-----------------------------------------
2018-07-03 14:38:02.829 [main] INFO  log_log - Content-Type: text/plain;charset=ISO-8859-1
2018-07-03 14:38:02.830 [main] INFO  log_log - Content-Length: 195
2018-07-03 14:38:02.830 [main] INFO  log_log - Date: Tue, 03 Jul 2018 06:38:02 GMT
2018-07-03 14:38:02.831 [main] INFO  log_log - transferURL result: {"code":0,"data":[{"newfilepath":"F:/data\\AndriodAPK\\WebApi2d.apk","orgfilename":"WebApi2d.apk","url":"http://218.17.161.66:7600/image/AndriodAPK/WebApi2d.apk","urlThumbnail":null}],"msg":null}
2018-07-03 14:40:05.826 [main] INFO  log_log - ----------ResourceApplication Main----------
2018-07-03 14:40:24.531 [main] INFO  log_log - ----------PushTest----------
2018-07-03 14:40:24.541 [main] INFO  log_log - 发送请求-----------------------------------------
2018-07-03 14:40:27.373 [main] INFO  log_log - Content-Type: text/plain;charset=ISO-8859-1
2018-07-03 14:40:27.376 [main] INFO  log_log - Content-Length: 195
2018-07-03 14:40:27.376 [main] INFO  log_log - Date: Tue, 03 Jul 2018 06:40:27 GMT
2018-07-03 14:40:27.376 [main] INFO  log_log - transferURL result: {"code":0,"data":[{"newfilepath":"F:/data\\AndriodAPK\\WebApi2d.apk","orgfilename":"WebApi2d.apk","url":"http://218.17.161.66:7600/image/AndriodAPK/WebApi2d.apk","urlThumbnail":null}],"msg":null}
2018-07-03 14:41:36.755 [main] INFO  log_log - ----------ResourceApplication Main----------
2018-07-03 14:41:51.764 [main] INFO  log_log - ----------PushTest----------
2018-07-03 14:41:51.774 [main] INFO  log_log - 发送请求-----------------------------------------
2018-07-03 14:41:53.452 [main] INFO  log_log - Content-Type: text/plain;charset=ISO-8859-1
2018-07-03 14:41:53.454 [main] INFO  log_log - Content-Length: 195
2018-07-03 14:41:53.454 [main] INFO  log_log - Date: Tue, 03 Jul 2018 06:41:53 GMT
2018-07-03 14:41:53.454 [main] INFO  log_log - transferURL result: {"code":0,"data":[{"newfilepath":"F:/data\\AndriodAPK\\WebApi2d.apk","orgfilename":"WebApi2d.apk","url":"http://218.17.161.66:7600/image/AndriodAPK/WebApi2d.apk","urlThumbnail":null}],"msg":null}
2018-07-03 14:44:38.124 [main] INFO  log_log - ----------PushTest----------
2018-07-03 14:44:53.014 [main] INFO  log_log - ----------PushTest----------
2018-07-03 14:44:53.023 [main] INFO  log_log - 发送请求-----------------------------------------
2018-07-03 14:44:56.833 [main] INFO  log_log - Content-Type: text/plain;charset=ISO-8859-1
2018-07-03 14:44:56.835 [main] INFO  log_log - Content-Length: 195
2018-07-03 14:44:56.835 [main] INFO  log_log - Date: Tue, 03 Jul 2018 06:44:56 GMT
2018-07-03 14:44:56.835 [main] INFO  log_log - transferURL result: {"code":0,"data":[{"newfilepath":"F:/data\\AndriodAPK\\WebApi2d.apk","orgfilename":"WebApi2d.apk","url":"http://218.17.161.66:7600/image/AndriodAPK/WebApi2d.apk","urlThumbnail":null}],"msg":null}
2018-07-03 14:45:31.146 [main] INFO  log_log - ----------ResourceApplication Main----------
2018-07-03 14:45:46.451 [main] INFO  log_log - ----------PushTest----------
2018-07-03 14:45:46.461 [main] INFO  log_log - 发送请求-----------------------------------------
2018-07-03 14:45:56.198 [main] INFO  log_log - ----------PushTest----------
2018-07-03 14:45:56.207 [main] INFO  log_log - 发送请求-----------------------------------------
2018-07-03 14:46:26.309 [main] INFO  log_log - ----------ResourceApplication Main----------
2018-07-03 14:46:45.938 [main] INFO  log_log - ----------PushTest----------
2018-07-03 14:46:45.948 [main] INFO  log_log - 发送请求-----------------------------------------
2018-07-03 14:46:48.883 [main] INFO  log_log - Content-Type: text/plain;charset=ISO-8859-1
2018-07-03 14:46:48.884 [main] INFO  log_log - Content-Length: 195
2018-07-03 14:46:48.885 [main] INFO  log_log - Date: Tue, 03 Jul 2018 06:46:48 GMT
2018-07-03 14:46:48.885 [main] INFO  log_log - transferURL result: {"code":0,"data":[{"newfilepath":"F:/data\\AndriodAPK\\WebApi2d.apk","orgfilename":"WebApi2d.apk","url":"http://218.17.161.66:7600/image/AndriodAPK/WebApi2d.apk","urlThumbnail":null}],"msg":null}
2018-07-03 14:46:56.752 [main] INFO  log_log - ----------PushTest----------
2018-07-03 14:46:56.761 [main] INFO  log_log - 发送请求-----------------------------------------
2018-07-03 14:46:58.021 [main] INFO  log_log - Content-Type: text/plain;charset=ISO-8859-1
2018-07-03 14:46:58.022 [main] INFO  log_log - Content-Length: 195
2018-07-03 14:46:58.022 [main] INFO  log_log - Date: Tue, 03 Jul 2018 06:46:58 GMT
2018-07-03 14:46:58.022 [main] INFO  log_log - transferURL result: {"code":0,"data":[{"newfilepath":"F:/data\\AndriodAPK\\WebApi2d.apk","orgfilename":"WebApi2d.apk","url":"http://218.17.161.66:7600/image/AndriodAPK/WebApi2d.apk","urlThumbnail":null}],"msg":null}
2018-07-03 14:47:04.368 [main] INFO  log_log - ----------PushTest----------
2018-07-03 14:47:04.378 [main] INFO  log_log - 发送请求-----------------------------------------
2018-07-03 14:47:05.685 [main] INFO  log_log - Content-Type: text/plain;charset=ISO-8859-1
2018-07-03 14:47:05.687 [main] INFO  log_log - Content-Length: 195
2018-07-03 14:47:05.687 [main] INFO  log_log - Date: Tue, 03 Jul 2018 06:47:05 GMT
2018-07-03 14:47:05.687 [main] INFO  log_log - transferURL result: {"code":0,"data":[{"newfilepath":"F:/data\\AndriodAPK\\WebApi2d.apk","orgfilename":"WebApi2d.apk","url":"http://218.17.161.66:7600/image/AndriodAPK/WebApi2d.apk","urlThumbnail":null}],"msg":null}
2018-07-03 14:47:54.207 [main] INFO  log_log - ----------PushTest----------
2018-07-03 14:47:54.216 [main] INFO  log_log - 发送请求-----------------------------------------
2018-07-03 14:48:37.524 [main] INFO  log_log - ----------ResourceApplication Main----------
2018-07-03 14:48:52.032 [main] INFO  log_log - ----------PushTest----------
2018-07-03 14:48:52.044 [main] INFO  log_log - 发送请求-----------------------------------------
2018-07-03 14:54:48.145 [main] INFO  log_log - ----------ResourceApplication Main----------
2018-07-03 14:55:12.881 [main] INFO  log_log - ----------PushTest----------
2018-07-03 14:55:12.891 [main] INFO  log_log - 发送请求-----------------------------------------
2018-07-03 14:55:17.238 [main] INFO  log_log - Content-Type: text/plain;charset=ISO-8859-1
2018-07-03 14:55:17.240 [main] INFO  log_log - Content-Length: 195
2018-07-03 14:55:17.240 [main] INFO  log_log - Date: Tue, 03 Jul 2018 06:55:17 GMT
2018-07-03 14:55:17.240 [main] INFO  log_log - transferURL result: {"code":0,"data":[{"newfilepath":"F:/data\\AndriodAPK\\WebApi2d.apk","orgfilename":"WebApi2d.apk","url":"http://218.17.161.66:7600/image/AndriodAPK/WebApi2d.apk","urlThumbnail":null}],"msg":null}
2018-07-03 14:56:12.166 [main] INFO  log_log - ----------ResourceApplication Main----------
2018-07-03 14:56:28.808 [main] INFO  log_log - ----------PushTest----------
2018-07-03 14:56:31.209 [main] INFO  log_log - 发送请求-----------------------------------------
2018-07-03 14:56:32.969 [main] INFO  log_log - Content-Type: text/plain;charset=ISO-8859-1
2018-07-03 14:56:32.971 [main] INFO  log_log - Content-Length: 414
2018-07-03 14:56:32.971 [main] INFO  log_log - Date: Tue, 03 Jul 2018 06:56:32 GMT
2018-07-03 14:56:32.971 [main] INFO  log_log - transferURL result: {"code":1,"msg":"failed","exception":"[My Exception]\nhttp://172.18.11.168:7600/upload/\norg.springframework.web.multipart.MaxUploadSizeExceededException\nMaximum upload size exceeded; nested exception is java.lang.IllegalStateException: org.apache.tomcat.util.http.fileupload.FileUploadBase$SizeLimitExceededException: the request was rejected because its size (2097476) exceeds the configured maximum (2097152)"}
