2018-05-30 16:32:45.365 [DubboServerHandler-172.18.11.168:7409-thread-3] DEBUG exception_log - hanleHttpRequest exception={}
java.lang.reflect.InvocationTargetException: null
	at sun.reflect.NativeMethodAccessorImpl.invoke0(Native Method)
	at sun.reflect.NativeMethodAccessorImpl.invoke(NativeMethodAccessorImpl.java:62)
	at sun.reflect.DelegatingMethodAccessorImpl.invoke(DelegatingMethodAccessorImpl.java:43)
	at java.lang.reflect.Method.invoke(Method.java:498)
	at com.htdz.litefamily.dubbo.LitefamilyServiceProvider.hanleHttpRequest(LitefamilyServiceProvider.java:41)
	at com.alibaba.dubbo.common.bytecode.Wrapper4.invokeMethod(Wrapper4.java)
	at com.alibaba.dubbo.rpc.proxy.javassist.JavassistProxyFactory$1.doInvoke(JavassistProxyFactory.java:45)
	at com.alibaba.dubbo.rpc.proxy.AbstractProxyInvoker.invoke(AbstractProxyInvoker.java:71)
	at com.alibaba.dubbo.config.invoker.DelegateProviderMetaDataInvoker.invoke(DelegateProviderMetaDataInvoker.java:48)
	at com.alibaba.dubbo.rpc.protocol.InvokerWrapper.invoke(InvokerWrapper.java:52)
	at com.alibaba.dubbo.rpc.filter.ExceptionFilter.invoke(ExceptionFilter.java:61)
	at com.alibaba.dubbo.rpc.protocol.ProtocolFilterWrapper$1.invoke(ProtocolFilterWrapper.java:68)
	at com.alibaba.dubbo.monitor.support.MonitorFilter.invoke(MonitorFilter.java:74)
	at com.alibaba.dubbo.rpc.protocol.ProtocolFilterWrapper$1.invoke(ProtocolFilterWrapper.java:68)
	at com.alibaba.dubbo.rpc.filter.TimeoutFilter.invoke(TimeoutFilter.java:41)
	at com.alibaba.dubbo.rpc.protocol.ProtocolFilterWrapper$1.invoke(ProtocolFilterWrapper.java:68)
	at com.alibaba.dubbo.rpc.protocol.dubbo.filter.TraceFilter.invoke(TraceFilter.java:77)
	at com.alibaba.dubbo.rpc.protocol.ProtocolFilterWrapper$1.invoke(ProtocolFilterWrapper.java:68)
	at com.alibaba.dubbo.rpc.filter.ContextFilter.invoke(ContextFilter.java:71)
	at com.alibaba.dubbo.rpc.protocol.ProtocolFilterWrapper$1.invoke(ProtocolFilterWrapper.java:68)
	at com.alibaba.dubbo.rpc.filter.GenericFilter.invoke(GenericFilter.java:131)
	at com.alibaba.dubbo.rpc.protocol.ProtocolFilterWrapper$1.invoke(ProtocolFilterWrapper.java:68)
	at com.alibaba.dubbo.rpc.filter.ClassLoaderFilter.invoke(ClassLoaderFilter.java:37)
	at com.alibaba.dubbo.rpc.protocol.ProtocolFilterWrapper$1.invoke(ProtocolFilterWrapper.java:68)
	at com.alibaba.dubbo.rpc.filter.EchoFilter.invoke(EchoFilter.java:37)
	at com.alibaba.dubbo.rpc.protocol.ProtocolFilterWrapper$1.invoke(ProtocolFilterWrapper.java:68)
	at com.alibaba.dubbo.rpc.protocol.dubbo.DubboProtocol$1.reply(DubboProtocol.java:98)
	at com.alibaba.dubbo.remoting.exchange.support.header.HeaderExchangeHandler.handleRequest(HeaderExchangeHandler.java:96)
	at com.alibaba.dubbo.remoting.exchange.support.header.HeaderExchangeHandler.received(HeaderExchangeHandler.java:168)
	at com.alibaba.dubbo.remoting.transport.DecodeHandler.received(DecodeHandler.java:50)
	at com.alibaba.dubbo.remoting.transport.dispatcher.ChannelEventRunnable.run(ChannelEventRunnable.java:79)
	at java.util.concurrent.ThreadPoolExecutor.runWorker(ThreadPoolExecutor.java:1149)
	at java.util.concurrent.ThreadPoolExecutor$Worker.run(ThreadPoolExecutor.java:624)
	at java.lang.Thread.run(Thread.java:748)
Caused by: com.alibaba.dubbo.rpc.RpcException: Failed to invoke the method pushMsg in the service com.htdz.def.interfaces.TaskService. Tried 3 times of the providers [172.18.11.168:7401] (1/1) from the registry 127.0.0.1:2181 on the consumer 172.18.11.168 using the dubbo version 2.6.0. Last error is: Invoke remote method timeout. method: pushMsg, provider: dubbo://172.18.11.168:7401/com.htdz.def.interfaces.TaskService?anyhost=true&application=htdz-litefamily&check=false&dubbo=2.6.0&generic=false&interface=com.htdz.def.interfaces.TaskService&methods=pushMsg,getGpsAddress,regionAnalysis,pushVoiceMsg,getRongcloudToken&pid=67172&register.ip=172.18.11.168&remote.timestamp=1527669054895&revision=1.0.0&side=consumer&timeout=20000&timestamp=1527665730748&version=1.0.0, cause: Waiting server-side response timeout. start time: 2018-05-30 16:32:25.357, end time: 2018-05-30 16:32:45.358, client elapsed: 0 ms, server elapsed: 20001 ms, timeout: 20000 ms, request: Request [id=114, version=2.0.0, twoway=true, event=false, broken=false, data=RpcInvocation [methodName=pushMsg, parameterTypes=[class com.htdz.def.view.PushInfo, class com.htdz.def.view.UserConn], arguments=[PushInfo(did=null, equipId=66666666, msgType=1, alarmtype=6, datetime=Wed May 30 08:31:41 CST 2018, rcvTime=null, lat=null, lng=null, speed=null, direction=null, ranges=null, onlinestatus=null, title=null), UserConn(name=liyinjie@126.com, timezone=28800, deviceSn=66666666, ranges=5, connCountry=CN, isCustomizedApp=4, token=b88a39fd823ad9b590e3ab760a4605799cc52acdcfd707a738214dec8e43826f, versions=3, certificate=0)], attachments={input=1250, path=com.htdz.def.interfaces.TaskService, interface=com.htdz.def.interfaces.TaskService, version=1.0.0, timeout=20000}]], channel: /172.18.11.168:36074 -> /172.18.11.168:7401
	at com.alibaba.dubbo.rpc.cluster.support.FailoverClusterInvoker.doInvoke(FailoverClusterInvoker.java:101)
	at com.alibaba.dubbo.rpc.cluster.support.AbstractClusterInvoker.invoke(AbstractClusterInvoker.java:232)
	at com.alibaba.dubbo.rpc.cluster.support.wrapper.MockClusterInvoker.invoke(MockClusterInvoker.java:70)
	at com.alibaba.dubbo.rpc.proxy.InvokerInvocationHandler.invoke(InvokerInvocationHandler.java:51)
	at com.alibaba.dubbo.common.bytecode.proxy2.pushMsg(proxy2.java)
	at com.htdz.litefamily.dubbo.TaskServiceConsumer.pushMsg(TaskServiceConsumer.java:45)
	at com.htdz.litefamily.service.ApiService.setAlarm(ApiService.java:499)
	... 34 common frames omitted
Caused by: com.alibaba.dubbo.remoting.TimeoutException: Waiting server-side response timeout. start time: 2018-05-30 16:32:25.357, end time: 2018-05-30 16:32:45.358, client elapsed: 0 ms, server elapsed: 20001 ms, timeout: 20000 ms, request: Request [id=114, version=2.0.0, twoway=true, event=false, broken=false, data=RpcInvocation [methodName=pushMsg, parameterTypes=[class com.htdz.def.view.PushInfo, class com.htdz.def.view.UserConn], arguments=[PushInfo(did=null, equipId=66666666, msgType=1, alarmtype=6, datetime=Wed May 30 08:31:41 CST 2018, rcvTime=null, lat=null, lng=null, speed=null, direction=null, ranges=null, onlinestatus=null, title=null), UserConn(name=liyinjie@126.com, timezone=28800, deviceSn=66666666, ranges=5, connCountry=CN, isCustomizedApp=4, token=b88a39fd823ad9b590e3ab760a4605799cc52acdcfd707a738214dec8e43826f, versions=3, certificate=0)], attachments={input=1250, path=com.htdz.def.interfaces.TaskService, interface=com.htdz.def.interfaces.TaskService, version=1.0.0, timeout=20000}]], channel: /172.18.11.168:36074 -> /172.18.11.168:7401
	at com.alibaba.dubbo.remoting.exchange.support.DefaultFuture.get(DefaultFuture.java:134)
	at com.alibaba.dubbo.remoting.exchange.support.DefaultFuture.get(DefaultFuture.java:111)
	at com.alibaba.dubbo.rpc.protocol.dubbo.DubboInvoker.doInvoke(DubboInvoker.java:95)
	at com.alibaba.dubbo.rpc.protocol.AbstractInvoker.invoke(AbstractInvoker.java:142)
	at com.alibaba.dubbo.rpc.listener.ListenerInvokerWrapper.invoke(ListenerInvokerWrapper.java:73)
	at com.alibaba.dubbo.monitor.support.MonitorFilter.invoke(MonitorFilter.java:74)
	at com.alibaba.dubbo.rpc.protocol.ProtocolFilterWrapper$1.invoke(ProtocolFilterWrapper.java:68)
	at com.alibaba.dubbo.rpc.protocol.dubbo.filter.FutureFilter.invoke(FutureFilter.java:53)
	at com.alibaba.dubbo.rpc.protocol.ProtocolFilterWrapper$1.invoke(ProtocolFilterWrapper.java:68)
	at com.alibaba.dubbo.rpc.filter.ConsumerContextFilter.invoke(ConsumerContextFilter.java:47)
	at com.alibaba.dubbo.rpc.protocol.ProtocolFilterWrapper$1.invoke(ProtocolFilterWrapper.java:68)
	at com.alibaba.dubbo.rpc.protocol.InvokerWrapper.invoke(InvokerWrapper.java:52)
	at com.alibaba.dubbo.rpc.cluster.support.FailoverClusterInvoker.doInvoke(FailoverClusterInvoker.java:77)
	... 40 common frames omitted
2018-05-30 16:40:13.614 [DubboServerHandler-172.18.11.168:7409-thread-4] DEBUG exception_log - hanleHttpRequest exception={}
java.lang.reflect.InvocationTargetException: null
	at sun.reflect.NativeMethodAccessorImpl.invoke0(Native Method)
	at sun.reflect.NativeMethodAccessorImpl.invoke(NativeMethodAccessorImpl.java:62)
	at sun.reflect.DelegatingMethodAccessorImpl.invoke(DelegatingMethodAccessorImpl.java:43)
	at java.lang.reflect.Method.invoke(Method.java:498)
	at com.htdz.litefamily.dubbo.LitefamilyServiceProvider.hanleHttpRequest(LitefamilyServiceProvider.java:41)
	at com.alibaba.dubbo.common.bytecode.Wrapper4.invokeMethod(Wrapper4.java)
	at com.alibaba.dubbo.rpc.proxy.javassist.JavassistProxyFactory$1.doInvoke(JavassistProxyFactory.java:45)
	at com.alibaba.dubbo.rpc.proxy.AbstractProxyInvoker.invoke(AbstractProxyInvoker.java:71)
	at com.alibaba.dubbo.config.invoker.DelegateProviderMetaDataInvoker.invoke(DelegateProviderMetaDataInvoker.java:48)
	at com.alibaba.dubbo.rpc.protocol.InvokerWrapper.invoke(InvokerWrapper.java:52)
	at com.alibaba.dubbo.rpc.filter.ExceptionFilter.invoke(ExceptionFilter.java:61)
	at com.alibaba.dubbo.rpc.protocol.ProtocolFilterWrapper$1.invoke(ProtocolFilterWrapper.java:68)
	at com.alibaba.dubbo.monitor.support.MonitorFilter.invoke(MonitorFilter.java:74)
	at com.alibaba.dubbo.rpc.protocol.ProtocolFilterWrapper$1.invoke(ProtocolFilterWrapper.java:68)
	at com.alibaba.dubbo.rpc.filter.TimeoutFilter.invoke(TimeoutFilter.java:41)
	at com.alibaba.dubbo.rpc.protocol.ProtocolFilterWrapper$1.invoke(ProtocolFilterWrapper.java:68)
	at com.alibaba.dubbo.rpc.protocol.dubbo.filter.TraceFilter.invoke(TraceFilter.java:77)
	at com.alibaba.dubbo.rpc.protocol.ProtocolFilterWrapper$1.invoke(ProtocolFilterWrapper.java:68)
	at com.alibaba.dubbo.rpc.filter.ContextFilter.invoke(ContextFilter.java:71)
	at com.alibaba.dubbo.rpc.protocol.ProtocolFilterWrapper$1.invoke(ProtocolFilterWrapper.java:68)
	at com.alibaba.dubbo.rpc.filter.GenericFilter.invoke(GenericFilter.java:131)
	at com.alibaba.dubbo.rpc.protocol.ProtocolFilterWrapper$1.invoke(ProtocolFilterWrapper.java:68)
	at com.alibaba.dubbo.rpc.filter.ClassLoaderFilter.invoke(ClassLoaderFilter.java:37)
	at com.alibaba.dubbo.rpc.protocol.ProtocolFilterWrapper$1.invoke(ProtocolFilterWrapper.java:68)
	at com.alibaba.dubbo.rpc.filter.EchoFilter.invoke(EchoFilter.java:37)
	at com.alibaba.dubbo.rpc.protocol.ProtocolFilterWrapper$1.invoke(ProtocolFilterWrapper.java:68)
	at com.alibaba.dubbo.rpc.protocol.dubbo.DubboProtocol$1.reply(DubboProtocol.java:98)
	at com.alibaba.dubbo.remoting.exchange.support.header.HeaderExchangeHandler.handleRequest(HeaderExchangeHandler.java:96)
	at com.alibaba.dubbo.remoting.exchange.support.header.HeaderExchangeHandler.received(HeaderExchangeHandler.java:168)
	at com.alibaba.dubbo.remoting.transport.DecodeHandler.received(DecodeHandler.java:50)
	at com.alibaba.dubbo.remoting.transport.dispatcher.ChannelEventRunnable.run(ChannelEventRunnable.java:79)
	at java.util.concurrent.ThreadPoolExecutor.runWorker(ThreadPoolExecutor.java:1149)
	at java.util.concurrent.ThreadPoolExecutor$Worker.run(ThreadPoolExecutor.java:624)
	at java.lang.Thread.run(Thread.java:748)
Caused by: com.alibaba.dubbo.rpc.RpcException: Failed to invoke the method pushMsg in the service com.htdz.def.interfaces.TaskService. Tried 3 times of the providers [172.18.11.168:7401] (1/1) from the registry 127.0.0.1:2181 on the consumer 172.18.11.168 using the dubbo version 2.6.0. Last error is: Invoke remote method timeout. method: pushMsg, provider: dubbo://172.18.11.168:7401/com.htdz.def.interfaces.TaskService?anyhost=true&application=htdz-litefamily&check=false&dubbo=2.6.0&generic=false&interface=com.htdz.def.interfaces.TaskService&methods=pushMsg,getGpsAddress,regionAnalysis,pushVoiceMsg,getRongcloudToken&pid=67172&register.ip=172.18.11.168&remote.timestamp=1527669499550&revision=1.0.0&side=consumer&timeout=20000&timestamp=1527665730748&version=1.0.0, cause: Waiting server-side response timeout. start time: 2018-05-30 16:39:53.608, end time: 2018-05-30 16:40:13.610, client elapsed: 1 ms, server elapsed: 20001 ms, timeout: 20000 ms, request: Request [id=127, version=2.0.0, twoway=true, event=false, broken=false, data=RpcInvocation [methodName=pushMsg, parameterTypes=[class com.htdz.def.view.PushInfo, class com.htdz.def.view.UserConn], arguments=[PushInfo(did=null, equipId=66666666, msgType=1, alarmtype=6, datetime=Wed May 30 08:39:13 CST 2018, rcvTime=null, lat=null, lng=null, speed=null, direction=null, ranges=null, onlinestatus=null, title=null), UserConn(name=liyinjie@126.com, timezone=28800, deviceSn=66666666, ranges=5, connCountry=CN, isCustomizedApp=4, token=b88a39fd823ad9b590e3ab760a4605799cc52acdcfd707a738214dec8e43826f, versions=3, certificate=0)], attachments={input=1250, path=com.htdz.def.interfaces.TaskService, interface=com.htdz.def.interfaces.TaskService, version=1.0.0, timeout=20000}]], channel: /172.18.11.168:37449 -> /172.18.11.168:7401
	at com.alibaba.dubbo.rpc.cluster.support.FailoverClusterInvoker.doInvoke(FailoverClusterInvoker.java:101)
	at com.alibaba.dubbo.rpc.cluster.support.AbstractClusterInvoker.invoke(AbstractClusterInvoker.java:232)
	at com.alibaba.dubbo.rpc.cluster.support.wrapper.MockClusterInvoker.invoke(MockClusterInvoker.java:70)
	at com.alibaba.dubbo.rpc.proxy.InvokerInvocationHandler.invoke(InvokerInvocationHandler.java:51)
	at com.alibaba.dubbo.common.bytecode.proxy2.pushMsg(proxy2.java)
	at com.htdz.litefamily.dubbo.TaskServiceConsumer.pushMsg(TaskServiceConsumer.java:45)
	at com.htdz.litefamily.service.ApiService.setAlarm(ApiService.java:499)
	... 34 common frames omitted
Caused by: com.alibaba.dubbo.remoting.TimeoutException: Waiting server-side response timeout. start time: 2018-05-30 16:39:53.608, end time: 2018-05-30 16:40:13.610, client elapsed: 1 ms, server elapsed: 20001 ms, timeout: 20000 ms, request: Request [id=127, version=2.0.0, twoway=true, event=false, broken=false, data=RpcInvocation [methodName=pushMsg, parameterTypes=[class com.htdz.def.view.PushInfo, class com.htdz.def.view.UserConn], arguments=[PushInfo(did=null, equipId=66666666, msgType=1, alarmtype=6, datetime=Wed May 30 08:39:13 CST 2018, rcvTime=null, lat=null, lng=null, speed=null, direction=null, ranges=null, onlinestatus=null, title=null), UserConn(name=liyinjie@126.com, timezone=28800, deviceSn=66666666, ranges=5, connCountry=CN, isCustomizedApp=4, token=b88a39fd823ad9b590e3ab760a4605799cc52acdcfd707a738214dec8e43826f, versions=3, certificate=0)], attachments={input=1250, path=com.htdz.def.interfaces.TaskService, interface=com.htdz.def.interfaces.TaskService, version=1.0.0, timeout=20000}]], channel: /172.18.11.168:37449 -> /172.18.11.168:7401
	at com.alibaba.dubbo.remoting.exchange.support.DefaultFuture.get(DefaultFuture.java:134)
	at com.alibaba.dubbo.remoting.exchange.support.DefaultFuture.get(DefaultFuture.java:111)
	at com.alibaba.dubbo.rpc.protocol.dubbo.DubboInvoker.doInvoke(DubboInvoker.java:95)
	at com.alibaba.dubbo.rpc.protocol.AbstractInvoker.invoke(AbstractInvoker.java:142)
	at com.alibaba.dubbo.rpc.listener.ListenerInvokerWrapper.invoke(ListenerInvokerWrapper.java:73)
	at com.alibaba.dubbo.monitor.support.MonitorFilter.invoke(MonitorFilter.java:74)
	at com.alibaba.dubbo.rpc.protocol.ProtocolFilterWrapper$1.invoke(ProtocolFilterWrapper.java:68)
	at com.alibaba.dubbo.rpc.protocol.dubbo.filter.FutureFilter.invoke(FutureFilter.java:53)
	at com.alibaba.dubbo.rpc.protocol.ProtocolFilterWrapper$1.invoke(ProtocolFilterWrapper.java:68)
	at com.alibaba.dubbo.rpc.filter.ConsumerContextFilter.invoke(ConsumerContextFilter.java:47)
	at com.alibaba.dubbo.rpc.protocol.ProtocolFilterWrapper$1.invoke(ProtocolFilterWrapper.java:68)
	at com.alibaba.dubbo.rpc.protocol.InvokerWrapper.invoke(InvokerWrapper.java:52)
	at com.alibaba.dubbo.rpc.cluster.support.FailoverClusterInvoker.doInvoke(FailoverClusterInvoker.java:77)
	... 40 common frames omitted
