2018-05-31 10:04:00.084 [pool-1-thread-1] DEBUG exception_log - minuteSchedule exception={}
com.alibaba.dubbo.rpc.RpcException: Failed to invoke the method pushMsg in the service com.htdz.def.interfaces.TaskService. Tried 3 times of the providers [172.18.11.168:7401] (1/1) from the registry 127.0.0.1:2181 on the consumer 172.18.11.168 using the dubbo version 2.6.0. Last error is: Invoke remote method timeout. method: pushMsg, provider: dubbo://172.18.11.168:7401/com.htdz.def.interfaces.TaskService?anyhost=true&application=htdz-litefamily&check=false&dubbo=2.6.0&generic=false&interface=com.htdz.def.interfaces.TaskService&methods=pushMsg,getGpsAddress,regionAnalysis,pushVoiceMsg,getRongcloudToken&pid=8700&register.ip=172.18.11.168&remote.timestamp=1527732094619&revision=1.0.0&side=consumer&timeout=20000&timestamp=1527729721695&version=1.0.0, cause: Waiting server-side response timeout. start time: 2018-05-31 10:03:40.066, end time: 2018-05-31 10:04:00.071, client elapsed: 2 ms, server elapsed: 20003 ms, timeout: 20000 ms, request: Request [id=45, version=2.0.0, twoway=true, event=false, broken=false, data=RpcInvocation [methodName=pushMsg, parameterTypes=[class com.htdz.def.view.PushInfo, class com.htdz.def.view.UserConn], arguments=[PushInfo(did=null, equipId=66666666, msgType=4, alarmtype=null, datetime=Thu May 31 02:03:17 CST 2018, rcvTime=null, lat=null, lng=null, speed=null, direction=null, ranges=null, onlinestatus=null, title=ddfc), UserConn(name=liyinjie@126.com, timezone=28800, deviceSn=66666666, ranges=5, connCountry=CN, isCustomizedApp=4, token=b88a39fd823ad9b590e3ab760a4605799cc52acdcfd707a738214dec8e43826f, versions=3, certificate=0)], attachments={path=com.htdz.def.interfaces.TaskService, interface=com.htdz.def.interfaces.TaskService, version=1.0.0, timeout=20000}]], channel: /172.18.11.168:12733 -> /172.18.11.168:7401
	at com.alibaba.dubbo.rpc.cluster.support.FailoverClusterInvoker.doInvoke(FailoverClusterInvoker.java:101)
	at com.alibaba.dubbo.rpc.cluster.support.AbstractClusterInvoker.invoke(AbstractClusterInvoker.java:232)
	at com.alibaba.dubbo.rpc.cluster.support.wrapper.MockClusterInvoker.invoke(MockClusterInvoker.java:70)
	at com.alibaba.dubbo.rpc.proxy.InvokerInvocationHandler.invoke(InvokerInvocationHandler.java:51)
	at com.alibaba.dubbo.common.bytecode.proxy2.pushMsg(proxy2.java)
	at com.htdz.litefamily.dubbo.TaskServiceConsumer.pushMsg(TaskServiceConsumer.java:45)
	at com.htdz.litefamily.service.RemindServerManager.minuteSchedule(RemindServerManager.java:84)
	at sun.reflect.GeneratedMethodAccessor86.invoke(Unknown Source)
	at sun.reflect.DelegatingMethodAccessorImpl.invoke(DelegatingMethodAccessorImpl.java:43)
	at java.lang.reflect.Method.invoke(Method.java:498)
	at org.springframework.scheduling.support.ScheduledMethodRunnable.run(ScheduledMethodRunnable.java:65)
	at org.springframework.scheduling.support.DelegatingErrorHandlingRunnable.run(DelegatingErrorHandlingRunnable.java:54)
	at org.springframework.scheduling.concurrent.ReschedulingRunnable.run(ReschedulingRunnable.java:93)
	at java.util.concurrent.Executors$RunnableAdapter.call(Executors.java:511)
	at java.util.concurrent.FutureTask.run(FutureTask.java:266)
	at java.util.concurrent.ScheduledThreadPoolExecutor$ScheduledFutureTask.access$201(ScheduledThreadPoolExecutor.java:180)
	at java.util.concurrent.ScheduledThreadPoolExecutor$ScheduledFutureTask.run(ScheduledThreadPoolExecutor.java:293)
	at java.util.concurrent.ThreadPoolExecutor.runWorker(ThreadPoolExecutor.java:1149)
	at java.util.concurrent.ThreadPoolExecutor$Worker.run(ThreadPoolExecutor.java:624)
	at java.lang.Thread.run(Thread.java:748)
Caused by: com.alibaba.dubbo.remoting.TimeoutException: Waiting server-side response timeout. start time: 2018-05-31 10:03:40.066, end time: 2018-05-31 10:04:00.071, client elapsed: 2 ms, server elapsed: 20003 ms, timeout: 20000 ms, request: Request [id=45, version=2.0.0, twoway=true, event=false, broken=false, data=RpcInvocation [methodName=pushMsg, parameterTypes=[class com.htdz.def.view.PushInfo, class com.htdz.def.view.UserConn], arguments=[PushInfo(did=null, equipId=66666666, msgType=4, alarmtype=null, datetime=Thu May 31 02:03:17 CST 2018, rcvTime=null, lat=null, lng=null, speed=null, direction=null, ranges=null, onlinestatus=null, title=ddfc), UserConn(name=liyinjie@126.com, timezone=28800, deviceSn=66666666, ranges=5, connCountry=CN, isCustomizedApp=4, token=b88a39fd823ad9b590e3ab760a4605799cc52acdcfd707a738214dec8e43826f, versions=3, certificate=0)], attachments={path=com.htdz.def.interfaces.TaskService, interface=com.htdz.def.interfaces.TaskService, version=1.0.0, timeout=20000}]], channel: /172.18.11.168:12733 -> /172.18.11.168:7401
	at com.alibaba.dubbo.remoting.exchange.support.DefaultFuture.get(DefaultFuture.java:134)
	at com.alibaba.dubbo.remoting.exchange.support.DefaultFuture.get(DefaultFuture.java:111)
	at com.alibaba.dubbo.rpc.protocol.dubbo.DubboInvoker.doInvoke(DubboInvoker.java:95)
	at com.alibaba.dubbo.rpc.protocol.AbstractInvoker.invoke(AbstractInvoker.java:142)
	at com.alibaba.dubbo.rpc.listener.ListenerInvokerWrapper.invoke(ListenerInvokerWrapper.java:73)
	at com.alibaba.dubbo.monitor.support.MonitorFilter.invoke(MonitorFilter.java:74)
	at com.alibaba.dubbo.rpc.protocol.ProtocolFilterWrapper$1.invoke(ProtocolFilterWrapper.java:68)
	at com.alibaba.dubbo.rpc.protocol.dubbo.filter.FutureFilter.invoke(FutureFilter.java:53)
	at com.alibaba.dubbo.rpc.protocol.ProtocolFilterWrapper$1.invoke(ProtocolFilterWrapper.java:68)
	at com.alibaba.dubbo.rpc.filter.ConsumerContextFilter.invoke(ConsumerContextFilter.java:47)
	at com.alibaba.dubbo.rpc.protocol.ProtocolFilterWrapper$1.invoke(ProtocolFilterWrapper.java:68)
	at com.alibaba.dubbo.rpc.protocol.InvokerWrapper.invoke(InvokerWrapper.java:52)
	at com.alibaba.dubbo.rpc.cluster.support.FailoverClusterInvoker.doInvoke(FailoverClusterInvoker.java:77)
	... 19 common frames omitted
2018-05-31 10:09:00.052 [pool-1-thread-1] DEBUG exception_log - minuteSchedule exception={}
com.alibaba.dubbo.rpc.RpcException: Failed to invoke the method pushMsg in the service com.htdz.def.interfaces.TaskService. Tried 3 times of the providers [172.18.11.168:7401] (1/1) from the registry 127.0.0.1:2181 on the consumer 172.18.11.168 using the dubbo version 2.6.0. Last error is: Invoke remote method timeout. method: pushMsg, provider: dubbo://172.18.11.168:7401/com.htdz.def.interfaces.TaskService?anyhost=true&application=htdz-litefamily&check=false&dubbo=2.6.0&generic=false&interface=com.htdz.def.interfaces.TaskService&methods=pushMsg,getGpsAddress,regionAnalysis,pushVoiceMsg,getRongcloudToken&pid=8700&register.ip=172.18.11.168&remote.timestamp=1527732094619&revision=1.0.0&side=consumer&timeout=20000&timestamp=1527729721695&version=1.0.0, cause: Waiting server-side response timeout. start time: 2018-05-31 10:08:40.044, end time: 2018-05-31 10:09:00.045, client elapsed: 0 ms, server elapsed: 20001 ms, timeout: 20000 ms, request: Request [id=52, version=2.0.0, twoway=true, event=false, broken=false, data=RpcInvocation [methodName=pushMsg, parameterTypes=[class com.htdz.def.view.PushInfo, class com.htdz.def.view.UserConn], arguments=[PushInfo(did=null, equipId=66666666, msgType=4, alarmtype=null, datetime=Thu May 31 02:08:17 CST 2018, rcvTime=null, lat=null, lng=null, speed=null, direction=null, ranges=null, onlinestatus=null, title=ddfc), UserConn(name=liyinjie@126.com, timezone=28800, deviceSn=66666666, ranges=5, connCountry=CN, isCustomizedApp=4, token=b88a39fd823ad9b590e3ab760a4605799cc52acdcfd707a738214dec8e43826f, versions=3, certificate=0)], attachments={path=com.htdz.def.interfaces.TaskService, interface=com.htdz.def.interfaces.TaskService, version=1.0.0, timeout=20000}]], channel: /172.18.11.168:12733 -> /172.18.11.168:7401
	at com.alibaba.dubbo.rpc.cluster.support.FailoverClusterInvoker.doInvoke(FailoverClusterInvoker.java:101)
	at com.alibaba.dubbo.rpc.cluster.support.AbstractClusterInvoker.invoke(AbstractClusterInvoker.java:232)
	at com.alibaba.dubbo.rpc.cluster.support.wrapper.MockClusterInvoker.invoke(MockClusterInvoker.java:70)
	at com.alibaba.dubbo.rpc.proxy.InvokerInvocationHandler.invoke(InvokerInvocationHandler.java:51)
	at com.alibaba.dubbo.common.bytecode.proxy2.pushMsg(proxy2.java)
	at com.htdz.litefamily.dubbo.TaskServiceConsumer.pushMsg(TaskServiceConsumer.java:45)
	at com.htdz.litefamily.service.RemindServerManager.minuteSchedule(RemindServerManager.java:84)
	at sun.reflect.GeneratedMethodAccessor86.invoke(Unknown Source)
	at sun.reflect.DelegatingMethodAccessorImpl.invoke(DelegatingMethodAccessorImpl.java:43)
	at java.lang.reflect.Method.invoke(Method.java:498)
	at org.springframework.scheduling.support.ScheduledMethodRunnable.run(ScheduledMethodRunnable.java:65)
	at org.springframework.scheduling.support.DelegatingErrorHandlingRunnable.run(DelegatingErrorHandlingRunnable.java:54)
	at org.springframework.scheduling.concurrent.ReschedulingRunnable.run(ReschedulingRunnable.java:93)
	at java.util.concurrent.Executors$RunnableAdapter.call(Executors.java:511)
	at java.util.concurrent.FutureTask.run(FutureTask.java:266)
	at java.util.concurrent.ScheduledThreadPoolExecutor$ScheduledFutureTask.access$201(ScheduledThreadPoolExecutor.java:180)
	at java.util.concurrent.ScheduledThreadPoolExecutor$ScheduledFutureTask.run(ScheduledThreadPoolExecutor.java:293)
	at java.util.concurrent.ThreadPoolExecutor.runWorker(ThreadPoolExecutor.java:1149)
	at java.util.concurrent.ThreadPoolExecutor$Worker.run(ThreadPoolExecutor.java:624)
	at java.lang.Thread.run(Thread.java:748)
Caused by: com.alibaba.dubbo.remoting.TimeoutException: Waiting server-side response timeout. start time: 2018-05-31 10:08:40.044, end time: 2018-05-31 10:09:00.045, client elapsed: 0 ms, server elapsed: 20001 ms, timeout: 20000 ms, request: Request [id=52, version=2.0.0, twoway=true, event=false, broken=false, data=RpcInvocation [methodName=pushMsg, parameterTypes=[class com.htdz.def.view.PushInfo, class com.htdz.def.view.UserConn], arguments=[PushInfo(did=null, equipId=66666666, msgType=4, alarmtype=null, datetime=Thu May 31 02:08:17 CST 2018, rcvTime=null, lat=null, lng=null, speed=null, direction=null, ranges=null, onlinestatus=null, title=ddfc), UserConn(name=liyinjie@126.com, timezone=28800, deviceSn=66666666, ranges=5, connCountry=CN, isCustomizedApp=4, token=b88a39fd823ad9b590e3ab760a4605799cc52acdcfd707a738214dec8e43826f, versions=3, certificate=0)], attachments={path=com.htdz.def.interfaces.TaskService, interface=com.htdz.def.interfaces.TaskService, version=1.0.0, timeout=20000}]], channel: /172.18.11.168:12733 -> /172.18.11.168:7401
	at com.alibaba.dubbo.remoting.exchange.support.DefaultFuture.get(DefaultFuture.java:134)
	at com.alibaba.dubbo.remoting.exchange.support.DefaultFuture.get(DefaultFuture.java:111)
	at com.alibaba.dubbo.rpc.protocol.dubbo.DubboInvoker.doInvoke(DubboInvoker.java:95)
	at com.alibaba.dubbo.rpc.protocol.AbstractInvoker.invoke(AbstractInvoker.java:142)
	at com.alibaba.dubbo.rpc.listener.ListenerInvokerWrapper.invoke(ListenerInvokerWrapper.java:73)
	at com.alibaba.dubbo.monitor.support.MonitorFilter.invoke(MonitorFilter.java:74)
	at com.alibaba.dubbo.rpc.protocol.ProtocolFilterWrapper$1.invoke(ProtocolFilterWrapper.java:68)
	at com.alibaba.dubbo.rpc.protocol.dubbo.filter.FutureFilter.invoke(FutureFilter.java:53)
	at com.alibaba.dubbo.rpc.protocol.ProtocolFilterWrapper$1.invoke(ProtocolFilterWrapper.java:68)
	at com.alibaba.dubbo.rpc.filter.ConsumerContextFilter.invoke(ConsumerContextFilter.java:47)
	at com.alibaba.dubbo.rpc.protocol.ProtocolFilterWrapper$1.invoke(ProtocolFilterWrapper.java:68)
	at com.alibaba.dubbo.rpc.protocol.InvokerWrapper.invoke(InvokerWrapper.java:52)
	at com.alibaba.dubbo.rpc.cluster.support.FailoverClusterInvoker.doInvoke(FailoverClusterInvoker.java:77)
	... 19 common frames omitted
2018-05-31 10:13:11.487 [pool-1-thread-1] DEBUG exception_log - minuteSchedule exception={}
com.alibaba.dubbo.rpc.RpcException: Failed to invoke the method pushMsg in the service com.htdz.def.interfaces.TaskService. Tried 3 times of the providers [172.18.11.168:7401] (1/1) from the registry 127.0.0.1:2181 on the consumer 172.18.11.168 using the dubbo version 2.6.0. Last error is: Invoke remote method timeout. method: pushMsg, provider: dubbo://172.18.11.168:7401/com.htdz.def.interfaces.TaskService?anyhost=true&application=htdz-litefamily&check=false&dubbo=2.6.0&generic=false&interface=com.htdz.def.interfaces.TaskService&methods=pushMsg,getGpsAddress,regionAnalysis,pushVoiceMsg,getRongcloudToken&pid=8700&register.ip=172.18.11.168&remote.timestamp=1527732094619&revision=1.0.0&side=consumer&timeout=20000&timestamp=1527729721695&version=1.0.0, cause: Waiting server-side response timeout. start time: 2018-05-31 10:12:51.483, end time: 2018-05-31 10:13:11.484, client elapsed: 0 ms, server elapsed: 20001 ms, timeout: 20000 ms, request: Request [id=63, version=2.0.0, twoway=true, event=false, broken=false, data=RpcInvocation [methodName=pushMsg, parameterTypes=[class com.htdz.def.view.PushInfo, class com.htdz.def.view.UserConn], arguments=[PushInfo(did=null, equipId=66666666, msgType=4, alarmtype=null, datetime=Thu May 31 02:12:17 CST 2018, rcvTime=null, lat=null, lng=null, speed=null, direction=null, ranges=null, onlinestatus=null, title=ddfc), UserConn(name=66666666, timezone=0, deviceSn=66666666, ranges=5, connCountry=CN, isCustomizedApp=0, token=83f5064f9a1deeed95fa79b5794785ae548f2b014b6b4eb250d157b346249ad4, versions=3, certificate=1)], attachments={path=com.htdz.def.interfaces.TaskService, interface=com.htdz.def.interfaces.TaskService, version=1.0.0, timeout=20000}]], channel: /172.18.11.168:12733 -> /172.18.11.168:7401
	at com.alibaba.dubbo.rpc.cluster.support.FailoverClusterInvoker.doInvoke(FailoverClusterInvoker.java:101)
	at com.alibaba.dubbo.rpc.cluster.support.AbstractClusterInvoker.invoke(AbstractClusterInvoker.java:232)
	at com.alibaba.dubbo.rpc.cluster.support.wrapper.MockClusterInvoker.invoke(MockClusterInvoker.java:70)
	at com.alibaba.dubbo.rpc.proxy.InvokerInvocationHandler.invoke(InvokerInvocationHandler.java:51)
	at com.alibaba.dubbo.common.bytecode.proxy2.pushMsg(proxy2.java)
	at com.htdz.litefamily.dubbo.TaskServiceConsumer.pushMsg(TaskServiceConsumer.java:45)
	at com.htdz.litefamily.service.RemindServerManager.minuteSchedule(RemindServerManager.java:84)
	at sun.reflect.GeneratedMethodAccessor86.invoke(Unknown Source)
	at sun.reflect.DelegatingMethodAccessorImpl.invoke(DelegatingMethodAccessorImpl.java:43)
	at java.lang.reflect.Method.invoke(Method.java:498)
	at org.springframework.scheduling.support.ScheduledMethodRunnable.run(ScheduledMethodRunnable.java:65)
	at org.springframework.scheduling.support.DelegatingErrorHandlingRunnable.run(DelegatingErrorHandlingRunnable.java:54)
	at org.springframework.scheduling.concurrent.ReschedulingRunnable.run(ReschedulingRunnable.java:93)
	at java.util.concurrent.Executors$RunnableAdapter.call(Executors.java:511)
	at java.util.concurrent.FutureTask.run(FutureTask.java:266)
	at java.util.concurrent.ScheduledThreadPoolExecutor$ScheduledFutureTask.access$201(ScheduledThreadPoolExecutor.java:180)
	at java.util.concurrent.ScheduledThreadPoolExecutor$ScheduledFutureTask.run(ScheduledThreadPoolExecutor.java:293)
	at java.util.concurrent.ThreadPoolExecutor.runWorker(ThreadPoolExecutor.java:1149)
	at java.util.concurrent.ThreadPoolExecutor$Worker.run(ThreadPoolExecutor.java:624)
	at java.lang.Thread.run(Thread.java:748)
Caused by: com.alibaba.dubbo.remoting.TimeoutException: Waiting server-side response timeout. start time: 2018-05-31 10:12:51.483, end time: 2018-05-31 10:13:11.484, client elapsed: 0 ms, server elapsed: 20001 ms, timeout: 20000 ms, request: Request [id=63, version=2.0.0, twoway=true, event=false, broken=false, data=RpcInvocation [methodName=pushMsg, parameterTypes=[class com.htdz.def.view.PushInfo, class com.htdz.def.view.UserConn], arguments=[PushInfo(did=null, equipId=66666666, msgType=4, alarmtype=null, datetime=Thu May 31 02:12:17 CST 2018, rcvTime=null, lat=null, lng=null, speed=null, direction=null, ranges=null, onlinestatus=null, title=ddfc), UserConn(name=66666666, timezone=0, deviceSn=66666666, ranges=5, connCountry=CN, isCustomizedApp=0, token=83f5064f9a1deeed95fa79b5794785ae548f2b014b6b4eb250d157b346249ad4, versions=3, certificate=1)], attachments={path=com.htdz.def.interfaces.TaskService, interface=com.htdz.def.interfaces.TaskService, version=1.0.0, timeout=20000}]], channel: /172.18.11.168:12733 -> /172.18.11.168:7401
	at com.alibaba.dubbo.remoting.exchange.support.DefaultFuture.get(DefaultFuture.java:134)
	at com.alibaba.dubbo.remoting.exchange.support.DefaultFuture.get(DefaultFuture.java:111)
	at com.alibaba.dubbo.rpc.protocol.dubbo.DubboInvoker.doInvoke(DubboInvoker.java:95)
	at com.alibaba.dubbo.rpc.protocol.AbstractInvoker.invoke(AbstractInvoker.java:142)
	at com.alibaba.dubbo.rpc.listener.ListenerInvokerWrapper.invoke(ListenerInvokerWrapper.java:73)
	at com.alibaba.dubbo.monitor.support.MonitorFilter.invoke(MonitorFilter.java:74)
	at com.alibaba.dubbo.rpc.protocol.ProtocolFilterWrapper$1.invoke(ProtocolFilterWrapper.java:68)
	at com.alibaba.dubbo.rpc.protocol.dubbo.filter.FutureFilter.invoke(FutureFilter.java:53)
	at com.alibaba.dubbo.rpc.protocol.ProtocolFilterWrapper$1.invoke(ProtocolFilterWrapper.java:68)
	at com.alibaba.dubbo.rpc.filter.ConsumerContextFilter.invoke(ConsumerContextFilter.java:47)
	at com.alibaba.dubbo.rpc.protocol.ProtocolFilterWrapper$1.invoke(ProtocolFilterWrapper.java:68)
	at com.alibaba.dubbo.rpc.protocol.InvokerWrapper.invoke(InvokerWrapper.java:52)
	at com.alibaba.dubbo.rpc.cluster.support.FailoverClusterInvoker.doInvoke(FailoverClusterInvoker.java:77)
	... 19 common frames omitted
2018-05-31 21:01:00.135 [pool-1-thread-1] DEBUG exception_log - minuteSchedule exception={}
com.alibaba.dubbo.rpc.RpcException: No provider available from registry 127.0.0.1:2181 for service com.htdz.def.interfaces.TaskService:1.0.0 on consumer 172.18.11.168 use dubbo version 2.6.0, may be providers disabled or not registered ?
	at com.alibaba.dubbo.registry.integration.RegistryDirectory.doList(RegistryDirectory.java:572)
	at com.alibaba.dubbo.rpc.cluster.directory.AbstractDirectory.list(AbstractDirectory.java:73)
	at com.alibaba.dubbo.rpc.cluster.support.AbstractClusterInvoker.list(AbstractClusterInvoker.java:265)
	at com.alibaba.dubbo.rpc.cluster.support.AbstractClusterInvoker.invoke(AbstractClusterInvoker.java:224)
	at com.alibaba.dubbo.rpc.cluster.support.wrapper.MockClusterInvoker.invoke(MockClusterInvoker.java:70)
	at com.alibaba.dubbo.rpc.proxy.InvokerInvocationHandler.invoke(InvokerInvocationHandler.java:51)
	at com.alibaba.dubbo.common.bytecode.proxy2.pushMsg(proxy2.java)
	at com.htdz.litefamily.dubbo.TaskServiceConsumer.pushMsg(TaskServiceConsumer.java:45)
	at com.htdz.litefamily.service.RemindServerManager.minuteSchedule(RemindServerManager.java:84)
	at sun.reflect.GeneratedMethodAccessor88.invoke(Unknown Source)
	at sun.reflect.DelegatingMethodAccessorImpl.invoke(DelegatingMethodAccessorImpl.java:43)
	at java.lang.reflect.Method.invoke(Method.java:498)
	at org.springframework.scheduling.support.ScheduledMethodRunnable.run(ScheduledMethodRunnable.java:65)
	at org.springframework.scheduling.support.DelegatingErrorHandlingRunnable.run(DelegatingErrorHandlingRunnable.java:54)
	at org.springframework.scheduling.concurrent.ReschedulingRunnable.run(ReschedulingRunnable.java:93)
	at java.util.concurrent.Executors$RunnableAdapter.call(Executors.java:511)
	at java.util.concurrent.FutureTask.run(FutureTask.java:266)
	at java.util.concurrent.ScheduledThreadPoolExecutor$ScheduledFutureTask.access$201(ScheduledThreadPoolExecutor.java:180)
	at java.util.concurrent.ScheduledThreadPoolExecutor$ScheduledFutureTask.run(ScheduledThreadPoolExecutor.java:293)
	at java.util.concurrent.ThreadPoolExecutor.runWorker(ThreadPoolExecutor.java:1149)
	at java.util.concurrent.ThreadPoolExecutor$Worker.run(ThreadPoolExecutor.java:624)
	at java.lang.Thread.run(Thread.java:748)
2018-05-31 21:43:00.078 [pool-1-thread-1] DEBUG exception_log - minuteSchedule exception={}
com.alibaba.dubbo.rpc.RpcException: No provider available from registry 127.0.0.1:2181 for service com.htdz.def.interfaces.TaskService:1.0.0 on consumer 172.18.11.168 use dubbo version 2.6.0, may be providers disabled or not registered ?
	at com.alibaba.dubbo.registry.integration.RegistryDirectory.doList(RegistryDirectory.java:572)
	at com.alibaba.dubbo.rpc.cluster.directory.AbstractDirectory.list(AbstractDirectory.java:73)
	at com.alibaba.dubbo.rpc.cluster.support.AbstractClusterInvoker.list(AbstractClusterInvoker.java:265)
	at com.alibaba.dubbo.rpc.cluster.support.AbstractClusterInvoker.invoke(AbstractClusterInvoker.java:224)
	at com.alibaba.dubbo.rpc.cluster.support.wrapper.MockClusterInvoker.invoke(MockClusterInvoker.java:70)
	at com.alibaba.dubbo.rpc.proxy.InvokerInvocationHandler.invoke(InvokerInvocationHandler.java:51)
	at com.alibaba.dubbo.common.bytecode.proxy2.pushMsg(proxy2.java)
	at com.htdz.litefamily.dubbo.TaskServiceConsumer.pushMsg(TaskServiceConsumer.java:45)
	at com.htdz.litefamily.service.RemindServerManager.minuteSchedule(RemindServerManager.java:84)
	at sun.reflect.GeneratedMethodAccessor88.invoke(Unknown Source)
	at sun.reflect.DelegatingMethodAccessorImpl.invoke(DelegatingMethodAccessorImpl.java:43)
	at java.lang.reflect.Method.invoke(Method.java:498)
	at org.springframework.scheduling.support.ScheduledMethodRunnable.run(ScheduledMethodRunnable.java:65)
	at org.springframework.scheduling.support.DelegatingErrorHandlingRunnable.run(DelegatingErrorHandlingRunnable.java:54)
	at org.springframework.scheduling.concurrent.ReschedulingRunnable.run(ReschedulingRunnable.java:93)
	at java.util.concurrent.Executors$RunnableAdapter.call(Executors.java:511)
	at java.util.concurrent.FutureTask.run(FutureTask.java:266)
	at java.util.concurrent.ScheduledThreadPoolExecutor$ScheduledFutureTask.access$201(ScheduledThreadPoolExecutor.java:180)
	at java.util.concurrent.ScheduledThreadPoolExecutor$ScheduledFutureTask.run(ScheduledThreadPoolExecutor.java:293)
	at java.util.concurrent.ThreadPoolExecutor.runWorker(ThreadPoolExecutor.java:1149)
	at java.util.concurrent.ThreadPoolExecutor$Worker.run(ThreadPoolExecutor.java:624)
	at java.lang.Thread.run(Thread.java:748)
2018-05-31 21:44:00.050 [pool-1-thread-1] DEBUG exception_log - minuteSchedule exception={}
com.alibaba.dubbo.rpc.RpcException: No provider available from registry 127.0.0.1:2181 for service com.htdz.def.interfaces.TaskService:1.0.0 on consumer 172.18.11.168 use dubbo version 2.6.0, may be providers disabled or not registered ?
	at com.alibaba.dubbo.registry.integration.RegistryDirectory.doList(RegistryDirectory.java:572)
	at com.alibaba.dubbo.rpc.cluster.directory.AbstractDirectory.list(AbstractDirectory.java:73)
	at com.alibaba.dubbo.rpc.cluster.support.AbstractClusterInvoker.list(AbstractClusterInvoker.java:265)
	at com.alibaba.dubbo.rpc.cluster.support.AbstractClusterInvoker.invoke(AbstractClusterInvoker.java:224)
	at com.alibaba.dubbo.rpc.cluster.support.wrapper.MockClusterInvoker.invoke(MockClusterInvoker.java:70)
	at com.alibaba.dubbo.rpc.proxy.InvokerInvocationHandler.invoke(InvokerInvocationHandler.java:51)
	at com.alibaba.dubbo.common.bytecode.proxy2.pushMsg(proxy2.java)
	at com.htdz.litefamily.dubbo.TaskServiceConsumer.pushMsg(TaskServiceConsumer.java:45)
	at com.htdz.litefamily.service.RemindServerManager.minuteSchedule(RemindServerManager.java:84)
	at sun.reflect.GeneratedMethodAccessor88.invoke(Unknown Source)
	at sun.reflect.DelegatingMethodAccessorImpl.invoke(DelegatingMethodAccessorImpl.java:43)
	at java.lang.reflect.Method.invoke(Method.java:498)
	at org.springframework.scheduling.support.ScheduledMethodRunnable.run(ScheduledMethodRunnable.java:65)
	at org.springframework.scheduling.support.DelegatingErrorHandlingRunnable.run(DelegatingErrorHandlingRunnable.java:54)
	at org.springframework.scheduling.concurrent.ReschedulingRunnable.run(ReschedulingRunnable.java:93)
	at java.util.concurrent.Executors$RunnableAdapter.call(Executors.java:511)
	at java.util.concurrent.FutureTask.run(FutureTask.java:266)
	at java.util.concurrent.ScheduledThreadPoolExecutor$ScheduledFutureTask.access$201(ScheduledThreadPoolExecutor.java:180)
	at java.util.concurrent.ScheduledThreadPoolExecutor$ScheduledFutureTask.run(ScheduledThreadPoolExecutor.java:293)
	at java.util.concurrent.ThreadPoolExecutor.runWorker(ThreadPoolExecutor.java:1149)
	at java.util.concurrent.ThreadPoolExecutor$Worker.run(ThreadPoolExecutor.java:624)
	at java.lang.Thread.run(Thread.java:748)
2018-05-31 21:45:00.053 [pool-1-thread-1] DEBUG exception_log - minuteSchedule exception={}
com.alibaba.dubbo.rpc.RpcException: No provider available from registry 127.0.0.1:2181 for service com.htdz.def.interfaces.TaskService:1.0.0 on consumer 172.18.11.168 use dubbo version 2.6.0, may be providers disabled or not registered ?
	at com.alibaba.dubbo.registry.integration.RegistryDirectory.doList(RegistryDirectory.java:572)
	at com.alibaba.dubbo.rpc.cluster.directory.AbstractDirectory.list(AbstractDirectory.java:73)
	at com.alibaba.dubbo.rpc.cluster.support.AbstractClusterInvoker.list(AbstractClusterInvoker.java:265)
	at com.alibaba.dubbo.rpc.cluster.support.AbstractClusterInvoker.invoke(AbstractClusterInvoker.java:224)
	at com.alibaba.dubbo.rpc.cluster.support.wrapper.MockClusterInvoker.invoke(MockClusterInvoker.java:70)
	at com.alibaba.dubbo.rpc.proxy.InvokerInvocationHandler.invoke(InvokerInvocationHandler.java:51)
	at com.alibaba.dubbo.common.bytecode.proxy2.pushMsg(proxy2.java)
	at com.htdz.litefamily.dubbo.TaskServiceConsumer.pushMsg(TaskServiceConsumer.java:45)
	at com.htdz.litefamily.service.RemindServerManager.minuteSchedule(RemindServerManager.java:84)
	at sun.reflect.GeneratedMethodAccessor88.invoke(Unknown Source)
	at sun.reflect.DelegatingMethodAccessorImpl.invoke(DelegatingMethodAccessorImpl.java:43)
	at java.lang.reflect.Method.invoke(Method.java:498)
	at org.springframework.scheduling.support.ScheduledMethodRunnable.run(ScheduledMethodRunnable.java:65)
	at org.springframework.scheduling.support.DelegatingErrorHandlingRunnable.run(DelegatingErrorHandlingRunnable.java:54)
	at org.springframework.scheduling.concurrent.ReschedulingRunnable.run(ReschedulingRunnable.java:93)
	at java.util.concurrent.Executors$RunnableAdapter.call(Executors.java:511)
	at java.util.concurrent.FutureTask.run(FutureTask.java:266)
	at java.util.concurrent.ScheduledThreadPoolExecutor$ScheduledFutureTask.access$201(ScheduledThreadPoolExecutor.java:180)
	at java.util.concurrent.ScheduledThreadPoolExecutor$ScheduledFutureTask.run(ScheduledThreadPoolExecutor.java:293)
	at java.util.concurrent.ThreadPoolExecutor.runWorker(ThreadPoolExecutor.java:1149)
	at java.util.concurrent.ThreadPoolExecutor$Worker.run(ThreadPoolExecutor.java:624)
	at java.lang.Thread.run(Thread.java:748)
2018-05-31 21:54:00.048 [pool-1-thread-1] DEBUG exception_log - minuteSchedule exception={}
com.alibaba.dubbo.rpc.RpcException: No provider available from registry 127.0.0.1:2181 for service com.htdz.def.interfaces.TaskService:1.0.0 on consumer 172.18.11.168 use dubbo version 2.6.0, may be providers disabled or not registered ?
	at com.alibaba.dubbo.registry.integration.RegistryDirectory.doList(RegistryDirectory.java:572)
	at com.alibaba.dubbo.rpc.cluster.directory.AbstractDirectory.list(AbstractDirectory.java:73)
	at com.alibaba.dubbo.rpc.cluster.support.AbstractClusterInvoker.list(AbstractClusterInvoker.java:265)
	at com.alibaba.dubbo.rpc.cluster.support.AbstractClusterInvoker.invoke(AbstractClusterInvoker.java:224)
	at com.alibaba.dubbo.rpc.cluster.support.wrapper.MockClusterInvoker.invoke(MockClusterInvoker.java:70)
	at com.alibaba.dubbo.rpc.proxy.InvokerInvocationHandler.invoke(InvokerInvocationHandler.java:51)
	at com.alibaba.dubbo.common.bytecode.proxy2.pushMsg(proxy2.java)
	at com.htdz.litefamily.dubbo.TaskServiceConsumer.pushMsg(TaskServiceConsumer.java:45)
	at com.htdz.litefamily.service.RemindServerManager.minuteSchedule(RemindServerManager.java:84)
	at sun.reflect.GeneratedMethodAccessor88.invoke(Unknown Source)
	at sun.reflect.DelegatingMethodAccessorImpl.invoke(DelegatingMethodAccessorImpl.java:43)
	at java.lang.reflect.Method.invoke(Method.java:498)
	at org.springframework.scheduling.support.ScheduledMethodRunnable.run(ScheduledMethodRunnable.java:65)
	at org.springframework.scheduling.support.DelegatingErrorHandlingRunnable.run(DelegatingErrorHandlingRunnable.java:54)
	at org.springframework.scheduling.concurrent.ReschedulingRunnable.run(ReschedulingRunnable.java:93)
	at java.util.concurrent.Executors$RunnableAdapter.call(Executors.java:511)
	at java.util.concurrent.FutureTask.run(FutureTask.java:266)
	at java.util.concurrent.ScheduledThreadPoolExecutor$ScheduledFutureTask.access$201(ScheduledThreadPoolExecutor.java:180)
	at java.util.concurrent.ScheduledThreadPoolExecutor$ScheduledFutureTask.run(ScheduledThreadPoolExecutor.java:293)
	at java.util.concurrent.ThreadPoolExecutor.runWorker(ThreadPoolExecutor.java:1149)
	at java.util.concurrent.ThreadPoolExecutor$Worker.run(ThreadPoolExecutor.java:624)
	at java.lang.Thread.run(Thread.java:748)
2018-05-31 21:57:00.041 [pool-1-thread-1] DEBUG exception_log - minuteSchedule exception={}
com.alibaba.dubbo.rpc.RpcException: No provider available from registry 127.0.0.1:2181 for service com.htdz.def.interfaces.TaskService:1.0.0 on consumer 172.18.11.168 use dubbo version 2.6.0, may be providers disabled or not registered ?
	at com.alibaba.dubbo.registry.integration.RegistryDirectory.doList(RegistryDirectory.java:572)
	at com.alibaba.dubbo.rpc.cluster.directory.AbstractDirectory.list(AbstractDirectory.java:73)
	at com.alibaba.dubbo.rpc.cluster.support.AbstractClusterInvoker.list(AbstractClusterInvoker.java:265)
	at com.alibaba.dubbo.rpc.cluster.support.AbstractClusterInvoker.invoke(AbstractClusterInvoker.java:224)
	at com.alibaba.dubbo.rpc.cluster.support.wrapper.MockClusterInvoker.invoke(MockClusterInvoker.java:70)
	at com.alibaba.dubbo.rpc.proxy.InvokerInvocationHandler.invoke(InvokerInvocationHandler.java:51)
	at com.alibaba.dubbo.common.bytecode.proxy2.pushMsg(proxy2.java)
	at com.htdz.litefamily.dubbo.TaskServiceConsumer.pushMsg(TaskServiceConsumer.java:45)
	at com.htdz.litefamily.service.RemindServerManager.minuteSchedule(RemindServerManager.java:84)
	at sun.reflect.GeneratedMethodAccessor88.invoke(Unknown Source)
	at sun.reflect.DelegatingMethodAccessorImpl.invoke(DelegatingMethodAccessorImpl.java:43)
	at java.lang.reflect.Method.invoke(Method.java:498)
	at org.springframework.scheduling.support.ScheduledMethodRunnable.run(ScheduledMethodRunnable.java:65)
	at org.springframework.scheduling.support.DelegatingErrorHandlingRunnable.run(DelegatingErrorHandlingRunnable.java:54)
	at org.springframework.scheduling.concurrent.ReschedulingRunnable.run(ReschedulingRunnable.java:93)
	at java.util.concurrent.Executors$RunnableAdapter.call(Executors.java:511)
	at java.util.concurrent.FutureTask.run(FutureTask.java:266)
	at java.util.concurrent.ScheduledThreadPoolExecutor$ScheduledFutureTask.access$201(ScheduledThreadPoolExecutor.java:180)
	at java.util.concurrent.ScheduledThreadPoolExecutor$ScheduledFutureTask.run(ScheduledThreadPoolExecutor.java:293)
	at java.util.concurrent.ThreadPoolExecutor.runWorker(ThreadPoolExecutor.java:1149)
	at java.util.concurrent.ThreadPoolExecutor$Worker.run(ThreadPoolExecutor.java:624)
	at java.lang.Thread.run(Thread.java:748)
2018-05-31 22:03:00.050 [pool-1-thread-1] DEBUG exception_log - minuteSchedule exception={}
com.alibaba.dubbo.rpc.RpcException: No provider available from registry 127.0.0.1:2181 for service com.htdz.def.interfaces.TaskService:1.0.0 on consumer 172.18.11.168 use dubbo version 2.6.0, may be providers disabled or not registered ?
	at com.alibaba.dubbo.registry.integration.RegistryDirectory.doList(RegistryDirectory.java:572)
	at com.alibaba.dubbo.rpc.cluster.directory.AbstractDirectory.list(AbstractDirectory.java:73)
	at com.alibaba.dubbo.rpc.cluster.support.AbstractClusterInvoker.list(AbstractClusterInvoker.java:265)
	at com.alibaba.dubbo.rpc.cluster.support.AbstractClusterInvoker.invoke(AbstractClusterInvoker.java:224)
	at com.alibaba.dubbo.rpc.cluster.support.wrapper.MockClusterInvoker.invoke(MockClusterInvoker.java:70)
	at com.alibaba.dubbo.rpc.proxy.InvokerInvocationHandler.invoke(InvokerInvocationHandler.java:51)
	at com.alibaba.dubbo.common.bytecode.proxy2.pushMsg(proxy2.java)
	at com.htdz.litefamily.dubbo.TaskServiceConsumer.pushMsg(TaskServiceConsumer.java:45)
	at com.htdz.litefamily.service.RemindServerManager.minuteSchedule(RemindServerManager.java:84)
	at sun.reflect.GeneratedMethodAccessor88.invoke(Unknown Source)
	at sun.reflect.DelegatingMethodAccessorImpl.invoke(DelegatingMethodAccessorImpl.java:43)
	at java.lang.reflect.Method.invoke(Method.java:498)
	at org.springframework.scheduling.support.ScheduledMethodRunnable.run(ScheduledMethodRunnable.java:65)
	at org.springframework.scheduling.support.DelegatingErrorHandlingRunnable.run(DelegatingErrorHandlingRunnable.java:54)
	at org.springframework.scheduling.concurrent.ReschedulingRunnable.run(ReschedulingRunnable.java:93)
	at java.util.concurrent.Executors$RunnableAdapter.call(Executors.java:511)
	at java.util.concurrent.FutureTask.run(FutureTask.java:266)
	at java.util.concurrent.ScheduledThreadPoolExecutor$ScheduledFutureTask.access$201(ScheduledThreadPoolExecutor.java:180)
	at java.util.concurrent.ScheduledThreadPoolExecutor$ScheduledFutureTask.run(ScheduledThreadPoolExecutor.java:293)
	at java.util.concurrent.ThreadPoolExecutor.runWorker(ThreadPoolExecutor.java:1149)
	at java.util.concurrent.ThreadPoolExecutor$Worker.run(ThreadPoolExecutor.java:624)
	at java.lang.Thread.run(Thread.java:748)
2018-05-31 22:05:00.051 [pool-1-thread-1] DEBUG exception_log - minuteSchedule exception={}
com.alibaba.dubbo.rpc.RpcException: No provider available from registry 127.0.0.1:2181 for service com.htdz.def.interfaces.TaskService:1.0.0 on consumer 172.18.11.168 use dubbo version 2.6.0, may be providers disabled or not registered ?
	at com.alibaba.dubbo.registry.integration.RegistryDirectory.doList(RegistryDirectory.java:572)
	at com.alibaba.dubbo.rpc.cluster.directory.AbstractDirectory.list(AbstractDirectory.java:73)
	at com.alibaba.dubbo.rpc.cluster.support.AbstractClusterInvoker.list(AbstractClusterInvoker.java:265)
	at com.alibaba.dubbo.rpc.cluster.support.AbstractClusterInvoker.invoke(AbstractClusterInvoker.java:224)
	at com.alibaba.dubbo.rpc.cluster.support.wrapper.MockClusterInvoker.invoke(MockClusterInvoker.java:70)
	at com.alibaba.dubbo.rpc.proxy.InvokerInvocationHandler.invoke(InvokerInvocationHandler.java:51)
	at com.alibaba.dubbo.common.bytecode.proxy2.pushMsg(proxy2.java)
	at com.htdz.litefamily.dubbo.TaskServiceConsumer.pushMsg(TaskServiceConsumer.java:45)
	at com.htdz.litefamily.service.RemindServerManager.minuteSchedule(RemindServerManager.java:84)
	at sun.reflect.GeneratedMethodAccessor88.invoke(Unknown Source)
	at sun.reflect.DelegatingMethodAccessorImpl.invoke(DelegatingMethodAccessorImpl.java:43)
	at java.lang.reflect.Method.invoke(Method.java:498)
	at org.springframework.scheduling.support.ScheduledMethodRunnable.run(ScheduledMethodRunnable.java:65)
	at org.springframework.scheduling.support.DelegatingErrorHandlingRunnable.run(DelegatingErrorHandlingRunnable.java:54)
	at org.springframework.scheduling.concurrent.ReschedulingRunnable.run(ReschedulingRunnable.java:93)
	at java.util.concurrent.Executors$RunnableAdapter.call(Executors.java:511)
	at java.util.concurrent.FutureTask.run(FutureTask.java:266)
	at java.util.concurrent.ScheduledThreadPoolExecutor$ScheduledFutureTask.access$201(ScheduledThreadPoolExecutor.java:180)
	at java.util.concurrent.ScheduledThreadPoolExecutor$ScheduledFutureTask.run(ScheduledThreadPoolExecutor.java:293)
	at java.util.concurrent.ThreadPoolExecutor.runWorker(ThreadPoolExecutor.java:1149)
	at java.util.concurrent.ThreadPoolExecutor$Worker.run(ThreadPoolExecutor.java:624)
	at java.lang.Thread.run(Thread.java:748)
2018-05-31 22:07:00.048 [pool-1-thread-1] DEBUG exception_log - minuteSchedule exception={}
com.alibaba.dubbo.rpc.RpcException: No provider available from registry 127.0.0.1:2181 for service com.htdz.def.interfaces.TaskService:1.0.0 on consumer 172.18.11.168 use dubbo version 2.6.0, may be providers disabled or not registered ?
	at com.alibaba.dubbo.registry.integration.RegistryDirectory.doList(RegistryDirectory.java:572)
	at com.alibaba.dubbo.rpc.cluster.directory.AbstractDirectory.list(AbstractDirectory.java:73)
	at com.alibaba.dubbo.rpc.cluster.support.AbstractClusterInvoker.list(AbstractClusterInvoker.java:265)
	at com.alibaba.dubbo.rpc.cluster.support.AbstractClusterInvoker.invoke(AbstractClusterInvoker.java:224)
	at com.alibaba.dubbo.rpc.cluster.support.wrapper.MockClusterInvoker.invoke(MockClusterInvoker.java:70)
	at com.alibaba.dubbo.rpc.proxy.InvokerInvocationHandler.invoke(InvokerInvocationHandler.java:51)
	at com.alibaba.dubbo.common.bytecode.proxy2.pushMsg(proxy2.java)
	at com.htdz.litefamily.dubbo.TaskServiceConsumer.pushMsg(TaskServiceConsumer.java:45)
	at com.htdz.litefamily.service.RemindServerManager.minuteSchedule(RemindServerManager.java:84)
	at sun.reflect.GeneratedMethodAccessor88.invoke(Unknown Source)
	at sun.reflect.DelegatingMethodAccessorImpl.invoke(DelegatingMethodAccessorImpl.java:43)
	at java.lang.reflect.Method.invoke(Method.java:498)
	at org.springframework.scheduling.support.ScheduledMethodRunnable.run(ScheduledMethodRunnable.java:65)
	at org.springframework.scheduling.support.DelegatingErrorHandlingRunnable.run(DelegatingErrorHandlingRunnable.java:54)
	at org.springframework.scheduling.concurrent.ReschedulingRunnable.run(ReschedulingRunnable.java:93)
	at java.util.concurrent.Executors$RunnableAdapter.call(Executors.java:511)
	at java.util.concurrent.FutureTask.run(FutureTask.java:266)
	at java.util.concurrent.ScheduledThreadPoolExecutor$ScheduledFutureTask.access$201(ScheduledThreadPoolExecutor.java:180)
	at java.util.concurrent.ScheduledThreadPoolExecutor$ScheduledFutureTask.run(ScheduledThreadPoolExecutor.java:293)
	at java.util.concurrent.ThreadPoolExecutor.runWorker(ThreadPoolExecutor.java:1149)
	at java.util.concurrent.ThreadPoolExecutor$Worker.run(ThreadPoolExecutor.java:624)
	at java.lang.Thread.run(Thread.java:748)
2018-05-31 22:08:00.041 [pool-1-thread-1] DEBUG exception_log - minuteSchedule exception={}
com.alibaba.dubbo.rpc.RpcException: No provider available from registry 127.0.0.1:2181 for service com.htdz.def.interfaces.TaskService:1.0.0 on consumer 172.18.11.168 use dubbo version 2.6.0, may be providers disabled or not registered ?
	at com.alibaba.dubbo.registry.integration.RegistryDirectory.doList(RegistryDirectory.java:572)
	at com.alibaba.dubbo.rpc.cluster.directory.AbstractDirectory.list(AbstractDirectory.java:73)
	at com.alibaba.dubbo.rpc.cluster.support.AbstractClusterInvoker.list(AbstractClusterInvoker.java:265)
	at com.alibaba.dubbo.rpc.cluster.support.AbstractClusterInvoker.invoke(AbstractClusterInvoker.java:224)
	at com.alibaba.dubbo.rpc.cluster.support.wrapper.MockClusterInvoker.invoke(MockClusterInvoker.java:70)
	at com.alibaba.dubbo.rpc.proxy.InvokerInvocationHandler.invoke(InvokerInvocationHandler.java:51)
	at com.alibaba.dubbo.common.bytecode.proxy2.pushMsg(proxy2.java)
	at com.htdz.litefamily.dubbo.TaskServiceConsumer.pushMsg(TaskServiceConsumer.java:45)
	at com.htdz.litefamily.service.RemindServerManager.minuteSchedule(RemindServerManager.java:84)
	at sun.reflect.GeneratedMethodAccessor88.invoke(Unknown Source)
	at sun.reflect.DelegatingMethodAccessorImpl.invoke(DelegatingMethodAccessorImpl.java:43)
	at java.lang.reflect.Method.invoke(Method.java:498)
	at org.springframework.scheduling.support.ScheduledMethodRunnable.run(ScheduledMethodRunnable.java:65)
	at org.springframework.scheduling.support.DelegatingErrorHandlingRunnable.run(DelegatingErrorHandlingRunnable.java:54)
	at org.springframework.scheduling.concurrent.ReschedulingRunnable.run(ReschedulingRunnable.java:93)
	at java.util.concurrent.Executors$RunnableAdapter.call(Executors.java:511)
	at java.util.concurrent.FutureTask.run(FutureTask.java:266)
	at java.util.concurrent.ScheduledThreadPoolExecutor$ScheduledFutureTask.access$201(ScheduledThreadPoolExecutor.java:180)
	at java.util.concurrent.ScheduledThreadPoolExecutor$ScheduledFutureTask.run(ScheduledThreadPoolExecutor.java:293)
	at java.util.concurrent.ThreadPoolExecutor.runWorker(ThreadPoolExecutor.java:1149)
	at java.util.concurrent.ThreadPoolExecutor$Worker.run(ThreadPoolExecutor.java:624)
	at java.lang.Thread.run(Thread.java:748)
2018-05-31 22:10:00.039 [pool-1-thread-1] DEBUG exception_log - minuteSchedule exception={}
com.alibaba.dubbo.rpc.RpcException: No provider available from registry 127.0.0.1:2181 for service com.htdz.def.interfaces.TaskService:1.0.0 on consumer 172.18.11.168 use dubbo version 2.6.0, may be providers disabled or not registered ?
	at com.alibaba.dubbo.registry.integration.RegistryDirectory.doList(RegistryDirectory.java:572)
	at com.alibaba.dubbo.rpc.cluster.directory.AbstractDirectory.list(AbstractDirectory.java:73)
	at com.alibaba.dubbo.rpc.cluster.support.AbstractClusterInvoker.list(AbstractClusterInvoker.java:265)
	at com.alibaba.dubbo.rpc.cluster.support.AbstractClusterInvoker.invoke(AbstractClusterInvoker.java:224)
	at com.alibaba.dubbo.rpc.cluster.support.wrapper.MockClusterInvoker.invoke(MockClusterInvoker.java:70)
	at com.alibaba.dubbo.rpc.proxy.InvokerInvocationHandler.invoke(InvokerInvocationHandler.java:51)
	at com.alibaba.dubbo.common.bytecode.proxy2.pushMsg(proxy2.java)
	at com.htdz.litefamily.dubbo.TaskServiceConsumer.pushMsg(TaskServiceConsumer.java:45)
	at com.htdz.litefamily.service.RemindServerManager.minuteSchedule(RemindServerManager.java:84)
	at sun.reflect.GeneratedMethodAccessor88.invoke(Unknown Source)
	at sun.reflect.DelegatingMethodAccessorImpl.invoke(DelegatingMethodAccessorImpl.java:43)
	at java.lang.reflect.Method.invoke(Method.java:498)
	at org.springframework.scheduling.support.ScheduledMethodRunnable.run(ScheduledMethodRunnable.java:65)
	at org.springframework.scheduling.support.DelegatingErrorHandlingRunnable.run(DelegatingErrorHandlingRunnable.java:54)
	at org.springframework.scheduling.concurrent.ReschedulingRunnable.run(ReschedulingRunnable.java:93)
	at java.util.concurrent.Executors$RunnableAdapter.call(Executors.java:511)
	at java.util.concurrent.FutureTask.run(FutureTask.java:266)
	at java.util.concurrent.ScheduledThreadPoolExecutor$ScheduledFutureTask.access$201(ScheduledThreadPoolExecutor.java:180)
	at java.util.concurrent.ScheduledThreadPoolExecutor$ScheduledFutureTask.run(ScheduledThreadPoolExecutor.java:293)
	at java.util.concurrent.ThreadPoolExecutor.runWorker(ThreadPoolExecutor.java:1149)
	at java.util.concurrent.ThreadPoolExecutor$Worker.run(ThreadPoolExecutor.java:624)
	at java.lang.Thread.run(Thread.java:748)
