2018-07-05 09:22:25.415 [DubboServerHandler-172.18.11.168:7101-thread-134] DEBUG exception_log - hanleHttpRequest exception={}
java.lang.reflect.InvocationTargetException: null
	at sun.reflect.NativeMethodAccessorImpl.invoke0(Native Method)
	at sun.reflect.NativeMethodAccessorImpl.invoke(NativeMethodAccessorImpl.java:62)
	at sun.reflect.DelegatingMethodAccessorImpl.invoke(DelegatingMethodAccessorImpl.java:43)
	at java.lang.reflect.Method.invoke(Method.java:498)
	at com.htdz.reg.dubbo.RegServiceProvider.hanleRegService(RegServiceProvider.java:53)
	at com.alibaba.dubbo.common.bytecode.Wrapper2.invokeMethod(Wrapper2.java)
	at com.alibaba.dubbo.rpc.proxy.javassist.JavassistProxyFactory$1.doInvoke(JavassistProxyFactory.java:45)
	at com.alibaba.dubbo.rpc.proxy.AbstractProxyInvoker.invoke(AbstractProxyInvoker.java:71)
	at com.alibaba.dubbo.config.invoker.DelegateProviderMetaDataInvoker.invoke(DelegateProviderMetaDataInvoker.java:48)
	at com.alibaba.dubbo.rpc.protocol.InvokerWrapper.invoke(InvokerWrapper.java:52)
	at com.alibaba.dubbo.rpc.filter.ExceptionFilter.invoke(ExceptionFilter.java:61)
	at com.alibaba.dubbo.rpc.protocol.ProtocolFilterWrapper$1.invoke(ProtocolFilterWrapper.java:68)
	at com.alibaba.dubbo.monitor.support.MonitorFilter.invoke(MonitorFilter.java:74)
	at com.alibaba.dubbo.rpc.protocol.ProtocolFilterWrapper$1.invoke(ProtocolFilterWrapper.java:68)
	at com.alibaba.dubbo.rpc.filter.TimeoutFilter.invoke(TimeoutFilter.java:41)
	at com.alibaba.dubbo.rpc.protocol.ProtocolFilterWrapper$1.invoke(ProtocolFilterWrapper.java:68)
	at com.alibaba.dubbo.rpc.protocol.dubbo.filter.TraceFilter.invoke(TraceFilter.java:77)
	at com.alibaba.dubbo.rpc.protocol.ProtocolFilterWrapper$1.invoke(ProtocolFilterWrapper.java:68)
	at com.alibaba.dubbo.rpc.filter.ContextFilter.invoke(ContextFilter.java:71)
	at com.alibaba.dubbo.rpc.protocol.ProtocolFilterWrapper$1.invoke(ProtocolFilterWrapper.java:68)
	at com.alibaba.dubbo.rpc.filter.GenericFilter.invoke(GenericFilter.java:131)
	at com.alibaba.dubbo.rpc.protocol.ProtocolFilterWrapper$1.invoke(ProtocolFilterWrapper.java:68)
	at com.alibaba.dubbo.rpc.filter.ClassLoaderFilter.invoke(ClassLoaderFilter.java:37)
	at com.alibaba.dubbo.rpc.protocol.ProtocolFilterWrapper$1.invoke(ProtocolFilterWrapper.java:68)
	at com.alibaba.dubbo.rpc.filter.EchoFilter.invoke(EchoFilter.java:37)
	at com.alibaba.dubbo.rpc.protocol.ProtocolFilterWrapper$1.invoke(ProtocolFilterWrapper.java:68)
	at com.alibaba.dubbo.rpc.protocol.dubbo.DubboProtocol$1.reply(DubboProtocol.java:98)
	at com.alibaba.dubbo.remoting.exchange.support.header.HeaderExchangeHandler.handleRequest(HeaderExchangeHandler.java:96)
	at com.alibaba.dubbo.remoting.exchange.support.header.HeaderExchangeHandler.received(HeaderExchangeHandler.java:168)
	at com.alibaba.dubbo.remoting.transport.DecodeHandler.received(DecodeHandler.java:50)
	at com.alibaba.dubbo.remoting.transport.dispatcher.ChannelEventRunnable.run(ChannelEventRunnable.java:79)
	at java.util.concurrent.ThreadPoolExecutor.runWorker(ThreadPoolExecutor.java:1149)
	at java.util.concurrent.ThreadPoolExecutor$Worker.run(ThreadPoolExecutor.java:624)
	at java.lang.Thread.run(Thread.java:748)
Caused by: org.springframework.context.NoSuchMessageException: No message found under code 'commom.paramerror' for locale 'zh_CN'.
	at org.springframework.context.support.DelegatingMessageSource.getMessage(DelegatingMessageSource.java:76)
	at com.htdz.common.LanguageManager.getMsg(LanguageManager.java:16)
	at com.htdz.reg.service.ApiService.saveUserToken(ApiService.java:137)
	... 34 common frames omitted
2018-07-05 09:22:30.231 [DubboServerHandler-172.18.11.168:7101-thread-137] DEBUG exception_log - hanleHttpRequest exception={}
java.lang.reflect.InvocationTargetException: null
	at sun.reflect.NativeMethodAccessorImpl.invoke0(Native Method)
	at sun.reflect.NativeMethodAccessorImpl.invoke(NativeMethodAccessorImpl.java:62)
	at sun.reflect.DelegatingMethodAccessorImpl.invoke(DelegatingMethodAccessorImpl.java:43)
	at java.lang.reflect.Method.invoke(Method.java:498)
	at com.htdz.reg.dubbo.RegServiceProvider.hanleRegService(RegServiceProvider.java:53)
	at com.alibaba.dubbo.common.bytecode.Wrapper2.invokeMethod(Wrapper2.java)
	at com.alibaba.dubbo.rpc.proxy.javassist.JavassistProxyFactory$1.doInvoke(JavassistProxyFactory.java:45)
	at com.alibaba.dubbo.rpc.proxy.AbstractProxyInvoker.invoke(AbstractProxyInvoker.java:71)
	at com.alibaba.dubbo.config.invoker.DelegateProviderMetaDataInvoker.invoke(DelegateProviderMetaDataInvoker.java:48)
	at com.alibaba.dubbo.rpc.protocol.InvokerWrapper.invoke(InvokerWrapper.java:52)
	at com.alibaba.dubbo.rpc.filter.ExceptionFilter.invoke(ExceptionFilter.java:61)
	at com.alibaba.dubbo.rpc.protocol.ProtocolFilterWrapper$1.invoke(ProtocolFilterWrapper.java:68)
	at com.alibaba.dubbo.monitor.support.MonitorFilter.invoke(MonitorFilter.java:74)
	at com.alibaba.dubbo.rpc.protocol.ProtocolFilterWrapper$1.invoke(ProtocolFilterWrapper.java:68)
	at com.alibaba.dubbo.rpc.filter.TimeoutFilter.invoke(TimeoutFilter.java:41)
	at com.alibaba.dubbo.rpc.protocol.ProtocolFilterWrapper$1.invoke(ProtocolFilterWrapper.java:68)
	at com.alibaba.dubbo.rpc.protocol.dubbo.filter.TraceFilter.invoke(TraceFilter.java:77)
	at com.alibaba.dubbo.rpc.protocol.ProtocolFilterWrapper$1.invoke(ProtocolFilterWrapper.java:68)
	at com.alibaba.dubbo.rpc.filter.ContextFilter.invoke(ContextFilter.java:71)
	at com.alibaba.dubbo.rpc.protocol.ProtocolFilterWrapper$1.invoke(ProtocolFilterWrapper.java:68)
	at com.alibaba.dubbo.rpc.filter.GenericFilter.invoke(GenericFilter.java:131)
	at com.alibaba.dubbo.rpc.protocol.ProtocolFilterWrapper$1.invoke(ProtocolFilterWrapper.java:68)
	at com.alibaba.dubbo.rpc.filter.ClassLoaderFilter.invoke(ClassLoaderFilter.java:37)
	at com.alibaba.dubbo.rpc.protocol.ProtocolFilterWrapper$1.invoke(ProtocolFilterWrapper.java:68)
	at com.alibaba.dubbo.rpc.filter.EchoFilter.invoke(EchoFilter.java:37)
	at com.alibaba.dubbo.rpc.protocol.ProtocolFilterWrapper$1.invoke(ProtocolFilterWrapper.java:68)
	at com.alibaba.dubbo.rpc.protocol.dubbo.DubboProtocol$1.reply(DubboProtocol.java:98)
	at com.alibaba.dubbo.remoting.exchange.support.header.HeaderExchangeHandler.handleRequest(HeaderExchangeHandler.java:96)
	at com.alibaba.dubbo.remoting.exchange.support.header.HeaderExchangeHandler.received(HeaderExchangeHandler.java:168)
	at com.alibaba.dubbo.remoting.transport.DecodeHandler.received(DecodeHandler.java:50)
	at com.alibaba.dubbo.remoting.transport.dispatcher.ChannelEventRunnable.run(ChannelEventRunnable.java:79)
	at java.util.concurrent.ThreadPoolExecutor.runWorker(ThreadPoolExecutor.java:1149)
	at java.util.concurrent.ThreadPoolExecutor$Worker.run(ThreadPoolExecutor.java:624)
	at java.lang.Thread.run(Thread.java:748)
Caused by: org.springframework.context.NoSuchMessageException: No message found under code 'commom.paramerror' for locale 'zh_CN'.
	at org.springframework.context.support.DelegatingMessageSource.getMessage(DelegatingMessageSource.java:76)
	at com.htdz.common.LanguageManager.getMsg(LanguageManager.java:16)
	at com.htdz.reg.service.ApiService.saveUserToken(ApiService.java:137)
	... 34 common frames omitted
2018-07-05 09:22:49.186 [DubboServerHandler-172.18.11.168:7101-thread-140] DEBUG exception_log - hanleHttpRequest exception={}
java.lang.reflect.InvocationTargetException: null
	at sun.reflect.NativeMethodAccessorImpl.invoke0(Native Method)
	at sun.reflect.NativeMethodAccessorImpl.invoke(NativeMethodAccessorImpl.java:62)
	at sun.reflect.DelegatingMethodAccessorImpl.invoke(DelegatingMethodAccessorImpl.java:43)
	at java.lang.reflect.Method.invoke(Method.java:498)
	at com.htdz.reg.dubbo.RegServiceProvider.hanleRegService(RegServiceProvider.java:53)
	at com.alibaba.dubbo.common.bytecode.Wrapper2.invokeMethod(Wrapper2.java)
	at com.alibaba.dubbo.rpc.proxy.javassist.JavassistProxyFactory$1.doInvoke(JavassistProxyFactory.java:45)
	at com.alibaba.dubbo.rpc.proxy.AbstractProxyInvoker.invoke(AbstractProxyInvoker.java:71)
	at com.alibaba.dubbo.config.invoker.DelegateProviderMetaDataInvoker.invoke(DelegateProviderMetaDataInvoker.java:48)
	at com.alibaba.dubbo.rpc.protocol.InvokerWrapper.invoke(InvokerWrapper.java:52)
	at com.alibaba.dubbo.rpc.filter.ExceptionFilter.invoke(ExceptionFilter.java:61)
	at com.alibaba.dubbo.rpc.protocol.ProtocolFilterWrapper$1.invoke(ProtocolFilterWrapper.java:68)
	at com.alibaba.dubbo.monitor.support.MonitorFilter.invoke(MonitorFilter.java:74)
	at com.alibaba.dubbo.rpc.protocol.ProtocolFilterWrapper$1.invoke(ProtocolFilterWrapper.java:68)
	at com.alibaba.dubbo.rpc.filter.TimeoutFilter.invoke(TimeoutFilter.java:41)
	at com.alibaba.dubbo.rpc.protocol.ProtocolFilterWrapper$1.invoke(ProtocolFilterWrapper.java:68)
	at com.alibaba.dubbo.rpc.protocol.dubbo.filter.TraceFilter.invoke(TraceFilter.java:77)
	at com.alibaba.dubbo.rpc.protocol.ProtocolFilterWrapper$1.invoke(ProtocolFilterWrapper.java:68)
	at com.alibaba.dubbo.rpc.filter.ContextFilter.invoke(ContextFilter.java:71)
	at com.alibaba.dubbo.rpc.protocol.ProtocolFilterWrapper$1.invoke(ProtocolFilterWrapper.java:68)
	at com.alibaba.dubbo.rpc.filter.GenericFilter.invoke(GenericFilter.java:131)
	at com.alibaba.dubbo.rpc.protocol.ProtocolFilterWrapper$1.invoke(ProtocolFilterWrapper.java:68)
	at com.alibaba.dubbo.rpc.filter.ClassLoaderFilter.invoke(ClassLoaderFilter.java:37)
	at com.alibaba.dubbo.rpc.protocol.ProtocolFilterWrapper$1.invoke(ProtocolFilterWrapper.java:68)
	at com.alibaba.dubbo.rpc.filter.EchoFilter.invoke(EchoFilter.java:37)
	at com.alibaba.dubbo.rpc.protocol.ProtocolFilterWrapper$1.invoke(ProtocolFilterWrapper.java:68)
	at com.alibaba.dubbo.rpc.protocol.dubbo.DubboProtocol$1.reply(DubboProtocol.java:98)
	at com.alibaba.dubbo.remoting.exchange.support.header.HeaderExchangeHandler.handleRequest(HeaderExchangeHandler.java:96)
	at com.alibaba.dubbo.remoting.exchange.support.header.HeaderExchangeHandler.received(HeaderExchangeHandler.java:168)
	at com.alibaba.dubbo.remoting.transport.DecodeHandler.received(DecodeHandler.java:50)
	at com.alibaba.dubbo.remoting.transport.dispatcher.ChannelEventRunnable.run(ChannelEventRunnable.java:79)
	at java.util.concurrent.ThreadPoolExecutor.runWorker(ThreadPoolExecutor.java:1149)
	at java.util.concurrent.ThreadPoolExecutor$Worker.run(ThreadPoolExecutor.java:624)
	at java.lang.Thread.run(Thread.java:748)
Caused by: org.springframework.context.NoSuchMessageException: No message found under code 'commom.paramerror' for locale 'zh_CN'.
	at org.springframework.context.support.DelegatingMessageSource.getMessage(DelegatingMessageSource.java:76)
	at com.htdz.common.LanguageManager.getMsg(LanguageManager.java:16)
	at com.htdz.reg.service.ApiService.saveUserToken(ApiService.java:137)
	... 34 common frames omitted
2018-07-05 09:25:54.625 [DubboServerHandler-172.18.11.168:7101-thread-151] DEBUG exception_log - hanleHttpRequest exception={}
java.lang.reflect.InvocationTargetException: null
	at sun.reflect.NativeMethodAccessorImpl.invoke0(Native Method)
	at sun.reflect.NativeMethodAccessorImpl.invoke(NativeMethodAccessorImpl.java:62)
	at sun.reflect.DelegatingMethodAccessorImpl.invoke(DelegatingMethodAccessorImpl.java:43)
	at java.lang.reflect.Method.invoke(Method.java:498)
	at com.htdz.reg.dubbo.RegServiceProvider.hanleRegService(RegServiceProvider.java:53)
	at com.alibaba.dubbo.common.bytecode.Wrapper2.invokeMethod(Wrapper2.java)
	at com.alibaba.dubbo.rpc.proxy.javassist.JavassistProxyFactory$1.doInvoke(JavassistProxyFactory.java:45)
	at com.alibaba.dubbo.rpc.proxy.AbstractProxyInvoker.invoke(AbstractProxyInvoker.java:71)
	at com.alibaba.dubbo.config.invoker.DelegateProviderMetaDataInvoker.invoke(DelegateProviderMetaDataInvoker.java:48)
	at com.alibaba.dubbo.rpc.protocol.InvokerWrapper.invoke(InvokerWrapper.java:52)
	at com.alibaba.dubbo.rpc.filter.ExceptionFilter.invoke(ExceptionFilter.java:61)
	at com.alibaba.dubbo.rpc.protocol.ProtocolFilterWrapper$1.invoke(ProtocolFilterWrapper.java:68)
	at com.alibaba.dubbo.monitor.support.MonitorFilter.invoke(MonitorFilter.java:74)
	at com.alibaba.dubbo.rpc.protocol.ProtocolFilterWrapper$1.invoke(ProtocolFilterWrapper.java:68)
	at com.alibaba.dubbo.rpc.filter.TimeoutFilter.invoke(TimeoutFilter.java:41)
	at com.alibaba.dubbo.rpc.protocol.ProtocolFilterWrapper$1.invoke(ProtocolFilterWrapper.java:68)
	at com.alibaba.dubbo.rpc.protocol.dubbo.filter.TraceFilter.invoke(TraceFilter.java:77)
	at com.alibaba.dubbo.rpc.protocol.ProtocolFilterWrapper$1.invoke(ProtocolFilterWrapper.java:68)
	at com.alibaba.dubbo.rpc.filter.ContextFilter.invoke(ContextFilter.java:71)
	at com.alibaba.dubbo.rpc.protocol.ProtocolFilterWrapper$1.invoke(ProtocolFilterWrapper.java:68)
	at com.alibaba.dubbo.rpc.filter.GenericFilter.invoke(GenericFilter.java:131)
	at com.alibaba.dubbo.rpc.protocol.ProtocolFilterWrapper$1.invoke(ProtocolFilterWrapper.java:68)
	at com.alibaba.dubbo.rpc.filter.ClassLoaderFilter.invoke(ClassLoaderFilter.java:37)
	at com.alibaba.dubbo.rpc.protocol.ProtocolFilterWrapper$1.invoke(ProtocolFilterWrapper.java:68)
	at com.alibaba.dubbo.rpc.filter.EchoFilter.invoke(EchoFilter.java:37)
	at com.alibaba.dubbo.rpc.protocol.ProtocolFilterWrapper$1.invoke(ProtocolFilterWrapper.java:68)
	at com.alibaba.dubbo.rpc.protocol.dubbo.DubboProtocol$1.reply(DubboProtocol.java:98)
	at com.alibaba.dubbo.remoting.exchange.support.header.HeaderExchangeHandler.handleRequest(HeaderExchangeHandler.java:96)
	at com.alibaba.dubbo.remoting.exchange.support.header.HeaderExchangeHandler.received(HeaderExchangeHandler.java:168)
	at com.alibaba.dubbo.remoting.transport.DecodeHandler.received(DecodeHandler.java:50)
	at com.alibaba.dubbo.remoting.transport.dispatcher.ChannelEventRunnable.run(ChannelEventRunnable.java:79)
	at java.util.concurrent.ThreadPoolExecutor.runWorker(ThreadPoolExecutor.java:1149)
	at java.util.concurrent.ThreadPoolExecutor$Worker.run(ThreadPoolExecutor.java:624)
	at java.lang.Thread.run(Thread.java:748)
Caused by: org.springframework.context.NoSuchMessageException: No message found under code 'commom.paramerror' for locale 'zh_CN'.
	at org.springframework.context.support.DelegatingMessageSource.getMessage(DelegatingMessageSource.java:76)
	at com.htdz.common.LanguageManager.getMsg(LanguageManager.java:16)
	at com.htdz.reg.service.ApiService.saveUserToken(ApiService.java:137)
	... 34 common frames omitted
2018-07-05 09:27:10.521 [DubboServerHandler-172.18.11.168:7101-thread-157] DEBUG exception_log - hanleHttpRequest exception={}
java.lang.reflect.InvocationTargetException: null
	at sun.reflect.NativeMethodAccessorImpl.invoke0(Native Method)
	at sun.reflect.NativeMethodAccessorImpl.invoke(NativeMethodAccessorImpl.java:62)
	at sun.reflect.DelegatingMethodAccessorImpl.invoke(DelegatingMethodAccessorImpl.java:43)
	at java.lang.reflect.Method.invoke(Method.java:498)
	at com.htdz.reg.dubbo.RegServiceProvider.hanleRegService(RegServiceProvider.java:53)
	at com.alibaba.dubbo.common.bytecode.Wrapper2.invokeMethod(Wrapper2.java)
	at com.alibaba.dubbo.rpc.proxy.javassist.JavassistProxyFactory$1.doInvoke(JavassistProxyFactory.java:45)
	at com.alibaba.dubbo.rpc.proxy.AbstractProxyInvoker.invoke(AbstractProxyInvoker.java:71)
	at com.alibaba.dubbo.config.invoker.DelegateProviderMetaDataInvoker.invoke(DelegateProviderMetaDataInvoker.java:48)
	at com.alibaba.dubbo.rpc.protocol.InvokerWrapper.invoke(InvokerWrapper.java:52)
	at com.alibaba.dubbo.rpc.filter.ExceptionFilter.invoke(ExceptionFilter.java:61)
	at com.alibaba.dubbo.rpc.protocol.ProtocolFilterWrapper$1.invoke(ProtocolFilterWrapper.java:68)
	at com.alibaba.dubbo.monitor.support.MonitorFilter.invoke(MonitorFilter.java:74)
	at com.alibaba.dubbo.rpc.protocol.ProtocolFilterWrapper$1.invoke(ProtocolFilterWrapper.java:68)
	at com.alibaba.dubbo.rpc.filter.TimeoutFilter.invoke(TimeoutFilter.java:41)
	at com.alibaba.dubbo.rpc.protocol.ProtocolFilterWrapper$1.invoke(ProtocolFilterWrapper.java:68)
	at com.alibaba.dubbo.rpc.protocol.dubbo.filter.TraceFilter.invoke(TraceFilter.java:77)
	at com.alibaba.dubbo.rpc.protocol.ProtocolFilterWrapper$1.invoke(ProtocolFilterWrapper.java:68)
	at com.alibaba.dubbo.rpc.filter.ContextFilter.invoke(ContextFilter.java:71)
	at com.alibaba.dubbo.rpc.protocol.ProtocolFilterWrapper$1.invoke(ProtocolFilterWrapper.java:68)
	at com.alibaba.dubbo.rpc.filter.GenericFilter.invoke(GenericFilter.java:131)
	at com.alibaba.dubbo.rpc.protocol.ProtocolFilterWrapper$1.invoke(ProtocolFilterWrapper.java:68)
	at com.alibaba.dubbo.rpc.filter.ClassLoaderFilter.invoke(ClassLoaderFilter.java:37)
	at com.alibaba.dubbo.rpc.protocol.ProtocolFilterWrapper$1.invoke(ProtocolFilterWrapper.java:68)
	at com.alibaba.dubbo.rpc.filter.EchoFilter.invoke(EchoFilter.java:37)
	at com.alibaba.dubbo.rpc.protocol.ProtocolFilterWrapper$1.invoke(ProtocolFilterWrapper.java:68)
	at com.alibaba.dubbo.rpc.protocol.dubbo.DubboProtocol$1.reply(DubboProtocol.java:98)
	at com.alibaba.dubbo.remoting.exchange.support.header.HeaderExchangeHandler.handleRequest(HeaderExchangeHandler.java:96)
	at com.alibaba.dubbo.remoting.exchange.support.header.HeaderExchangeHandler.received(HeaderExchangeHandler.java:168)
	at com.alibaba.dubbo.remoting.transport.DecodeHandler.received(DecodeHandler.java:50)
	at com.alibaba.dubbo.remoting.transport.dispatcher.ChannelEventRunnable.run(ChannelEventRunnable.java:79)
	at java.util.concurrent.ThreadPoolExecutor.runWorker(ThreadPoolExecutor.java:1149)
	at java.util.concurrent.ThreadPoolExecutor$Worker.run(ThreadPoolExecutor.java:624)
	at java.lang.Thread.run(Thread.java:748)
Caused by: org.springframework.context.NoSuchMessageException: No message found under code 'commom.paramerror' for locale 'zh_CN'.
	at org.springframework.context.support.DelegatingMessageSource.getMessage(DelegatingMessageSource.java:76)
	at com.htdz.common.LanguageManager.getMsg(LanguageManager.java:16)
	at com.htdz.reg.service.ApiService.saveUserToken(ApiService.java:137)
	... 34 common frames omitted
2018-07-05 09:27:13.038 [DubboServerHandler-172.18.11.168:7101-thread-160] DEBUG exception_log - hanleHttpRequest exception={}
java.lang.reflect.InvocationTargetException: null
	at sun.reflect.NativeMethodAccessorImpl.invoke0(Native Method)
	at sun.reflect.NativeMethodAccessorImpl.invoke(NativeMethodAccessorImpl.java:62)
	at sun.reflect.DelegatingMethodAccessorImpl.invoke(DelegatingMethodAccessorImpl.java:43)
	at java.lang.reflect.Method.invoke(Method.java:498)
	at com.htdz.reg.dubbo.RegServiceProvider.hanleRegService(RegServiceProvider.java:53)
	at com.alibaba.dubbo.common.bytecode.Wrapper2.invokeMethod(Wrapper2.java)
	at com.alibaba.dubbo.rpc.proxy.javassist.JavassistProxyFactory$1.doInvoke(JavassistProxyFactory.java:45)
	at com.alibaba.dubbo.rpc.proxy.AbstractProxyInvoker.invoke(AbstractProxyInvoker.java:71)
	at com.alibaba.dubbo.config.invoker.DelegateProviderMetaDataInvoker.invoke(DelegateProviderMetaDataInvoker.java:48)
	at com.alibaba.dubbo.rpc.protocol.InvokerWrapper.invoke(InvokerWrapper.java:52)
	at com.alibaba.dubbo.rpc.filter.ExceptionFilter.invoke(ExceptionFilter.java:61)
	at com.alibaba.dubbo.rpc.protocol.ProtocolFilterWrapper$1.invoke(ProtocolFilterWrapper.java:68)
	at com.alibaba.dubbo.monitor.support.MonitorFilter.invoke(MonitorFilter.java:74)
	at com.alibaba.dubbo.rpc.protocol.ProtocolFilterWrapper$1.invoke(ProtocolFilterWrapper.java:68)
	at com.alibaba.dubbo.rpc.filter.TimeoutFilter.invoke(TimeoutFilter.java:41)
	at com.alibaba.dubbo.rpc.protocol.ProtocolFilterWrapper$1.invoke(ProtocolFilterWrapper.java:68)
	at com.alibaba.dubbo.rpc.protocol.dubbo.filter.TraceFilter.invoke(TraceFilter.java:77)
	at com.alibaba.dubbo.rpc.protocol.ProtocolFilterWrapper$1.invoke(ProtocolFilterWrapper.java:68)
	at com.alibaba.dubbo.rpc.filter.ContextFilter.invoke(ContextFilter.java:71)
	at com.alibaba.dubbo.rpc.protocol.ProtocolFilterWrapper$1.invoke(ProtocolFilterWrapper.java:68)
	at com.alibaba.dubbo.rpc.filter.GenericFilter.invoke(GenericFilter.java:131)
	at com.alibaba.dubbo.rpc.protocol.ProtocolFilterWrapper$1.invoke(ProtocolFilterWrapper.java:68)
	at com.alibaba.dubbo.rpc.filter.ClassLoaderFilter.invoke(ClassLoaderFilter.java:37)
	at com.alibaba.dubbo.rpc.protocol.ProtocolFilterWrapper$1.invoke(ProtocolFilterWrapper.java:68)
	at com.alibaba.dubbo.rpc.filter.EchoFilter.invoke(EchoFilter.java:37)
	at com.alibaba.dubbo.rpc.protocol.ProtocolFilterWrapper$1.invoke(ProtocolFilterWrapper.java:68)
	at com.alibaba.dubbo.rpc.protocol.dubbo.DubboProtocol$1.reply(DubboProtocol.java:98)
	at com.alibaba.dubbo.remoting.exchange.support.header.HeaderExchangeHandler.handleRequest(HeaderExchangeHandler.java:96)
	at com.alibaba.dubbo.remoting.exchange.support.header.HeaderExchangeHandler.received(HeaderExchangeHandler.java:168)
	at com.alibaba.dubbo.remoting.transport.DecodeHandler.received(DecodeHandler.java:50)
	at com.alibaba.dubbo.remoting.transport.dispatcher.ChannelEventRunnable.run(ChannelEventRunnable.java:79)
	at java.util.concurrent.ThreadPoolExecutor.runWorker(ThreadPoolExecutor.java:1149)
	at java.util.concurrent.ThreadPoolExecutor$Worker.run(ThreadPoolExecutor.java:624)
	at java.lang.Thread.run(Thread.java:748)
Caused by: org.springframework.context.NoSuchMessageException: No message found under code 'commom.paramerror' for locale 'zh_CN'.
	at org.springframework.context.support.DelegatingMessageSource.getMessage(DelegatingMessageSource.java:76)
	at com.htdz.common.LanguageManager.getMsg(LanguageManager.java:16)
	at com.htdz.reg.service.ApiService.saveUserToken(ApiService.java:137)
	... 34 common frames omitted
2018-07-05 09:27:14.318 [DubboServerHandler-172.18.11.168:7101-thread-163] DEBUG exception_log - hanleHttpRequest exception={}
java.lang.reflect.InvocationTargetException: null
	at sun.reflect.GeneratedMethodAccessor77.invoke(Unknown Source)
	at sun.reflect.DelegatingMethodAccessorImpl.invoke(DelegatingMethodAccessorImpl.java:43)
	at java.lang.reflect.Method.invoke(Method.java:498)
	at com.htdz.reg.dubbo.RegServiceProvider.hanleRegService(RegServiceProvider.java:53)
	at com.alibaba.dubbo.common.bytecode.Wrapper2.invokeMethod(Wrapper2.java)
	at com.alibaba.dubbo.rpc.proxy.javassist.JavassistProxyFactory$1.doInvoke(JavassistProxyFactory.java:45)
	at com.alibaba.dubbo.rpc.proxy.AbstractProxyInvoker.invoke(AbstractProxyInvoker.java:71)
	at com.alibaba.dubbo.config.invoker.DelegateProviderMetaDataInvoker.invoke(DelegateProviderMetaDataInvoker.java:48)
	at com.alibaba.dubbo.rpc.protocol.InvokerWrapper.invoke(InvokerWrapper.java:52)
	at com.alibaba.dubbo.rpc.filter.ExceptionFilter.invoke(ExceptionFilter.java:61)
	at com.alibaba.dubbo.rpc.protocol.ProtocolFilterWrapper$1.invoke(ProtocolFilterWrapper.java:68)
	at com.alibaba.dubbo.monitor.support.MonitorFilter.invoke(MonitorFilter.java:74)
	at com.alibaba.dubbo.rpc.protocol.ProtocolFilterWrapper$1.invoke(ProtocolFilterWrapper.java:68)
	at com.alibaba.dubbo.rpc.filter.TimeoutFilter.invoke(TimeoutFilter.java:41)
	at com.alibaba.dubbo.rpc.protocol.ProtocolFilterWrapper$1.invoke(ProtocolFilterWrapper.java:68)
	at com.alibaba.dubbo.rpc.protocol.dubbo.filter.TraceFilter.invoke(TraceFilter.java:77)
	at com.alibaba.dubbo.rpc.protocol.ProtocolFilterWrapper$1.invoke(ProtocolFilterWrapper.java:68)
	at com.alibaba.dubbo.rpc.filter.ContextFilter.invoke(ContextFilter.java:71)
	at com.alibaba.dubbo.rpc.protocol.ProtocolFilterWrapper$1.invoke(ProtocolFilterWrapper.java:68)
	at com.alibaba.dubbo.rpc.filter.GenericFilter.invoke(GenericFilter.java:131)
	at com.alibaba.dubbo.rpc.protocol.ProtocolFilterWrapper$1.invoke(ProtocolFilterWrapper.java:68)
	at com.alibaba.dubbo.rpc.filter.ClassLoaderFilter.invoke(ClassLoaderFilter.java:37)
	at com.alibaba.dubbo.rpc.protocol.ProtocolFilterWrapper$1.invoke(ProtocolFilterWrapper.java:68)
	at com.alibaba.dubbo.rpc.filter.EchoFilter.invoke(EchoFilter.java:37)
	at com.alibaba.dubbo.rpc.protocol.ProtocolFilterWrapper$1.invoke(ProtocolFilterWrapper.java:68)
	at com.alibaba.dubbo.rpc.protocol.dubbo.DubboProtocol$1.reply(DubboProtocol.java:98)
	at com.alibaba.dubbo.remoting.exchange.support.header.HeaderExchangeHandler.handleRequest(HeaderExchangeHandler.java:96)
	at com.alibaba.dubbo.remoting.exchange.support.header.HeaderExchangeHandler.received(HeaderExchangeHandler.java:168)
	at com.alibaba.dubbo.remoting.transport.DecodeHandler.received(DecodeHandler.java:50)
	at com.alibaba.dubbo.remoting.transport.dispatcher.ChannelEventRunnable.run(ChannelEventRunnable.java:79)
	at java.util.concurrent.ThreadPoolExecutor.runWorker(ThreadPoolExecutor.java:1149)
	at java.util.concurrent.ThreadPoolExecutor$Worker.run(ThreadPoolExecutor.java:624)
	at java.lang.Thread.run(Thread.java:748)
Caused by: org.springframework.context.NoSuchMessageException: No message found under code 'commom.paramerror' for locale 'zh_CN'.
	at org.springframework.context.support.DelegatingMessageSource.getMessage(DelegatingMessageSource.java:76)
	at com.htdz.common.LanguageManager.getMsg(LanguageManager.java:16)
	at com.htdz.reg.service.ApiService.saveUserToken(ApiService.java:137)
	... 33 common frames omitted
2018-07-05 13:54:28.114 [DubboServerHandler-172.18.11.168:7101-thread-32] DEBUG exception_log - Failed to invoke remote method: transferURLRequest, provider: dubbo://127.0.0.1:7010/com.htdz.def.interfaces.GatewaySerivce?application=htdz-reg&check=false&dubbo=2.6.0&interface=com.htdz.def.interfaces.GatewaySerivce&methods=isDeviceOnline,transferURLRequest,pushMessageToDevice,closeDevice,deviceOnlineCount,transferDeviceRequest&pid=156232&register.ip=172.18.11.168&retries=3&revision=1.0.0&side=consumer&timeout=5000&timestamp=1530754182922&version=1.0.0, cause: message can not send, because channel is closed . url:dubbo://127.0.0.1:7010/com.htdz.def.interfaces.GatewaySerivce?application=htdz-reg&check=false&codec=dubbo&dubbo=2.6.0&heartbeat=60000&interface=com.htdz.def.interfaces.GatewaySerivce&methods=isDeviceOnline,transferURLRequest,pushMessageToDevice,closeDevice,deviceOnlineCount,transferDeviceRequest&pid=156232&register.ip=172.18.11.168&retries=3&revision=1.0.0&side=consumer&timeout=5000&timestamp=1530754182922&version=1.0.0
com.alibaba.dubbo.rpc.RpcException: Failed to invoke remote method: transferURLRequest, provider: dubbo://127.0.0.1:7010/com.htdz.def.interfaces.GatewaySerivce?application=htdz-reg&check=false&dubbo=2.6.0&interface=com.htdz.def.interfaces.GatewaySerivce&methods=isDeviceOnline,transferURLRequest,pushMessageToDevice,closeDevice,deviceOnlineCount,transferDeviceRequest&pid=156232&register.ip=172.18.11.168&retries=3&revision=1.0.0&side=consumer&timeout=5000&timestamp=1530754182922&version=1.0.0, cause: message can not send, because channel is closed . url:dubbo://127.0.0.1:7010/com.htdz.def.interfaces.GatewaySerivce?application=htdz-reg&check=false&codec=dubbo&dubbo=2.6.0&heartbeat=60000&interface=com.htdz.def.interfaces.GatewaySerivce&methods=isDeviceOnline,transferURLRequest,pushMessageToDevice,closeDevice,deviceOnlineCount,transferDeviceRequest&pid=156232&register.ip=172.18.11.168&retries=3&revision=1.0.0&side=consumer&timeout=5000&timestamp=1530754182922&version=1.0.0
	at com.alibaba.dubbo.rpc.protocol.dubbo.DubboInvoker.doInvoke(DubboInvoker.java:100)
	at com.alibaba.dubbo.rpc.protocol.AbstractInvoker.invoke(AbstractInvoker.java:142)
	at com.alibaba.dubbo.rpc.listener.ListenerInvokerWrapper.invoke(ListenerInvokerWrapper.java:73)
	at com.alibaba.dubbo.monitor.support.MonitorFilter.invoke(MonitorFilter.java:74)
	at com.alibaba.dubbo.rpc.protocol.ProtocolFilterWrapper$1.invoke(ProtocolFilterWrapper.java:68)
	at com.alibaba.dubbo.rpc.protocol.dubbo.filter.FutureFilter.invoke(FutureFilter.java:53)
	at com.alibaba.dubbo.rpc.protocol.ProtocolFilterWrapper$1.invoke(ProtocolFilterWrapper.java:68)
	at com.alibaba.dubbo.rpc.filter.ConsumerContextFilter.invoke(ConsumerContextFilter.java:47)
	at com.alibaba.dubbo.rpc.protocol.ProtocolFilterWrapper$1.invoke(ProtocolFilterWrapper.java:68)
	at com.alibaba.dubbo.rpc.proxy.InvokerInvocationHandler.invoke(InvokerInvocationHandler.java:51)
	at com.alibaba.dubbo.common.bytecode.proxy1.transferURLRequest(proxy1.java)
	at com.htdz.reg.dubbo.GatewaySerivceConsumer.transferURLRequest(GatewaySerivceConsumer.java:140)
	at com.htdz.reg.dubbo.RegServiceProvider.hanleHttpRequest(RegServiceProvider.java:36)
	at com.alibaba.dubbo.common.bytecode.Wrapper2.invokeMethod(Wrapper2.java)
	at com.alibaba.dubbo.rpc.proxy.javassist.JavassistProxyFactory$1.doInvoke(JavassistProxyFactory.java:45)
	at com.alibaba.dubbo.rpc.proxy.AbstractProxyInvoker.invoke(AbstractProxyInvoker.java:71)
	at com.alibaba.dubbo.config.invoker.DelegateProviderMetaDataInvoker.invoke(DelegateProviderMetaDataInvoker.java:48)
	at com.alibaba.dubbo.rpc.protocol.InvokerWrapper.invoke(InvokerWrapper.java:52)
	at com.alibaba.dubbo.rpc.filter.ExceptionFilter.invoke(ExceptionFilter.java:61)
	at com.alibaba.dubbo.rpc.protocol.ProtocolFilterWrapper$1.invoke(ProtocolFilterWrapper.java:68)
	at com.alibaba.dubbo.monitor.support.MonitorFilter.invoke(MonitorFilter.java:74)
	at com.alibaba.dubbo.rpc.protocol.ProtocolFilterWrapper$1.invoke(ProtocolFilterWrapper.java:68)
	at com.alibaba.dubbo.rpc.filter.TimeoutFilter.invoke(TimeoutFilter.java:41)
	at com.alibaba.dubbo.rpc.protocol.ProtocolFilterWrapper$1.invoke(ProtocolFilterWrapper.java:68)
	at com.alibaba.dubbo.rpc.protocol.dubbo.filter.TraceFilter.invoke(TraceFilter.java:77)
	at com.alibaba.dubbo.rpc.protocol.ProtocolFilterWrapper$1.invoke(ProtocolFilterWrapper.java:68)
	at com.alibaba.dubbo.rpc.filter.ContextFilter.invoke(ContextFilter.java:71)
	at com.alibaba.dubbo.rpc.protocol.ProtocolFilterWrapper$1.invoke(ProtocolFilterWrapper.java:68)
	at com.alibaba.dubbo.rpc.filter.GenericFilter.invoke(GenericFilter.java:131)
	at com.alibaba.dubbo.rpc.protocol.ProtocolFilterWrapper$1.invoke(ProtocolFilterWrapper.java:68)
	at com.alibaba.dubbo.rpc.filter.ClassLoaderFilter.invoke(ClassLoaderFilter.java:37)
	at com.alibaba.dubbo.rpc.protocol.ProtocolFilterWrapper$1.invoke(ProtocolFilterWrapper.java:68)
	at com.alibaba.dubbo.rpc.filter.EchoFilter.invoke(EchoFilter.java:37)
	at com.alibaba.dubbo.rpc.protocol.ProtocolFilterWrapper$1.invoke(ProtocolFilterWrapper.java:68)
	at com.alibaba.dubbo.rpc.protocol.dubbo.DubboProtocol$1.reply(DubboProtocol.java:98)
	at com.alibaba.dubbo.remoting.exchange.support.header.HeaderExchangeHandler.handleRequest(HeaderExchangeHandler.java:96)
	at com.alibaba.dubbo.remoting.exchange.support.header.HeaderExchangeHandler.received(HeaderExchangeHandler.java:168)
	at com.alibaba.dubbo.remoting.transport.DecodeHandler.received(DecodeHandler.java:50)
	at com.alibaba.dubbo.remoting.transport.dispatcher.ChannelEventRunnable.run(ChannelEventRunnable.java:79)
	at java.util.concurrent.ThreadPoolExecutor.runWorker(ThreadPoolExecutor.java:1149)
	at java.util.concurrent.ThreadPoolExecutor$Worker.run(ThreadPoolExecutor.java:624)
	at java.lang.Thread.run(Thread.java:748)
Caused by: com.alibaba.dubbo.remoting.RemotingException: message can not send, because channel is closed . url:dubbo://127.0.0.1:7010/com.htdz.def.interfaces.GatewaySerivce?application=htdz-reg&check=false&codec=dubbo&dubbo=2.6.0&heartbeat=60000&interface=com.htdz.def.interfaces.GatewaySerivce&methods=isDeviceOnline,transferURLRequest,pushMessageToDevice,closeDevice,deviceOnlineCount,transferDeviceRequest&pid=156232&register.ip=172.18.11.168&retries=3&revision=1.0.0&side=consumer&timeout=5000&timestamp=1530754182922&version=1.0.0
	at com.alibaba.dubbo.remoting.transport.AbstractClient.send(AbstractClient.java:254)
	at com.alibaba.dubbo.remoting.transport.AbstractPeer.send(AbstractPeer.java:52)
	at com.alibaba.dubbo.remoting.exchange.support.header.HeaderExchangeChannel.request(HeaderExchangeChannel.java:111)
	at com.alibaba.dubbo.remoting.exchange.support.header.HeaderExchangeClient.request(HeaderExchangeClient.java:86)
	at com.alibaba.dubbo.rpc.protocol.dubbo.ReferenceCountExchangeClient.request(ReferenceCountExchangeClient.java:77)
	at com.alibaba.dubbo.rpc.protocol.dubbo.DubboInvoker.doInvoke(DubboInvoker.java:95)
	... 41 common frames omitted
2018-07-05 13:55:00.125 [DubboServerHandler-172.18.11.168:7101-thread-33] DEBUG exception_log - Failed to invoke remote method: transferURLRequest, provider: dubbo://127.0.0.1:7010/com.htdz.def.interfaces.GatewaySerivce?application=htdz-reg&check=false&dubbo=2.6.0&interface=com.htdz.def.interfaces.GatewaySerivce&methods=isDeviceOnline,transferURLRequest,pushMessageToDevice,closeDevice,deviceOnlineCount,transferDeviceRequest&pid=156232&register.ip=172.18.11.168&retries=3&revision=1.0.0&side=consumer&timeout=5000&timestamp=1530754182922&version=1.0.0, cause: message can not send, because channel is closed . url:dubbo://127.0.0.1:7010/com.htdz.def.interfaces.GatewaySerivce?application=htdz-reg&check=false&codec=dubbo&dubbo=2.6.0&heartbeat=60000&interface=com.htdz.def.interfaces.GatewaySerivce&methods=isDeviceOnline,transferURLRequest,pushMessageToDevice,closeDevice,deviceOnlineCount,transferDeviceRequest&pid=156232&register.ip=172.18.11.168&retries=3&revision=1.0.0&side=consumer&timeout=5000&timestamp=1530754182922&version=1.0.0
com.alibaba.dubbo.rpc.RpcException: Failed to invoke remote method: transferURLRequest, provider: dubbo://127.0.0.1:7010/com.htdz.def.interfaces.GatewaySerivce?application=htdz-reg&check=false&dubbo=2.6.0&interface=com.htdz.def.interfaces.GatewaySerivce&methods=isDeviceOnline,transferURLRequest,pushMessageToDevice,closeDevice,deviceOnlineCount,transferDeviceRequest&pid=156232&register.ip=172.18.11.168&retries=3&revision=1.0.0&side=consumer&timeout=5000&timestamp=1530754182922&version=1.0.0, cause: message can not send, because channel is closed . url:dubbo://127.0.0.1:7010/com.htdz.def.interfaces.GatewaySerivce?application=htdz-reg&check=false&codec=dubbo&dubbo=2.6.0&heartbeat=60000&interface=com.htdz.def.interfaces.GatewaySerivce&methods=isDeviceOnline,transferURLRequest,pushMessageToDevice,closeDevice,deviceOnlineCount,transferDeviceRequest&pid=156232&register.ip=172.18.11.168&retries=3&revision=1.0.0&side=consumer&timeout=5000&timestamp=1530754182922&version=1.0.0
	at com.alibaba.dubbo.rpc.protocol.dubbo.DubboInvoker.doInvoke(DubboInvoker.java:100)
	at com.alibaba.dubbo.rpc.protocol.AbstractInvoker.invoke(AbstractInvoker.java:142)
	at com.alibaba.dubbo.rpc.listener.ListenerInvokerWrapper.invoke(ListenerInvokerWrapper.java:73)
	at com.alibaba.dubbo.monitor.support.MonitorFilter.invoke(MonitorFilter.java:74)
	at com.alibaba.dubbo.rpc.protocol.ProtocolFilterWrapper$1.invoke(ProtocolFilterWrapper.java:68)
	at com.alibaba.dubbo.rpc.protocol.dubbo.filter.FutureFilter.invoke(FutureFilter.java:53)
	at com.alibaba.dubbo.rpc.protocol.ProtocolFilterWrapper$1.invoke(ProtocolFilterWrapper.java:68)
	at com.alibaba.dubbo.rpc.filter.ConsumerContextFilter.invoke(ConsumerContextFilter.java:47)
	at com.alibaba.dubbo.rpc.protocol.ProtocolFilterWrapper$1.invoke(ProtocolFilterWrapper.java:68)
	at com.alibaba.dubbo.rpc.proxy.InvokerInvocationHandler.invoke(InvokerInvocationHandler.java:51)
	at com.alibaba.dubbo.common.bytecode.proxy1.transferURLRequest(proxy1.java)
	at com.htdz.reg.dubbo.GatewaySerivceConsumer.transferURLRequest(GatewaySerivceConsumer.java:140)
	at com.htdz.reg.dubbo.RegServiceProvider.hanleHttpRequest(RegServiceProvider.java:36)
	at com.alibaba.dubbo.common.bytecode.Wrapper2.invokeMethod(Wrapper2.java)
	at com.alibaba.dubbo.rpc.proxy.javassist.JavassistProxyFactory$1.doInvoke(JavassistProxyFactory.java:45)
	at com.alibaba.dubbo.rpc.proxy.AbstractProxyInvoker.invoke(AbstractProxyInvoker.java:71)
	at com.alibaba.dubbo.config.invoker.DelegateProviderMetaDataInvoker.invoke(DelegateProviderMetaDataInvoker.java:48)
	at com.alibaba.dubbo.rpc.protocol.InvokerWrapper.invoke(InvokerWrapper.java:52)
	at com.alibaba.dubbo.rpc.filter.ExceptionFilter.invoke(ExceptionFilter.java:61)
	at com.alibaba.dubbo.rpc.protocol.ProtocolFilterWrapper$1.invoke(ProtocolFilterWrapper.java:68)
	at com.alibaba.dubbo.monitor.support.MonitorFilter.invoke(MonitorFilter.java:74)
	at com.alibaba.dubbo.rpc.protocol.ProtocolFilterWrapper$1.invoke(ProtocolFilterWrapper.java:68)
	at com.alibaba.dubbo.rpc.filter.TimeoutFilter.invoke(TimeoutFilter.java:41)
	at com.alibaba.dubbo.rpc.protocol.ProtocolFilterWrapper$1.invoke(ProtocolFilterWrapper.java:68)
	at com.alibaba.dubbo.rpc.protocol.dubbo.filter.TraceFilter.invoke(TraceFilter.java:77)
	at com.alibaba.dubbo.rpc.protocol.ProtocolFilterWrapper$1.invoke(ProtocolFilterWrapper.java:68)
	at com.alibaba.dubbo.rpc.filter.ContextFilter.invoke(ContextFilter.java:71)
	at com.alibaba.dubbo.rpc.protocol.ProtocolFilterWrapper$1.invoke(ProtocolFilterWrapper.java:68)
	at com.alibaba.dubbo.rpc.filter.GenericFilter.invoke(GenericFilter.java:131)
	at com.alibaba.dubbo.rpc.protocol.ProtocolFilterWrapper$1.invoke(ProtocolFilterWrapper.java:68)
	at com.alibaba.dubbo.rpc.filter.ClassLoaderFilter.invoke(ClassLoaderFilter.java:37)
	at com.alibaba.dubbo.rpc.protocol.ProtocolFilterWrapper$1.invoke(ProtocolFilterWrapper.java:68)
	at com.alibaba.dubbo.rpc.filter.EchoFilter.invoke(EchoFilter.java:37)
	at com.alibaba.dubbo.rpc.protocol.ProtocolFilterWrapper$1.invoke(ProtocolFilterWrapper.java:68)
	at com.alibaba.dubbo.rpc.protocol.dubbo.DubboProtocol$1.reply(DubboProtocol.java:98)
	at com.alibaba.dubbo.remoting.exchange.support.header.HeaderExchangeHandler.handleRequest(HeaderExchangeHandler.java:96)
	at com.alibaba.dubbo.remoting.exchange.support.header.HeaderExchangeHandler.received(HeaderExchangeHandler.java:168)
	at com.alibaba.dubbo.remoting.transport.DecodeHandler.received(DecodeHandler.java:50)
	at com.alibaba.dubbo.remoting.transport.dispatcher.ChannelEventRunnable.run(ChannelEventRunnable.java:79)
	at java.util.concurrent.ThreadPoolExecutor.runWorker(ThreadPoolExecutor.java:1149)
	at java.util.concurrent.ThreadPoolExecutor$Worker.run(ThreadPoolExecutor.java:624)
	at java.lang.Thread.run(Thread.java:748)
Caused by: com.alibaba.dubbo.remoting.RemotingException: message can not send, because channel is closed . url:dubbo://127.0.0.1:7010/com.htdz.def.interfaces.GatewaySerivce?application=htdz-reg&check=false&codec=dubbo&dubbo=2.6.0&heartbeat=60000&interface=com.htdz.def.interfaces.GatewaySerivce&methods=isDeviceOnline,transferURLRequest,pushMessageToDevice,closeDevice,deviceOnlineCount,transferDeviceRequest&pid=156232&register.ip=172.18.11.168&retries=3&revision=1.0.0&side=consumer&timeout=5000&timestamp=1530754182922&version=1.0.0
	at com.alibaba.dubbo.remoting.transport.AbstractClient.send(AbstractClient.java:254)
	at com.alibaba.dubbo.remoting.transport.AbstractPeer.send(AbstractPeer.java:52)
	at com.alibaba.dubbo.remoting.exchange.support.header.HeaderExchangeChannel.request(HeaderExchangeChannel.java:111)
	at com.alibaba.dubbo.remoting.exchange.support.header.HeaderExchangeClient.request(HeaderExchangeClient.java:86)
	at com.alibaba.dubbo.rpc.protocol.dubbo.ReferenceCountExchangeClient.request(ReferenceCountExchangeClient.java:77)
	at com.alibaba.dubbo.rpc.protocol.dubbo.DubboInvoker.doInvoke(DubboInvoker.java:95)
	... 41 common frames omitted
2018-07-05 13:55:36.362 [DubboServerHandler-172.18.11.168:7101-thread-34] DEBUG exception_log - Failed to invoke remote method: transferURLRequest, provider: dubbo://127.0.0.1:7010/com.htdz.def.interfaces.GatewaySerivce?application=htdz-reg&check=false&dubbo=2.6.0&interface=com.htdz.def.interfaces.GatewaySerivce&methods=isDeviceOnline,transferURLRequest,pushMessageToDevice,closeDevice,deviceOnlineCount,transferDeviceRequest&pid=156232&register.ip=172.18.11.168&retries=3&revision=1.0.0&side=consumer&timeout=5000&timestamp=1530754182922&version=1.0.0, cause: message can not send, because channel is closed . url:dubbo://127.0.0.1:7010/com.htdz.def.interfaces.GatewaySerivce?application=htdz-reg&check=false&codec=dubbo&dubbo=2.6.0&heartbeat=60000&interface=com.htdz.def.interfaces.GatewaySerivce&methods=isDeviceOnline,transferURLRequest,pushMessageToDevice,closeDevice,deviceOnlineCount,transferDeviceRequest&pid=156232&register.ip=172.18.11.168&retries=3&revision=1.0.0&side=consumer&timeout=5000&timestamp=1530754182922&version=1.0.0
com.alibaba.dubbo.rpc.RpcException: Failed to invoke remote method: transferURLRequest, provider: dubbo://127.0.0.1:7010/com.htdz.def.interfaces.GatewaySerivce?application=htdz-reg&check=false&dubbo=2.6.0&interface=com.htdz.def.interfaces.GatewaySerivce&methods=isDeviceOnline,transferURLRequest,pushMessageToDevice,closeDevice,deviceOnlineCount,transferDeviceRequest&pid=156232&register.ip=172.18.11.168&retries=3&revision=1.0.0&side=consumer&timeout=5000&timestamp=1530754182922&version=1.0.0, cause: message can not send, because channel is closed . url:dubbo://127.0.0.1:7010/com.htdz.def.interfaces.GatewaySerivce?application=htdz-reg&check=false&codec=dubbo&dubbo=2.6.0&heartbeat=60000&interface=com.htdz.def.interfaces.GatewaySerivce&methods=isDeviceOnline,transferURLRequest,pushMessageToDevice,closeDevice,deviceOnlineCount,transferDeviceRequest&pid=156232&register.ip=172.18.11.168&retries=3&revision=1.0.0&side=consumer&timeout=5000&timestamp=1530754182922&version=1.0.0
	at com.alibaba.dubbo.rpc.protocol.dubbo.DubboInvoker.doInvoke(DubboInvoker.java:100)
	at com.alibaba.dubbo.rpc.protocol.AbstractInvoker.invoke(AbstractInvoker.java:142)
	at com.alibaba.dubbo.rpc.listener.ListenerInvokerWrapper.invoke(ListenerInvokerWrapper.java:73)
	at com.alibaba.dubbo.monitor.support.MonitorFilter.invoke(MonitorFilter.java:74)
	at com.alibaba.dubbo.rpc.protocol.ProtocolFilterWrapper$1.invoke(ProtocolFilterWrapper.java:68)
	at com.alibaba.dubbo.rpc.protocol.dubbo.filter.FutureFilter.invoke(FutureFilter.java:53)
	at com.alibaba.dubbo.rpc.protocol.ProtocolFilterWrapper$1.invoke(ProtocolFilterWrapper.java:68)
	at com.alibaba.dubbo.rpc.filter.ConsumerContextFilter.invoke(ConsumerContextFilter.java:47)
	at com.alibaba.dubbo.rpc.protocol.ProtocolFilterWrapper$1.invoke(ProtocolFilterWrapper.java:68)
	at com.alibaba.dubbo.rpc.proxy.InvokerInvocationHandler.invoke(InvokerInvocationHandler.java:51)
	at com.alibaba.dubbo.common.bytecode.proxy1.transferURLRequest(proxy1.java)
	at com.htdz.reg.dubbo.GatewaySerivceConsumer.transferURLRequest(GatewaySerivceConsumer.java:140)
	at com.htdz.reg.dubbo.RegServiceProvider.hanleHttpRequest(RegServiceProvider.java:36)
	at com.alibaba.dubbo.common.bytecode.Wrapper2.invokeMethod(Wrapper2.java)
	at com.alibaba.dubbo.rpc.proxy.javassist.JavassistProxyFactory$1.doInvoke(JavassistProxyFactory.java:45)
	at com.alibaba.dubbo.rpc.proxy.AbstractProxyInvoker.invoke(AbstractProxyInvoker.java:71)
	at com.alibaba.dubbo.config.invoker.DelegateProviderMetaDataInvoker.invoke(DelegateProviderMetaDataInvoker.java:48)
	at com.alibaba.dubbo.rpc.protocol.InvokerWrapper.invoke(InvokerWrapper.java:52)
	at com.alibaba.dubbo.rpc.filter.ExceptionFilter.invoke(ExceptionFilter.java:61)
	at com.alibaba.dubbo.rpc.protocol.ProtocolFilterWrapper$1.invoke(ProtocolFilterWrapper.java:68)
	at com.alibaba.dubbo.monitor.support.MonitorFilter.invoke(MonitorFilter.java:74)
	at com.alibaba.dubbo.rpc.protocol.ProtocolFilterWrapper$1.invoke(ProtocolFilterWrapper.java:68)
	at com.alibaba.dubbo.rpc.filter.TimeoutFilter.invoke(TimeoutFilter.java:41)
	at com.alibaba.dubbo.rpc.protocol.ProtocolFilterWrapper$1.invoke(ProtocolFilterWrapper.java:68)
	at com.alibaba.dubbo.rpc.protocol.dubbo.filter.TraceFilter.invoke(TraceFilter.java:77)
	at com.alibaba.dubbo.rpc.protocol.ProtocolFilterWrapper$1.invoke(ProtocolFilterWrapper.java:68)
	at com.alibaba.dubbo.rpc.filter.ContextFilter.invoke(ContextFilter.java:71)
	at com.alibaba.dubbo.rpc.protocol.ProtocolFilterWrapper$1.invoke(ProtocolFilterWrapper.java:68)
	at com.alibaba.dubbo.rpc.filter.GenericFilter.invoke(GenericFilter.java:131)
	at com.alibaba.dubbo.rpc.protocol.ProtocolFilterWrapper$1.invoke(ProtocolFilterWrapper.java:68)
	at com.alibaba.dubbo.rpc.filter.ClassLoaderFilter.invoke(ClassLoaderFilter.java:37)
	at com.alibaba.dubbo.rpc.protocol.ProtocolFilterWrapper$1.invoke(ProtocolFilterWrapper.java:68)
	at com.alibaba.dubbo.rpc.filter.EchoFilter.invoke(EchoFilter.java:37)
	at com.alibaba.dubbo.rpc.protocol.ProtocolFilterWrapper$1.invoke(ProtocolFilterWrapper.java:68)
	at com.alibaba.dubbo.rpc.protocol.dubbo.DubboProtocol$1.reply(DubboProtocol.java:98)
	at com.alibaba.dubbo.remoting.exchange.support.header.HeaderExchangeHandler.handleRequest(HeaderExchangeHandler.java:96)
	at com.alibaba.dubbo.remoting.exchange.support.header.HeaderExchangeHandler.received(HeaderExchangeHandler.java:168)
	at com.alibaba.dubbo.remoting.transport.DecodeHandler.received(DecodeHandler.java:50)
	at com.alibaba.dubbo.remoting.transport.dispatcher.ChannelEventRunnable.run(ChannelEventRunnable.java:79)
	at java.util.concurrent.ThreadPoolExecutor.runWorker(ThreadPoolExecutor.java:1149)
	at java.util.concurrent.ThreadPoolExecutor$Worker.run(ThreadPoolExecutor.java:624)
	at java.lang.Thread.run(Thread.java:748)
Caused by: com.alibaba.dubbo.remoting.RemotingException: message can not send, because channel is closed . url:dubbo://127.0.0.1:7010/com.htdz.def.interfaces.GatewaySerivce?application=htdz-reg&check=false&codec=dubbo&dubbo=2.6.0&heartbeat=60000&interface=com.htdz.def.interfaces.GatewaySerivce&methods=isDeviceOnline,transferURLRequest,pushMessageToDevice,closeDevice,deviceOnlineCount,transferDeviceRequest&pid=156232&register.ip=172.18.11.168&retries=3&revision=1.0.0&side=consumer&timeout=5000&timestamp=1530754182922&version=1.0.0
	at com.alibaba.dubbo.remoting.transport.AbstractClient.send(AbstractClient.java:254)
	at com.alibaba.dubbo.remoting.transport.AbstractPeer.send(AbstractPeer.java:52)
	at com.alibaba.dubbo.remoting.exchange.support.header.HeaderExchangeChannel.request(HeaderExchangeChannel.java:111)
	at com.alibaba.dubbo.remoting.exchange.support.header.HeaderExchangeClient.request(HeaderExchangeClient.java:86)
	at com.alibaba.dubbo.rpc.protocol.dubbo.ReferenceCountExchangeClient.request(ReferenceCountExchangeClient.java:77)
	at com.alibaba.dubbo.rpc.protocol.dubbo.DubboInvoker.doInvoke(DubboInvoker.java:95)
	... 41 common frames omitted
2018-07-05 13:57:39.015 [DubboServerHandler-172.18.11.168:7101-thread-3] DEBUG exception_log - Failed to invoke remote method: transferURLRequest, provider: dubbo://127.0.0.1:7010/com.htdz.def.interfaces.GatewaySerivce?application=htdz-reg&check=false&dubbo=2.6.0&interface=com.htdz.def.interfaces.GatewaySerivce&methods=isDeviceOnline,transferURLRequest,pushMessageToDevice,closeDevice,deviceOnlineCount,transferDeviceRequest&pid=191084&register.ip=172.18.11.168&retries=3&revision=1.0.0&side=consumer&timeout=5000&timestamp=1530770216436&version=1.0.0, cause: message can not send, because channel is closed . url:dubbo://127.0.0.1:7010/com.htdz.def.interfaces.GatewaySerivce?application=htdz-reg&check=false&codec=dubbo&dubbo=2.6.0&heartbeat=60000&interface=com.htdz.def.interfaces.GatewaySerivce&methods=isDeviceOnline,transferURLRequest,pushMessageToDevice,closeDevice,deviceOnlineCount,transferDeviceRequest&pid=191084&register.ip=172.18.11.168&retries=3&revision=1.0.0&side=consumer&timeout=5000&timestamp=1530770216436&version=1.0.0
com.alibaba.dubbo.rpc.RpcException: Failed to invoke remote method: transferURLRequest, provider: dubbo://127.0.0.1:7010/com.htdz.def.interfaces.GatewaySerivce?application=htdz-reg&check=false&dubbo=2.6.0&interface=com.htdz.def.interfaces.GatewaySerivce&methods=isDeviceOnline,transferURLRequest,pushMessageToDevice,closeDevice,deviceOnlineCount,transferDeviceRequest&pid=191084&register.ip=172.18.11.168&retries=3&revision=1.0.0&side=consumer&timeout=5000&timestamp=1530770216436&version=1.0.0, cause: message can not send, because channel is closed . url:dubbo://127.0.0.1:7010/com.htdz.def.interfaces.GatewaySerivce?application=htdz-reg&check=false&codec=dubbo&dubbo=2.6.0&heartbeat=60000&interface=com.htdz.def.interfaces.GatewaySerivce&methods=isDeviceOnline,transferURLRequest,pushMessageToDevice,closeDevice,deviceOnlineCount,transferDeviceRequest&pid=191084&register.ip=172.18.11.168&retries=3&revision=1.0.0&side=consumer&timeout=5000&timestamp=1530770216436&version=1.0.0
	at com.alibaba.dubbo.rpc.protocol.dubbo.DubboInvoker.doInvoke(DubboInvoker.java:100)
	at com.alibaba.dubbo.rpc.protocol.AbstractInvoker.invoke(AbstractInvoker.java:142)
	at com.alibaba.dubbo.rpc.listener.ListenerInvokerWrapper.invoke(ListenerInvokerWrapper.java:73)
	at com.alibaba.dubbo.monitor.support.MonitorFilter.invoke(MonitorFilter.java:74)
	at com.alibaba.dubbo.rpc.protocol.ProtocolFilterWrapper$1.invoke(ProtocolFilterWrapper.java:68)
	at com.alibaba.dubbo.rpc.protocol.dubbo.filter.FutureFilter.invoke(FutureFilter.java:53)
	at com.alibaba.dubbo.rpc.protocol.ProtocolFilterWrapper$1.invoke(ProtocolFilterWrapper.java:68)
	at com.alibaba.dubbo.rpc.filter.ConsumerContextFilter.invoke(ConsumerContextFilter.java:47)
	at com.alibaba.dubbo.rpc.protocol.ProtocolFilterWrapper$1.invoke(ProtocolFilterWrapper.java:68)
	at com.alibaba.dubbo.rpc.proxy.InvokerInvocationHandler.invoke(InvokerInvocationHandler.java:51)
	at com.alibaba.dubbo.common.bytecode.proxy1.transferURLRequest(proxy1.java)
	at com.htdz.reg.dubbo.GatewaySerivceConsumer.transferURLRequest(GatewaySerivceConsumer.java:140)
	at com.htdz.reg.dubbo.RegServiceProvider.hanleHttpRequest(RegServiceProvider.java:36)
	at com.alibaba.dubbo.common.bytecode.Wrapper2.invokeMethod(Wrapper2.java)
	at com.alibaba.dubbo.rpc.proxy.javassist.JavassistProxyFactory$1.doInvoke(JavassistProxyFactory.java:45)
	at com.alibaba.dubbo.rpc.proxy.AbstractProxyInvoker.invoke(AbstractProxyInvoker.java:71)
	at com.alibaba.dubbo.config.invoker.DelegateProviderMetaDataInvoker.invoke(DelegateProviderMetaDataInvoker.java:48)
	at com.alibaba.dubbo.rpc.protocol.InvokerWrapper.invoke(InvokerWrapper.java:52)
	at com.alibaba.dubbo.rpc.filter.ExceptionFilter.invoke(ExceptionFilter.java:61)
	at com.alibaba.dubbo.rpc.protocol.ProtocolFilterWrapper$1.invoke(ProtocolFilterWrapper.java:68)
	at com.alibaba.dubbo.monitor.support.MonitorFilter.invoke(MonitorFilter.java:74)
	at com.alibaba.dubbo.rpc.protocol.ProtocolFilterWrapper$1.invoke(ProtocolFilterWrapper.java:68)
	at com.alibaba.dubbo.rpc.filter.TimeoutFilter.invoke(TimeoutFilter.java:41)
	at com.alibaba.dubbo.rpc.protocol.ProtocolFilterWrapper$1.invoke(ProtocolFilterWrapper.java:68)
	at com.alibaba.dubbo.rpc.protocol.dubbo.filter.TraceFilter.invoke(TraceFilter.java:77)
	at com.alibaba.dubbo.rpc.protocol.ProtocolFilterWrapper$1.invoke(ProtocolFilterWrapper.java:68)
	at com.alibaba.dubbo.rpc.filter.ContextFilter.invoke(ContextFilter.java:71)
	at com.alibaba.dubbo.rpc.protocol.ProtocolFilterWrapper$1.invoke(ProtocolFilterWrapper.java:68)
	at com.alibaba.dubbo.rpc.filter.GenericFilter.invoke(GenericFilter.java:131)
	at com.alibaba.dubbo.rpc.protocol.ProtocolFilterWrapper$1.invoke(ProtocolFilterWrapper.java:68)
	at com.alibaba.dubbo.rpc.filter.ClassLoaderFilter.invoke(ClassLoaderFilter.java:37)
	at com.alibaba.dubbo.rpc.protocol.ProtocolFilterWrapper$1.invoke(ProtocolFilterWrapper.java:68)
	at com.alibaba.dubbo.rpc.filter.EchoFilter.invoke(EchoFilter.java:37)
	at com.alibaba.dubbo.rpc.protocol.ProtocolFilterWrapper$1.invoke(ProtocolFilterWrapper.java:68)
	at com.alibaba.dubbo.rpc.protocol.dubbo.DubboProtocol$1.reply(DubboProtocol.java:98)
	at com.alibaba.dubbo.remoting.exchange.support.header.HeaderExchangeHandler.handleRequest(HeaderExchangeHandler.java:96)
	at com.alibaba.dubbo.remoting.exchange.support.header.HeaderExchangeHandler.received(HeaderExchangeHandler.java:168)
	at com.alibaba.dubbo.remoting.transport.DecodeHandler.received(DecodeHandler.java:50)
	at com.alibaba.dubbo.remoting.transport.dispatcher.ChannelEventRunnable.run(ChannelEventRunnable.java:79)
	at java.util.concurrent.ThreadPoolExecutor.runWorker(ThreadPoolExecutor.java:1149)
	at java.util.concurrent.ThreadPoolExecutor$Worker.run(ThreadPoolExecutor.java:624)
	at java.lang.Thread.run(Thread.java:748)
Caused by: com.alibaba.dubbo.remoting.RemotingException: message can not send, because channel is closed . url:dubbo://127.0.0.1:7010/com.htdz.def.interfaces.GatewaySerivce?application=htdz-reg&check=false&codec=dubbo&dubbo=2.6.0&heartbeat=60000&interface=com.htdz.def.interfaces.GatewaySerivce&methods=isDeviceOnline,transferURLRequest,pushMessageToDevice,closeDevice,deviceOnlineCount,transferDeviceRequest&pid=191084&register.ip=172.18.11.168&retries=3&revision=1.0.0&side=consumer&timeout=5000&timestamp=1530770216436&version=1.0.0
	at com.alibaba.dubbo.remoting.transport.AbstractClient.send(AbstractClient.java:254)
	at com.alibaba.dubbo.remoting.transport.AbstractPeer.send(AbstractPeer.java:52)
	at com.alibaba.dubbo.remoting.exchange.support.header.HeaderExchangeChannel.request(HeaderExchangeChannel.java:111)
	at com.alibaba.dubbo.remoting.exchange.support.header.HeaderExchangeClient.request(HeaderExchangeClient.java:86)
	at com.alibaba.dubbo.rpc.protocol.dubbo.ReferenceCountExchangeClient.request(ReferenceCountExchangeClient.java:77)
	at com.alibaba.dubbo.rpc.protocol.dubbo.DubboInvoker.doInvoke(DubboInvoker.java:95)
	... 41 common frames omitted
2018-07-05 13:58:55.191 [DubboServerHandler-172.18.11.168:7101-thread-4] DEBUG exception_log - Failed to invoke remote method: transferURLRequest, provider: dubbo://127.0.0.1:7010/com.htdz.def.interfaces.GatewaySerivce?application=htdz-reg&check=false&dubbo=2.6.0&interface=com.htdz.def.interfaces.GatewaySerivce&methods=isDeviceOnline,transferURLRequest,pushMessageToDevice,closeDevice,deviceOnlineCount,transferDeviceRequest&pid=191084&register.ip=172.18.11.168&retries=3&revision=1.0.0&side=consumer&timeout=5000&timestamp=1530770216436&version=1.0.0, cause: message can not send, because channel is closed . url:dubbo://127.0.0.1:7010/com.htdz.def.interfaces.GatewaySerivce?application=htdz-reg&check=false&codec=dubbo&dubbo=2.6.0&heartbeat=60000&interface=com.htdz.def.interfaces.GatewaySerivce&methods=isDeviceOnline,transferURLRequest,pushMessageToDevice,closeDevice,deviceOnlineCount,transferDeviceRequest&pid=191084&register.ip=172.18.11.168&retries=3&revision=1.0.0&side=consumer&timeout=5000&timestamp=1530770216436&version=1.0.0
com.alibaba.dubbo.rpc.RpcException: Failed to invoke remote method: transferURLRequest, provider: dubbo://127.0.0.1:7010/com.htdz.def.interfaces.GatewaySerivce?application=htdz-reg&check=false&dubbo=2.6.0&interface=com.htdz.def.interfaces.GatewaySerivce&methods=isDeviceOnline,transferURLRequest,pushMessageToDevice,closeDevice,deviceOnlineCount,transferDeviceRequest&pid=191084&register.ip=172.18.11.168&retries=3&revision=1.0.0&side=consumer&timeout=5000&timestamp=1530770216436&version=1.0.0, cause: message can not send, because channel is closed . url:dubbo://127.0.0.1:7010/com.htdz.def.interfaces.GatewaySerivce?application=htdz-reg&check=false&codec=dubbo&dubbo=2.6.0&heartbeat=60000&interface=com.htdz.def.interfaces.GatewaySerivce&methods=isDeviceOnline,transferURLRequest,pushMessageToDevice,closeDevice,deviceOnlineCount,transferDeviceRequest&pid=191084&register.ip=172.18.11.168&retries=3&revision=1.0.0&side=consumer&timeout=5000&timestamp=1530770216436&version=1.0.0
	at com.alibaba.dubbo.rpc.protocol.dubbo.DubboInvoker.doInvoke(DubboInvoker.java:100)
	at com.alibaba.dubbo.rpc.protocol.AbstractInvoker.invoke(AbstractInvoker.java:142)
	at com.alibaba.dubbo.rpc.listener.ListenerInvokerWrapper.invoke(ListenerInvokerWrapper.java:73)
	at com.alibaba.dubbo.monitor.support.MonitorFilter.invoke(MonitorFilter.java:74)
	at com.alibaba.dubbo.rpc.protocol.ProtocolFilterWrapper$1.invoke(ProtocolFilterWrapper.java:68)
	at com.alibaba.dubbo.rpc.protocol.dubbo.filter.FutureFilter.invoke(FutureFilter.java:53)
	at com.alibaba.dubbo.rpc.protocol.ProtocolFilterWrapper$1.invoke(ProtocolFilterWrapper.java:68)
	at com.alibaba.dubbo.rpc.filter.ConsumerContextFilter.invoke(ConsumerContextFilter.java:47)
	at com.alibaba.dubbo.rpc.protocol.ProtocolFilterWrapper$1.invoke(ProtocolFilterWrapper.java:68)
	at com.alibaba.dubbo.rpc.proxy.InvokerInvocationHandler.invoke(InvokerInvocationHandler.java:51)
	at com.alibaba.dubbo.common.bytecode.proxy1.transferURLRequest(proxy1.java)
	at com.htdz.reg.dubbo.GatewaySerivceConsumer.transferURLRequest(GatewaySerivceConsumer.java:140)
	at com.htdz.reg.dubbo.RegServiceProvider.hanleHttpRequest(RegServiceProvider.java:36)
	at com.alibaba.dubbo.common.bytecode.Wrapper2.invokeMethod(Wrapper2.java)
	at com.alibaba.dubbo.rpc.proxy.javassist.JavassistProxyFactory$1.doInvoke(JavassistProxyFactory.java:45)
	at com.alibaba.dubbo.rpc.proxy.AbstractProxyInvoker.invoke(AbstractProxyInvoker.java:71)
	at com.alibaba.dubbo.config.invoker.DelegateProviderMetaDataInvoker.invoke(DelegateProviderMetaDataInvoker.java:48)
	at com.alibaba.dubbo.rpc.protocol.InvokerWrapper.invoke(InvokerWrapper.java:52)
	at com.alibaba.dubbo.rpc.filter.ExceptionFilter.invoke(ExceptionFilter.java:61)
	at com.alibaba.dubbo.rpc.protocol.ProtocolFilterWrapper$1.invoke(ProtocolFilterWrapper.java:68)
	at com.alibaba.dubbo.monitor.support.MonitorFilter.invoke(MonitorFilter.java:74)
	at com.alibaba.dubbo.rpc.protocol.ProtocolFilterWrapper$1.invoke(ProtocolFilterWrapper.java:68)
	at com.alibaba.dubbo.rpc.filter.TimeoutFilter.invoke(TimeoutFilter.java:41)
	at com.alibaba.dubbo.rpc.protocol.ProtocolFilterWrapper$1.invoke(ProtocolFilterWrapper.java:68)
	at com.alibaba.dubbo.rpc.protocol.dubbo.filter.TraceFilter.invoke(TraceFilter.java:77)
	at com.alibaba.dubbo.rpc.protocol.ProtocolFilterWrapper$1.invoke(ProtocolFilterWrapper.java:68)
	at com.alibaba.dubbo.rpc.filter.ContextFilter.invoke(ContextFilter.java:71)
	at com.alibaba.dubbo.rpc.protocol.ProtocolFilterWrapper$1.invoke(ProtocolFilterWrapper.java:68)
	at com.alibaba.dubbo.rpc.filter.GenericFilter.invoke(GenericFilter.java:131)
	at com.alibaba.dubbo.rpc.protocol.ProtocolFilterWrapper$1.invoke(ProtocolFilterWrapper.java:68)
	at com.alibaba.dubbo.rpc.filter.ClassLoaderFilter.invoke(ClassLoaderFilter.java:37)
	at com.alibaba.dubbo.rpc.protocol.ProtocolFilterWrapper$1.invoke(ProtocolFilterWrapper.java:68)
	at com.alibaba.dubbo.rpc.filter.EchoFilter.invoke(EchoFilter.java:37)
	at com.alibaba.dubbo.rpc.protocol.ProtocolFilterWrapper$1.invoke(ProtocolFilterWrapper.java:68)
	at com.alibaba.dubbo.rpc.protocol.dubbo.DubboProtocol$1.reply(DubboProtocol.java:98)
	at com.alibaba.dubbo.remoting.exchange.support.header.HeaderExchangeHandler.handleRequest(HeaderExchangeHandler.java:96)
	at com.alibaba.dubbo.remoting.exchange.support.header.HeaderExchangeHandler.received(HeaderExchangeHandler.java:168)
	at com.alibaba.dubbo.remoting.transport.DecodeHandler.received(DecodeHandler.java:50)
	at com.alibaba.dubbo.remoting.transport.dispatcher.ChannelEventRunnable.run(ChannelEventRunnable.java:79)
	at java.util.concurrent.ThreadPoolExecutor.runWorker(ThreadPoolExecutor.java:1149)
	at java.util.concurrent.ThreadPoolExecutor$Worker.run(ThreadPoolExecutor.java:624)
	at java.lang.Thread.run(Thread.java:748)
Caused by: com.alibaba.dubbo.remoting.RemotingException: message can not send, because channel is closed . url:dubbo://127.0.0.1:7010/com.htdz.def.interfaces.GatewaySerivce?application=htdz-reg&check=false&codec=dubbo&dubbo=2.6.0&heartbeat=60000&interface=com.htdz.def.interfaces.GatewaySerivce&methods=isDeviceOnline,transferURLRequest,pushMessageToDevice,closeDevice,deviceOnlineCount,transferDeviceRequest&pid=191084&register.ip=172.18.11.168&retries=3&revision=1.0.0&side=consumer&timeout=5000&timestamp=1530770216436&version=1.0.0
	at com.alibaba.dubbo.remoting.transport.AbstractClient.send(AbstractClient.java:254)
	at com.alibaba.dubbo.remoting.transport.AbstractPeer.send(AbstractPeer.java:52)
	at com.alibaba.dubbo.remoting.exchange.support.header.HeaderExchangeChannel.request(HeaderExchangeChannel.java:111)
	at com.alibaba.dubbo.remoting.exchange.support.header.HeaderExchangeClient.request(HeaderExchangeClient.java:86)
	at com.alibaba.dubbo.rpc.protocol.dubbo.ReferenceCountExchangeClient.request(ReferenceCountExchangeClient.java:77)
	at com.alibaba.dubbo.rpc.protocol.dubbo.DubboInvoker.doInvoke(DubboInvoker.java:95)
	... 41 common frames omitted
2018-07-05 14:34:26.104 [DubboServerHandler-172.18.11.168:7101-thread-3] DEBUG exception_log - Failed to invoke remote method: transferURLRequest, provider: dubbo://127.0.0.1:7010/com.htdz.def.interfaces.GatewaySerivce?application=htdz-reg&check=false&dubbo=2.6.0&interface=com.htdz.def.interfaces.GatewaySerivce&methods=isDeviceOnline,transferURLRequest,pushMessageToDevice,closeDevice,deviceOnlineCount,transferDeviceRequest&pid=195020&register.ip=172.18.11.168&retries=3&revision=1.0.0&side=consumer&timeout=5000&timestamp=1530772380988&version=1.0.0, cause: message can not send, because channel is closed . url:dubbo://127.0.0.1:7010/com.htdz.def.interfaces.GatewaySerivce?application=htdz-reg&check=false&codec=dubbo&dubbo=2.6.0&heartbeat=60000&interface=com.htdz.def.interfaces.GatewaySerivce&methods=isDeviceOnline,transferURLRequest,pushMessageToDevice,closeDevice,deviceOnlineCount,transferDeviceRequest&pid=195020&register.ip=172.18.11.168&retries=3&revision=1.0.0&side=consumer&timeout=5000&timestamp=1530772380988&version=1.0.0
com.alibaba.dubbo.rpc.RpcException: Failed to invoke remote method: transferURLRequest, provider: dubbo://127.0.0.1:7010/com.htdz.def.interfaces.GatewaySerivce?application=htdz-reg&check=false&dubbo=2.6.0&interface=com.htdz.def.interfaces.GatewaySerivce&methods=isDeviceOnline,transferURLRequest,pushMessageToDevice,closeDevice,deviceOnlineCount,transferDeviceRequest&pid=195020&register.ip=172.18.11.168&retries=3&revision=1.0.0&side=consumer&timeout=5000&timestamp=1530772380988&version=1.0.0, cause: message can not send, because channel is closed . url:dubbo://127.0.0.1:7010/com.htdz.def.interfaces.GatewaySerivce?application=htdz-reg&check=false&codec=dubbo&dubbo=2.6.0&heartbeat=60000&interface=com.htdz.def.interfaces.GatewaySerivce&methods=isDeviceOnline,transferURLRequest,pushMessageToDevice,closeDevice,deviceOnlineCount,transferDeviceRequest&pid=195020&register.ip=172.18.11.168&retries=3&revision=1.0.0&side=consumer&timeout=5000&timestamp=1530772380988&version=1.0.0
	at com.alibaba.dubbo.rpc.protocol.dubbo.DubboInvoker.doInvoke(DubboInvoker.java:100)
	at com.alibaba.dubbo.rpc.protocol.AbstractInvoker.invoke(AbstractInvoker.java:142)
	at com.alibaba.dubbo.rpc.listener.ListenerInvokerWrapper.invoke(ListenerInvokerWrapper.java:73)
	at com.alibaba.dubbo.monitor.support.MonitorFilter.invoke(MonitorFilter.java:74)
	at com.alibaba.dubbo.rpc.protocol.ProtocolFilterWrapper$1.invoke(ProtocolFilterWrapper.java:68)
	at com.alibaba.dubbo.rpc.protocol.dubbo.filter.FutureFilter.invoke(FutureFilter.java:53)
	at com.alibaba.dubbo.rpc.protocol.ProtocolFilterWrapper$1.invoke(ProtocolFilterWrapper.java:68)
	at com.alibaba.dubbo.rpc.filter.ConsumerContextFilter.invoke(ConsumerContextFilter.java:47)
	at com.alibaba.dubbo.rpc.protocol.ProtocolFilterWrapper$1.invoke(ProtocolFilterWrapper.java:68)
	at com.alibaba.dubbo.rpc.proxy.InvokerInvocationHandler.invoke(InvokerInvocationHandler.java:51)
	at com.alibaba.dubbo.common.bytecode.proxy1.transferURLRequest(proxy1.java)
	at com.htdz.reg.dubbo.GatewaySerivceConsumer.transferURLRequest(GatewaySerivceConsumer.java:140)
	at com.htdz.reg.dubbo.RegServiceProvider.hanleHttpRequest(RegServiceProvider.java:36)
	at com.alibaba.dubbo.common.bytecode.Wrapper2.invokeMethod(Wrapper2.java)
	at com.alibaba.dubbo.rpc.proxy.javassist.JavassistProxyFactory$1.doInvoke(JavassistProxyFactory.java:45)
	at com.alibaba.dubbo.rpc.proxy.AbstractProxyInvoker.invoke(AbstractProxyInvoker.java:71)
	at com.alibaba.dubbo.config.invoker.DelegateProviderMetaDataInvoker.invoke(DelegateProviderMetaDataInvoker.java:48)
	at com.alibaba.dubbo.rpc.protocol.InvokerWrapper.invoke(InvokerWrapper.java:52)
	at com.alibaba.dubbo.rpc.filter.ExceptionFilter.invoke(ExceptionFilter.java:61)
	at com.alibaba.dubbo.rpc.protocol.ProtocolFilterWrapper$1.invoke(ProtocolFilterWrapper.java:68)
	at com.alibaba.dubbo.monitor.support.MonitorFilter.invoke(MonitorFilter.java:74)
	at com.alibaba.dubbo.rpc.protocol.ProtocolFilterWrapper$1.invoke(ProtocolFilterWrapper.java:68)
	at com.alibaba.dubbo.rpc.filter.TimeoutFilter.invoke(TimeoutFilter.java:41)
	at com.alibaba.dubbo.rpc.protocol.ProtocolFilterWrapper$1.invoke(ProtocolFilterWrapper.java:68)
	at com.alibaba.dubbo.rpc.protocol.dubbo.filter.TraceFilter.invoke(TraceFilter.java:77)
	at com.alibaba.dubbo.rpc.protocol.ProtocolFilterWrapper$1.invoke(ProtocolFilterWrapper.java:68)
	at com.alibaba.dubbo.rpc.filter.ContextFilter.invoke(ContextFilter.java:71)
	at com.alibaba.dubbo.rpc.protocol.ProtocolFilterWrapper$1.invoke(ProtocolFilterWrapper.java:68)
	at com.alibaba.dubbo.rpc.filter.GenericFilter.invoke(GenericFilter.java:131)
	at com.alibaba.dubbo.rpc.protocol.ProtocolFilterWrapper$1.invoke(ProtocolFilterWrapper.java:68)
	at com.alibaba.dubbo.rpc.filter.ClassLoaderFilter.invoke(ClassLoaderFilter.java:37)
	at com.alibaba.dubbo.rpc.protocol.ProtocolFilterWrapper$1.invoke(ProtocolFilterWrapper.java:68)
	at com.alibaba.dubbo.rpc.filter.EchoFilter.invoke(EchoFilter.java:37)
	at com.alibaba.dubbo.rpc.protocol.ProtocolFilterWrapper$1.invoke(ProtocolFilterWrapper.java:68)
	at com.alibaba.dubbo.rpc.protocol.dubbo.DubboProtocol$1.reply(DubboProtocol.java:98)
	at com.alibaba.dubbo.remoting.exchange.support.header.HeaderExchangeHandler.handleRequest(HeaderExchangeHandler.java:96)
	at com.alibaba.dubbo.remoting.exchange.support.header.HeaderExchangeHandler.received(HeaderExchangeHandler.java:168)
	at com.alibaba.dubbo.remoting.transport.DecodeHandler.received(DecodeHandler.java:50)
	at com.alibaba.dubbo.remoting.transport.dispatcher.ChannelEventRunnable.run(ChannelEventRunnable.java:79)
	at java.util.concurrent.ThreadPoolExecutor.runWorker(ThreadPoolExecutor.java:1149)
	at java.util.concurrent.ThreadPoolExecutor$Worker.run(ThreadPoolExecutor.java:624)
	at java.lang.Thread.run(Thread.java:748)
Caused by: com.alibaba.dubbo.remoting.RemotingException: message can not send, because channel is closed . url:dubbo://127.0.0.1:7010/com.htdz.def.interfaces.GatewaySerivce?application=htdz-reg&check=false&codec=dubbo&dubbo=2.6.0&heartbeat=60000&interface=com.htdz.def.interfaces.GatewaySerivce&methods=isDeviceOnline,transferURLRequest,pushMessageToDevice,closeDevice,deviceOnlineCount,transferDeviceRequest&pid=195020&register.ip=172.18.11.168&retries=3&revision=1.0.0&side=consumer&timeout=5000&timestamp=1530772380988&version=1.0.0
	at com.alibaba.dubbo.remoting.transport.AbstractClient.send(AbstractClient.java:254)
	at com.alibaba.dubbo.remoting.transport.AbstractPeer.send(AbstractPeer.java:52)
	at com.alibaba.dubbo.remoting.exchange.support.header.HeaderExchangeChannel.request(HeaderExchangeChannel.java:111)
	at com.alibaba.dubbo.remoting.exchange.support.header.HeaderExchangeClient.request(HeaderExchangeClient.java:86)
	at com.alibaba.dubbo.rpc.protocol.dubbo.ReferenceCountExchangeClient.request(ReferenceCountExchangeClient.java:77)
	at com.alibaba.dubbo.rpc.protocol.dubbo.DubboInvoker.doInvoke(DubboInvoker.java:95)
	... 41 common frames omitted
2018-07-05 14:43:04.667 [DubboServerHandler-172.18.11.168:7101-thread-3] DEBUG exception_log - Failed to invoke remote method: transferURLRequest, provider: dubbo://127.0.0.1:7010/com.htdz.def.interfaces.GatewaySerivce?application=htdz-reg&check=false&dubbo=2.6.0&interface=com.htdz.def.interfaces.GatewaySerivce&methods=isDeviceOnline,transferURLRequest,pushMessageToDevice,closeDevice,deviceOnlineCount,transferDeviceRequest&pid=196096&register.ip=172.18.11.168&retries=3&revision=1.0.0&side=consumer&timeout=5000&timestamp=1530772980686&version=1.0.0, cause: message can not send, because channel is closed . url:dubbo://127.0.0.1:7010/com.htdz.def.interfaces.GatewaySerivce?application=htdz-reg&check=false&codec=dubbo&dubbo=2.6.0&heartbeat=60000&interface=com.htdz.def.interfaces.GatewaySerivce&methods=isDeviceOnline,transferURLRequest,pushMessageToDevice,closeDevice,deviceOnlineCount,transferDeviceRequest&pid=196096&register.ip=172.18.11.168&retries=3&revision=1.0.0&side=consumer&timeout=5000&timestamp=1530772980686&version=1.0.0
com.alibaba.dubbo.rpc.RpcException: Failed to invoke remote method: transferURLRequest, provider: dubbo://127.0.0.1:7010/com.htdz.def.interfaces.GatewaySerivce?application=htdz-reg&check=false&dubbo=2.6.0&interface=com.htdz.def.interfaces.GatewaySerivce&methods=isDeviceOnline,transferURLRequest,pushMessageToDevice,closeDevice,deviceOnlineCount,transferDeviceRequest&pid=196096&register.ip=172.18.11.168&retries=3&revision=1.0.0&side=consumer&timeout=5000&timestamp=1530772980686&version=1.0.0, cause: message can not send, because channel is closed . url:dubbo://127.0.0.1:7010/com.htdz.def.interfaces.GatewaySerivce?application=htdz-reg&check=false&codec=dubbo&dubbo=2.6.0&heartbeat=60000&interface=com.htdz.def.interfaces.GatewaySerivce&methods=isDeviceOnline,transferURLRequest,pushMessageToDevice,closeDevice,deviceOnlineCount,transferDeviceRequest&pid=196096&register.ip=172.18.11.168&retries=3&revision=1.0.0&side=consumer&timeout=5000&timestamp=1530772980686&version=1.0.0
	at com.alibaba.dubbo.rpc.protocol.dubbo.DubboInvoker.doInvoke(DubboInvoker.java:100)
	at com.alibaba.dubbo.rpc.protocol.AbstractInvoker.invoke(AbstractInvoker.java:142)
	at com.alibaba.dubbo.monitor.support.MonitorFilter.invoke(MonitorFilter.java:74)
	at com.alibaba.dubbo.rpc.protocol.ProtocolFilterWrapper$1.invoke(ProtocolFilterWrapper.java:68)
	at com.alibaba.dubbo.rpc.protocol.dubbo.filter.FutureFilter.invoke(FutureFilter.java:53)
	at com.alibaba.dubbo.rpc.protocol.ProtocolFilterWrapper$1.invoke(ProtocolFilterWrapper.java:68)
	at com.alibaba.dubbo.rpc.filter.ConsumerContextFilter.invoke(ConsumerContextFilter.java:47)
	at com.alibaba.dubbo.rpc.protocol.ProtocolFilterWrapper$1.invoke(ProtocolFilterWrapper.java:68)
	at com.alibaba.dubbo.rpc.listener.ListenerInvokerWrapper.invoke(ListenerInvokerWrapper.java:73)
	at com.alibaba.dubbo.rpc.proxy.InvokerInvocationHandler.invoke(InvokerInvocationHandler.java:51)
	at com.alibaba.dubbo.common.bytecode.proxy1.transferURLRequest(proxy1.java)
	at com.htdz.reg.dubbo.GatewaySerivceConsumer.transferURLRequest(GatewaySerivceConsumer.java:140)
	at com.htdz.reg.dubbo.RegServiceProvider.hanleHttpRequest(RegServiceProvider.java:41)
	at com.alibaba.dubbo.common.bytecode.Wrapper2.invokeMethod(Wrapper2.java)
	at com.alibaba.dubbo.rpc.proxy.javassist.JavassistProxyFactory$1.doInvoke(JavassistProxyFactory.java:45)
	at com.alibaba.dubbo.rpc.proxy.AbstractProxyInvoker.invoke(AbstractProxyInvoker.java:71)
	at com.alibaba.dubbo.config.invoker.DelegateProviderMetaDataInvoker.invoke(DelegateProviderMetaDataInvoker.java:48)
	at com.alibaba.dubbo.rpc.protocol.InvokerWrapper.invoke(InvokerWrapper.java:52)
	at com.alibaba.dubbo.rpc.filter.ExceptionFilter.invoke(ExceptionFilter.java:61)
	at com.alibaba.dubbo.rpc.protocol.ProtocolFilterWrapper$1.invoke(ProtocolFilterWrapper.java:68)
	at com.alibaba.dubbo.monitor.support.MonitorFilter.invoke(MonitorFilter.java:74)
	at com.alibaba.dubbo.rpc.protocol.ProtocolFilterWrapper$1.invoke(ProtocolFilterWrapper.java:68)
	at com.alibaba.dubbo.rpc.filter.TimeoutFilter.invoke(TimeoutFilter.java:41)
	at com.alibaba.dubbo.rpc.protocol.ProtocolFilterWrapper$1.invoke(ProtocolFilterWrapper.java:68)
	at com.alibaba.dubbo.rpc.protocol.dubbo.filter.TraceFilter.invoke(TraceFilter.java:77)
	at com.alibaba.dubbo.rpc.protocol.ProtocolFilterWrapper$1.invoke(ProtocolFilterWrapper.java:68)
	at com.alibaba.dubbo.rpc.filter.ContextFilter.invoke(ContextFilter.java:71)
	at com.alibaba.dubbo.rpc.protocol.ProtocolFilterWrapper$1.invoke(ProtocolFilterWrapper.java:68)
	at com.alibaba.dubbo.rpc.filter.GenericFilter.invoke(GenericFilter.java:131)
	at com.alibaba.dubbo.rpc.protocol.ProtocolFilterWrapper$1.invoke(ProtocolFilterWrapper.java:68)
	at com.alibaba.dubbo.rpc.filter.ClassLoaderFilter.invoke(ClassLoaderFilter.java:37)
	at com.alibaba.dubbo.rpc.protocol.ProtocolFilterWrapper$1.invoke(ProtocolFilterWrapper.java:68)
	at com.alibaba.dubbo.rpc.filter.EchoFilter.invoke(EchoFilter.java:37)
	at com.alibaba.dubbo.rpc.protocol.ProtocolFilterWrapper$1.invoke(ProtocolFilterWrapper.java:68)
	at com.alibaba.dubbo.rpc.protocol.dubbo.DubboProtocol$1.reply(DubboProtocol.java:98)
	at com.alibaba.dubbo.remoting.exchange.support.header.HeaderExchangeHandler.handleRequest(HeaderExchangeHandler.java:96)
	at com.alibaba.dubbo.remoting.exchange.support.header.HeaderExchangeHandler.received(HeaderExchangeHandler.java:168)
	at com.alibaba.dubbo.remoting.transport.DecodeHandler.received(DecodeHandler.java:50)
	at com.alibaba.dubbo.remoting.transport.dispatcher.ChannelEventRunnable.run(ChannelEventRunnable.java:79)
	at java.util.concurrent.ThreadPoolExecutor.runWorker(ThreadPoolExecutor.java:1149)
	at java.util.concurrent.ThreadPoolExecutor$Worker.run(ThreadPoolExecutor.java:624)
	at java.lang.Thread.run(Thread.java:748)
Caused by: com.alibaba.dubbo.remoting.RemotingException: message can not send, because channel is closed . url:dubbo://127.0.0.1:7010/com.htdz.def.interfaces.GatewaySerivce?application=htdz-reg&check=false&codec=dubbo&dubbo=2.6.0&heartbeat=60000&interface=com.htdz.def.interfaces.GatewaySerivce&methods=isDeviceOnline,transferURLRequest,pushMessageToDevice,closeDevice,deviceOnlineCount,transferDeviceRequest&pid=196096&register.ip=172.18.11.168&retries=3&revision=1.0.0&side=consumer&timeout=5000&timestamp=1530772980686&version=1.0.0
	at com.alibaba.dubbo.remoting.transport.AbstractClient.send(AbstractClient.java:254)
	at com.alibaba.dubbo.remoting.transport.AbstractPeer.send(AbstractPeer.java:52)
	at com.alibaba.dubbo.remoting.exchange.support.header.HeaderExchangeChannel.request(HeaderExchangeChannel.java:111)
	at com.alibaba.dubbo.remoting.exchange.support.header.HeaderExchangeClient.request(HeaderExchangeClient.java:86)
	at com.alibaba.dubbo.rpc.protocol.dubbo.ReferenceCountExchangeClient.request(ReferenceCountExchangeClient.java:77)
	at com.alibaba.dubbo.rpc.protocol.dubbo.DubboInvoker.doInvoke(DubboInvoker.java:95)
	... 41 common frames omitted
2018-07-05 14:43:51.875 [DubboServerHandler-172.18.11.168:7101-thread-4] DEBUG exception_log - Failed to invoke remote method: transferURLRequest, provider: dubbo://127.0.0.1:7010/com.htdz.def.interfaces.GatewaySerivce?application=htdz-reg&check=false&dubbo=2.6.0&interface=com.htdz.def.interfaces.GatewaySerivce&methods=isDeviceOnline,transferURLRequest,pushMessageToDevice,closeDevice,deviceOnlineCount,transferDeviceRequest&pid=196096&register.ip=172.18.11.168&retries=3&revision=1.0.0&side=consumer&timeout=5000&timestamp=1530772980686&version=1.0.0, cause: message can not send, because channel is closed . url:dubbo://127.0.0.1:7010/com.htdz.def.interfaces.GatewaySerivce?application=htdz-reg&check=false&codec=dubbo&dubbo=2.6.0&heartbeat=60000&interface=com.htdz.def.interfaces.GatewaySerivce&methods=isDeviceOnline,transferURLRequest,pushMessageToDevice,closeDevice,deviceOnlineCount,transferDeviceRequest&pid=196096&register.ip=172.18.11.168&retries=3&revision=1.0.0&side=consumer&timeout=5000&timestamp=1530772980686&version=1.0.0
com.alibaba.dubbo.rpc.RpcException: Failed to invoke remote method: transferURLRequest, provider: dubbo://127.0.0.1:7010/com.htdz.def.interfaces.GatewaySerivce?application=htdz-reg&check=false&dubbo=2.6.0&interface=com.htdz.def.interfaces.GatewaySerivce&methods=isDeviceOnline,transferURLRequest,pushMessageToDevice,closeDevice,deviceOnlineCount,transferDeviceRequest&pid=196096&register.ip=172.18.11.168&retries=3&revision=1.0.0&side=consumer&timeout=5000&timestamp=1530772980686&version=1.0.0, cause: message can not send, because channel is closed . url:dubbo://127.0.0.1:7010/com.htdz.def.interfaces.GatewaySerivce?application=htdz-reg&check=false&codec=dubbo&dubbo=2.6.0&heartbeat=60000&interface=com.htdz.def.interfaces.GatewaySerivce&methods=isDeviceOnline,transferURLRequest,pushMessageToDevice,closeDevice,deviceOnlineCount,transferDeviceRequest&pid=196096&register.ip=172.18.11.168&retries=3&revision=1.0.0&side=consumer&timeout=5000&timestamp=1530772980686&version=1.0.0
	at com.alibaba.dubbo.rpc.protocol.dubbo.DubboInvoker.doInvoke(DubboInvoker.java:100)
	at com.alibaba.dubbo.rpc.protocol.AbstractInvoker.invoke(AbstractInvoker.java:142)
	at com.alibaba.dubbo.monitor.support.MonitorFilter.invoke(MonitorFilter.java:74)
	at com.alibaba.dubbo.rpc.protocol.ProtocolFilterWrapper$1.invoke(ProtocolFilterWrapper.java:68)
	at com.alibaba.dubbo.rpc.protocol.dubbo.filter.FutureFilter.invoke(FutureFilter.java:53)
	at com.alibaba.dubbo.rpc.protocol.ProtocolFilterWrapper$1.invoke(ProtocolFilterWrapper.java:68)
	at com.alibaba.dubbo.rpc.filter.ConsumerContextFilter.invoke(ConsumerContextFilter.java:47)
	at com.alibaba.dubbo.rpc.protocol.ProtocolFilterWrapper$1.invoke(ProtocolFilterWrapper.java:68)
	at com.alibaba.dubbo.rpc.listener.ListenerInvokerWrapper.invoke(ListenerInvokerWrapper.java:73)
	at com.alibaba.dubbo.rpc.proxy.InvokerInvocationHandler.invoke(InvokerInvocationHandler.java:51)
	at com.alibaba.dubbo.common.bytecode.proxy1.transferURLRequest(proxy1.java)
	at com.htdz.reg.dubbo.GatewaySerivceConsumer.transferURLRequest(GatewaySerivceConsumer.java:140)
	at com.htdz.reg.dubbo.RegServiceProvider.hanleHttpRequest(RegServiceProvider.java:41)
	at com.alibaba.dubbo.common.bytecode.Wrapper2.invokeMethod(Wrapper2.java)
	at com.alibaba.dubbo.rpc.proxy.javassist.JavassistProxyFactory$1.doInvoke(JavassistProxyFactory.java:45)
	at com.alibaba.dubbo.rpc.proxy.AbstractProxyInvoker.invoke(AbstractProxyInvoker.java:71)
	at com.alibaba.dubbo.config.invoker.DelegateProviderMetaDataInvoker.invoke(DelegateProviderMetaDataInvoker.java:48)
	at com.alibaba.dubbo.rpc.protocol.InvokerWrapper.invoke(InvokerWrapper.java:52)
	at com.alibaba.dubbo.rpc.filter.ExceptionFilter.invoke(ExceptionFilter.java:61)
	at com.alibaba.dubbo.rpc.protocol.ProtocolFilterWrapper$1.invoke(ProtocolFilterWrapper.java:68)
	at com.alibaba.dubbo.monitor.support.MonitorFilter.invoke(MonitorFilter.java:74)
	at com.alibaba.dubbo.rpc.protocol.ProtocolFilterWrapper$1.invoke(ProtocolFilterWrapper.java:68)
	at com.alibaba.dubbo.rpc.filter.TimeoutFilter.invoke(TimeoutFilter.java:41)
	at com.alibaba.dubbo.rpc.protocol.ProtocolFilterWrapper$1.invoke(ProtocolFilterWrapper.java:68)
	at com.alibaba.dubbo.rpc.protocol.dubbo.filter.TraceFilter.invoke(TraceFilter.java:77)
	at com.alibaba.dubbo.rpc.protocol.ProtocolFilterWrapper$1.invoke(ProtocolFilterWrapper.java:68)
	at com.alibaba.dubbo.rpc.filter.ContextFilter.invoke(ContextFilter.java:71)
	at com.alibaba.dubbo.rpc.protocol.ProtocolFilterWrapper$1.invoke(ProtocolFilterWrapper.java:68)
	at com.alibaba.dubbo.rpc.filter.GenericFilter.invoke(GenericFilter.java:131)
	at com.alibaba.dubbo.rpc.protocol.ProtocolFilterWrapper$1.invoke(ProtocolFilterWrapper.java:68)
	at com.alibaba.dubbo.rpc.filter.ClassLoaderFilter.invoke(ClassLoaderFilter.java:37)
	at com.alibaba.dubbo.rpc.protocol.ProtocolFilterWrapper$1.invoke(ProtocolFilterWrapper.java:68)
	at com.alibaba.dubbo.rpc.filter.EchoFilter.invoke(EchoFilter.java:37)
	at com.alibaba.dubbo.rpc.protocol.ProtocolFilterWrapper$1.invoke(ProtocolFilterWrapper.java:68)
	at com.alibaba.dubbo.rpc.protocol.dubbo.DubboProtocol$1.reply(DubboProtocol.java:98)
	at com.alibaba.dubbo.remoting.exchange.support.header.HeaderExchangeHandler.handleRequest(HeaderExchangeHandler.java:96)
	at com.alibaba.dubbo.remoting.exchange.support.header.HeaderExchangeHandler.received(HeaderExchangeHandler.java:168)
	at com.alibaba.dubbo.remoting.transport.DecodeHandler.received(DecodeHandler.java:50)
	at com.alibaba.dubbo.remoting.transport.dispatcher.ChannelEventRunnable.run(ChannelEventRunnable.java:79)
	at java.util.concurrent.ThreadPoolExecutor.runWorker(ThreadPoolExecutor.java:1149)
	at java.util.concurrent.ThreadPoolExecutor$Worker.run(ThreadPoolExecutor.java:624)
	at java.lang.Thread.run(Thread.java:748)
Caused by: com.alibaba.dubbo.remoting.RemotingException: message can not send, because channel is closed . url:dubbo://127.0.0.1:7010/com.htdz.def.interfaces.GatewaySerivce?application=htdz-reg&check=false&codec=dubbo&dubbo=2.6.0&heartbeat=60000&interface=com.htdz.def.interfaces.GatewaySerivce&methods=isDeviceOnline,transferURLRequest,pushMessageToDevice,closeDevice,deviceOnlineCount,transferDeviceRequest&pid=196096&register.ip=172.18.11.168&retries=3&revision=1.0.0&side=consumer&timeout=5000&timestamp=1530772980686&version=1.0.0
	at com.alibaba.dubbo.remoting.transport.AbstractClient.send(AbstractClient.java:254)
	at com.alibaba.dubbo.remoting.transport.AbstractPeer.send(AbstractPeer.java:52)
	at com.alibaba.dubbo.remoting.exchange.support.header.HeaderExchangeChannel.request(HeaderExchangeChannel.java:111)
	at com.alibaba.dubbo.remoting.exchange.support.header.HeaderExchangeClient.request(HeaderExchangeClient.java:86)
	at com.alibaba.dubbo.rpc.protocol.dubbo.ReferenceCountExchangeClient.request(ReferenceCountExchangeClient.java:77)
	at com.alibaba.dubbo.rpc.protocol.dubbo.DubboInvoker.doInvoke(DubboInvoker.java:95)
	... 41 common frames omitted
